GROUP,PACKAGE,CLASS,INSTRUCTION_MISSED,INSTRUCTION_COVERED,BRANCH_MISSED,BRANCH_COVERED,LINE_MISSED,LINE_COVERED,COMPLEXITY_MISSED,COMPLEXITY_COVERED,METHOD_MISSED,METHOD_COVERED
IKE Workspace Maven Plugin,network.ike.plugin.ws,GraphWorkspaceMojo,20,278,11,23,2,46,10,12,0,5
IKE Workspace Maven Plugin,network.ike.plugin.ws,WsSwitchDraftMojo,430,851,61,95,93,190,50,41,3,10
IKE Workspace Maven Plugin,network.ike.plugin.ws,WorkspaceReport,80,171,20,18,21,46,15,13,1,8
IKE Workspace Maven Plugin,network.ike.plugin.ws,WsSwitchPublishMojo,9,0,0,0,3,0,2,0,2,0
IKE Workspace Maven Plugin,network.ike.plugin.ws,AbstractWorkspaceMojo,93,235,18,14,29,53,17,21,5,17
IKE Workspace Maven Plugin,network.ike.plugin.ws,FeatureStartSupport,375,670,45,65,72,149,38,25,0,8
IKE Workspace Maven Plugin,network.ike.plugin.ws,WsCommitDraftMojo,432,0,38,0,94,0,26,0,7,0
IKE Workspace Maven Plugin,network.ike.plugin.ws,RefreshMainSupport.UpToDate,0,6,0,0,0,1,0,1,0,1
IKE Workspace Maven Plugin,network.ike.plugin.ws,WsLintMojo,111,0,4,0,25,0,4,0,2,0
IKE Workspace Maven Plugin,network.ike.plugin.ws,SubprojectSnapshot,0,21,0,0,0,1,0,1,0,1
IKE Workspace Maven Plugin,network.ike.plugin.ws,VerifyConvergenceMojo,550,340,64,20,125,64,40,8,1,5
IKE Workspace Maven Plugin,network.ike.plugin.ws,WsHelpMojo,416,0,38,0,83,0,27,0,8,0
IKE Workspace Maven Plugin,network.ike.plugin.ws,FeatureStartPublishMojo,49,0,0,0,14,0,3,0,3,0
IKE Workspace Maven Plugin,network.ike.plugin.ws,FeatureStartDraftMojo,243,1283,39,121,56,243,34,54,0,8
IKE Workspace Maven Plugin,network.ike.plugin.ws,FeatureStartDraftMojo.BranchRow,0,15,0,0,0,1,0,1,0,1
IKE Workspace Maven Plugin,network.ike.plugin.ws,PomParentSupport,33,29,2,4,10,7,4,4,3,2
IKE Workspace Maven Plugin,network.ike.plugin.ws,WsReconcileBranchesDraftMojo.BranchChanges,0,9,0,0,0,1,0,1,0,1
IKE Workspace Maven Plugin,network.ike.plugin.ws,PullWorkspaceMojo,210,653,24,58,44,127,22,38,1,16
IKE Workspace Maven Plugin,network.ike.plugin.ws,WsGoal,3,423,0,0,1,53,1,5,1,5
IKE Workspace Maven Plugin,network.ike.plugin.ws,ReactorWalker.ReactorScan,0,9,0,0,0,3,0,1,0,1
IKE Workspace Maven Plugin,network.ike.plugin.ws,RefreshMainSupport.AutoResolved,12,0,0,0,1,0,1,0,1,0
IKE Workspace Maven Plugin,network.ike.plugin.ws,FeatureFinishSupport,611,883,90,80,142,187,64,42,4,17
IKE Workspace Maven Plugin,network.ike.plugin.ws,DotGraphSupport,0,292,0,20,0,66,0,17,0,7
IKE Workspace Maven Plugin,network.ike.plugin.ws,PushMojo.Outcome,0,27,0,0,0,1,0,1,0,1
IKE Workspace Maven Plugin,network.ike.plugin.ws,FeatureFinishMergeDraftMojo,493,750,77,73,94,157,58,23,0,6
IKE Workspace Maven Plugin,network.ike.plugin.ws,WsReleaseStatusMojo,135,443,22,27,27,88,17,19,0,10
IKE Workspace Maven Plugin,network.ike.plugin.ws,PullWorkspaceMojo.PullRow,39,69,0,0,6,6,3,4,3,4
IKE Workspace Maven Plugin,network.ike.plugin.ws,SubprojectResolver,3,73,3,7,2,15,3,5,0,3
IKE Workspace Maven Plugin,network.ike.plugin.ws,WorkspaceReportSpec,0,9,0,0,0,1,0,1,0,1
IKE Workspace Maven Plugin,network.ike.plugin.ws,ReleasePlanCompute,39,520,18,74,8,115,17,33,0,4
IKE Workspace Maven Plugin,network.ike.plugin.ws,WsCheckpointDraftMojo.CheckpointReportContext,0,45,0,0,0,1,0,1,0,1
IKE Workspace Maven Plugin,network.ike.plugin.ws,WsAlignPublishMojo,0,16,0,0,0,5,0,2,0,2
IKE Workspace Maven Plugin,network.ike.plugin.ws,ReleasePlan.ReferenceKind,0,21,0,0,0,4,0,1,0,1
IKE Workspace Maven Plugin,network.ike.plugin.ws,WsReleaseDraftMojo.ReleaseCandidate,0,18,0,0,0,1,0,1,0,1
IKE Workspace Maven Plugin,network.ike.plugin.ws,ReleasePlan.ReferenceSite,0,15,0,0,0,1,0,1,0,1
IKE Workspace Maven Plugin,network.ike.plugin.ws,Ansi,0,12,0,0,0,4,0,4,0,4
IKE Workspace Maven Plugin,network.ike.plugin.ws,WsReconcileBranchesPublishMojo,9,0,0,0,3,0,2,0,2,0
IKE Workspace Maven Plugin,network.ike.plugin.ws,ReportMojo,155,0,14,0,34,0,13,0,6,0
IKE Workspace Maven Plugin,network.ike.plugin.ws,WsAddMojo.DerivedDep,0,9,0,0,0,1,0,1,0,1
IKE Workspace Maven Plugin,network.ike.plugin.ws,WsSyncMojo,67,211,9,15,21,55,9,8,0,5
IKE Workspace Maven Plugin,network.ike.plugin.ws,WsAddMojo,1793,830,229,117,388,213,153,62,21,21
IKE Workspace Maven Plugin,network.ike.plugin.ws,CheckBranchMojo,666,0,84,0,131,0,47,0,5,0
IKE Workspace Maven Plugin,network.ike.plugin.ws,FeatureFinishMergePublishMojo,16,0,0,0,5,0,2,0,2,0
IKE Workspace Maven Plugin,network.ike.plugin.ws,StignoreWorkspaceMojo,9,285,1,3,2,36,1,8,0,7
IKE Workspace Maven Plugin,network.ike.plugin.ws,FeatureAbandonDraftMojo,1117,0,116,0,220,0,65,0,7,0
IKE Workspace Maven Plugin,network.ike.plugin.ws,PostMutationSync,0,4,0,0,0,2,0,1,0,1
IKE Workspace Maven Plugin,network.ike.plugin.ws,WsAlignDraftMojo,99,164,15,17,22,39,12,9,2,3
IKE Workspace Maven Plugin,network.ike.plugin.ws,RefreshMainSupport.Conflicts,9,0,0,0,1,0,1,0,1,0
IKE Workspace Maven Plugin,network.ike.plugin.ws,UpdateFeaturePublishMojo,9,0,0,0,3,0,2,0,2,0
IKE Workspace Maven Plugin,network.ike.plugin.ws,ReleasePlan.PropertyReleasePlan,0,27,0,0,0,3,0,1,0,1
IKE Workspace Maven Plugin,network.ike.plugin.ws,CleanupWorkspacePublishMojo,9,0,0,0,3,0,2,0,2,0
IKE Workspace Maven Plugin,network.ike.plugin.ws,RefreshMainSupport,311,346,45,36,58,68,31,21,1,8
IKE Workspace Maven Plugin,network.ike.plugin.ws,ReleasePlan,0,15,0,0,0,4,0,1,0,1
IKE Workspace Maven Plugin,network.ike.plugin.ws,WsReconcileBranchesDraftMojo,136,929,37,107,21,180,32,50,0,9
IKE Workspace Maven Plugin,network.ike.plugin.ws,PushMojo.PushRow,15,81,0,0,2,6,1,4,1,4
IKE Workspace Maven Plugin,network.ike.plugin.ws,WsReleaseDraftMojo,2145,1424,199,117,472,276,137,64,20,23
IKE Workspace Maven Plugin,network.ike.plugin.ws,WsHelpMojo.GoalInfo,12,0,0,0,1,0,1,0,1,0
IKE Workspace Maven Plugin,network.ike.plugin.ws,RefreshMainSupport.AheadOnly,0,9,0,0,0,1,0,1,0,1
IKE Workspace Maven Plugin,network.ike.plugin.ws,ReleaseStatusInspector,0,197,2,26,0,54,2,13,0,1
IKE Workspace Maven Plugin,network.ike.plugin.ws,PushMojo,204,733,26,69,39,142,27,39,1,16
IKE Workspace Maven Plugin,network.ike.plugin.ws,WsCheckpointPublishMojo,41,113,4,4,13,35,3,7,0,6
IKE Workspace Maven Plugin,network.ike.plugin.ws,ReleaseStatusInspector.Finding,0,24,0,0,0,1,0,1,0,1
IKE Workspace Maven Plugin,network.ike.plugin.ws,RefreshMainSupport.Skipped,0,9,0,0,0,1,0,1,0,1
IKE Workspace Maven Plugin,network.ike.plugin.ws,RefreshMainSupport.FastForwarded,0,9,0,0,0,1,0,1,0,1
IKE Workspace Maven Plugin,network.ike.plugin.ws,FeatureFinishSquashDraftMojo,279,1208,54,126,54,252,47,51,0,8
IKE Workspace Maven Plugin,network.ike.plugin.ws,WsRefreshMainMojo,304,0,23,0,42,0,18,0,4,0
IKE Workspace Maven Plugin,network.ike.plugin.ws,ReleaseStatusInspector.Status,0,52,0,0,0,11,0,4,0,4
IKE Workspace Maven Plugin,network.ike.plugin.ws,MavenWrapper,6,190,3,15,1,53,3,15,0,9
IKE Workspace Maven Plugin,network.ike.plugin.ws,FeatureFinishSquashPublishMojo,16,0,0,0,5,0,2,0,2,0
IKE Workspace Maven Plugin,network.ike.plugin.ws,PomSiteScanner,5,120,3,9,1,26,3,4,0,1
IKE Workspace Maven Plugin,network.ike.plugin.ws,PomModel,108,156,20,12,24,38,18,18,6,14
IKE Workspace Maven Plugin,network.ike.plugin.ws,ReleaseStatusInspector.Observation,0,27,0,0,0,1,0,1,0,1
IKE Workspace Maven Plugin,network.ike.plugin.ws,WsPostReleaseMojo,431,0,22,0,99,0,13,0,2,0
IKE Workspace Maven Plugin,network.ike.plugin.ws,PomSiteScanner.PomSiteSurvey,0,21,0,0,0,4,0,1,0,1
IKE Workspace Maven Plugin,network.ike.plugin.ws,UpdateFeatureDraftMojo,228,488,20,34,50,94,14,15,0,2
IKE Workspace Maven Plugin,network.ike.plugin.ws,ReleasePlanCompute.SubprojectRoot,0,17,0,0,0,4,0,1,0,1
IKE Workspace Maven Plugin,network.ike.plugin.ws,WsCommitDraftMojo.RepoStatus,21,0,2,0,3,0,4,0,3,0
IKE Workspace Maven Plugin,network.ike.plugin.ws,PullWorkspaceMojo.Outcome,0,33,0,0,0,1,0,1,0,1
IKE Workspace Maven Plugin,network.ike.plugin.ws,YamlDepsSync,23,225,7,21,9,54,7,10,0,3
IKE Workspace Maven Plugin,network.ike.plugin.ws,ReleasePlan.GA,0,15,0,0,0,2,0,2,0,2
IKE Workspace Maven Plugin,network.ike.plugin.ws,WsCheckpointDraftMojo,424,1032,46,64,75,207,35,34,2,12
IKE Workspace Maven Plugin,network.ike.plugin.ws,CheckpointSupport,46,76,1,1,4,11,1,2,0,2
IKE Workspace Maven Plugin,network.ike.plugin.ws,ReleasePlanCompute.ArtifactReleaseIntent,0,49,0,2,0,8,0,2,0,1
IKE Workspace Maven Plugin,network.ike.plugin.ws,WsReleaseNotesMojo,105,0,8,0,18,0,7,0,3,0
IKE Workspace Maven Plugin,network.ike.plugin.ws,WsScaffoldDraftMojo,780,40,70,6,188,11,45,4,10,1
IKE Workspace Maven Plugin,network.ike.plugin.ws,RefreshMainSupport.CreatedFromRemote,6,0,0,0,1,0,1,0,1,0
IKE Workspace Maven Plugin,network.ike.plugin.ws,PomParentSupport.ParentInfo,0,12,0,0,0,1,0,1,0,1
IKE Workspace Maven Plugin,network.ike.plugin.ws,CleanupWorkspaceMojo,625,0,60,0,127,0,38,0,8,0
IKE Workspace Maven Plugin,network.ike.plugin.ws,WsRemoveMojo,364,0,28,0,85,0,20,0,6,0
IKE Workspace Maven Plugin,network.ike.plugin.ws,WsCommitPublishMojo.CommitOutcome,0,48,0,0,0,5,0,2,0,2
IKE Workspace Maven Plugin,network.ike.plugin.ws,ReleasePlan.ArtifactReleasePlan,0,27,0,0,0,3,0,1,0,1
IKE Workspace Maven Plugin,network.ike.plugin.ws,FeatureStartDraftMojo.CascadeGapRow,0,12,0,0,0,1,0,1,0,1
IKE Workspace Maven Plugin,network.ike.plugin.ws,WsScaffoldInitMojo,461,136,62,12,90,38,37,8,2,6
IKE Workspace Maven Plugin,network.ike.plugin.ws,CheckBranchMojo.DriftRow,18,0,0,0,1,0,1,0,1,0
IKE Workspace Maven Plugin,network.ike.plugin.ws,FeatureFinishSquashDraftMojo.SquashKind,0,15,0,0,0,1,0,1,0,1
IKE Workspace Maven Plugin,network.ike.plugin.ws,WsCommitPublishMojo,225,332,30,32,49,80,24,14,0,7
IKE Workspace Maven Plugin,network.ike.plugin.ws,WsReleasePublishMojo,9,0,0,0,3,0,2,0,2,0
IKE Workspace Maven Plugin,network.ike.plugin.ws,FeatureAbandonPublishMojo,9,0,0,0,3,0,2,0,2,0
IKE Workspace Maven Plugin,network.ike.plugin.ws,ReactorWalker,0,116,1,13,0,28,1,8,0,2
IKE Workspace Maven Plugin,network.ike.plugin.ws,WsScaffoldPublishMojo,9,0,0,0,3,0,2,0,2,0
IKE Workspace Maven Plugin,network.ike.plugin.ws,OverviewWorkspaceMojo,423,621,58,38,76,117,38,15,1,4
IKE Workspace Maven Plugin,network.ike.plugin.ws.bootstrap,WorkspaceBootstrap.Params,0,36,0,0,0,1,0,1,0,1
IKE Workspace Maven Plugin,network.ike.plugin.ws.bootstrap,SubprojectInitializer,645,813,67,35,110,185,49,24,2,20
IKE Workspace Maven Plugin,network.ike.plugin.ws.bootstrap,WorkspaceBootstrap,606,953,23,37,112,193,24,19,5,8
IKE Workspace Maven Plugin,network.ike.plugin.ws.bootstrap,SubprojectInitializer.Result,11,29,7,1,0,2,4,2,0,2
IKE Workspace Maven Plugin,network.ike.plugin.ws.verify,WorkspaceVerifier,873,600,79,31,223,143,56,21,2,16
IKE Workspace Maven Plugin,network.ike.plugin.ws.preflight,PreflightCondition.new PreflightCondition() {...},165,20,21,1,44,4,11,2,0,2
IKE Workspace Maven Plugin,network.ike.plugin.ws.preflight,PreflightCondition.new PreflightCondition() {...},158,53,11,5,38,12,7,3,0,2
IKE Workspace Maven Plugin,network.ike.plugin.ws.preflight,PreflightCondition.new PreflightCondition() {...},70,50,3,3,16,8,2,3,0,2
IKE Workspace Maven Plugin,network.ike.plugin.ws.preflight,PreflightCondition.new PreflightCondition() {...},5,117,3,7,2,26,3,4,0,2
IKE Workspace Maven Plugin,network.ike.plugin.ws.preflight,PreflightCondition.new PreflightCondition() {...},75,64,5,7,18,13,4,4,0,2
IKE Workspace Maven Plugin,network.ike.plugin.ws.preflight,PreflightCondition.new PreflightCondition() {...},10,48,2,4,2,9,2,3,0,2
IKE Workspace Maven Plugin,network.ike.plugin.ws.preflight,PreflightCondition.new PreflightCondition() {...},86,6,6,0,18,1,4,1,1,1
IKE Workspace Maven Plugin,network.ike.plugin.ws.preflight,PreflightCondition.new PreflightCondition() {...},58,155,2,18,14,34,3,11,1,3
IKE Workspace Maven Plugin,network.ike.plugin.ws.preflight,PreflightResult.Failure,0,9,0,0,0,1,0,1,0,1
IKE Workspace Maven Plugin,network.ike.plugin.ws.preflight,PreflightResult,0,121,0,10,0,21,0,9,0,4
IKE Workspace Maven Plugin,network.ike.plugin.ws.preflight,Preflight,0,36,0,2,0,6,0,3,0,2
IKE Workspace Maven Plugin,network.ike.plugin.ws.preflight,PreflightContext,0,31,0,0,0,2,0,2,0,2
IKE Workspace Maven Plugin,network.ike.plugin.ws.preflight,PreflightCondition,29,537,19,71,7,125,19,42,0,16
IKE Workspace Maven Plugin,network.ike.plugin.ws.reconcile,AlignmentReconciler,476,686,75,57,130,157,51,31,2,14
IKE Workspace Maven Plugin,network.ike.plugin.ws.reconcile,ScaffoldConventionReconciler.GitignoreSection,0,15,0,0,0,3,0,2,0,2
IKE Workspace Maven Plugin,network.ike.plugin.ws.reconcile,ScaffoldConventionReconciler.Run,11,0,0,0,3,0,1,0,1,0
IKE Workspace Maven Plugin,network.ike.plugin.ws.reconcile,ParentVersionReconciler.FieldChange,9,0,0,0,1,0,1,0,1,0
IKE Workspace Maven Plugin,network.ike.plugin.ws.reconcile,FieldNormalizationReconciler.FieldChange,9,0,0,0,1,0,1,0,1,0
IKE Workspace Maven Plugin,network.ike.plugin.ws.reconcile,WorkspaceContext,0,18,0,0,0,1,0,1,0,1
IKE Workspace Maven Plugin,network.ike.plugin.ws.reconcile,FieldNormalizationReconciler.Drift,0,9,0,0,0,1,0,1,0,1
IKE Workspace Maven Plugin,network.ike.plugin.ws.reconcile,Reconciler,2,0,0,0,1,0,1,0,1,0
IKE Workspace Maven Plugin,network.ike.plugin.ws.reconcile,CheatsheetReconciler,20,183,3,20,7,50,3,17,0,8
IKE Workspace Maven Plugin,network.ike.plugin.ws.reconcile,AlignmentReconciler.ComponentVersion,0,9,0,0,0,1,0,1,0,1
IKE Workspace Maven Plugin,network.ike.plugin.ws.reconcile,ReconcilerRegistry,0,20,0,0,0,1,0,1,0,1
IKE Workspace Maven Plugin,network.ike.plugin.ws.reconcile,AlignmentReconciler.AlignChange,0,18,0,0,0,1,0,1,0,1
IKE Workspace Maven Plugin,network.ike.plugin.ws.reconcile,ExtensionsXmlReconciler,161,3,22,0,47,1,17,1,6,1
IKE Workspace Maven Plugin,network.ike.plugin.ws.reconcile,ScaffoldConventionReconciler,1111,466,153,57,279,87,96,34,18,7
IKE Workspace Maven Plugin,network.ike.plugin.ws.reconcile,ParentVersionReconciler,402,3,44,0,99,1,30,1,8,1
IKE Workspace Maven Plugin,network.ike.plugin.ws.reconcile,AlignmentReconciler.Plan,0,22,0,0,0,6,0,4,0,4
IKE Workspace Maven Plugin,network.ike.plugin.ws.reconcile,ParentVersionReconciler.Plan,15,0,0,0,1,0,1,0,1,0
IKE Workspace Maven Plugin,network.ike.plugin.ws.reconcile,ReconcilerOptions,7,18,0,0,1,3,1,3,1,3
IKE Workspace Maven Plugin,network.ike.plugin.ws.reconcile,DriftReport,0,164,3,11,0,26,3,8,0,4
IKE Workspace Maven Plugin,network.ike.plugin.ws.reconcile,FieldNormalizationReconciler,360,214,52,18,82,52,36,11,3,9
IKE Workspace Maven Plugin,network.ike.plugin.ws.vcs,VcsState.Action,0,70,0,0,0,13,0,4,0,4
IKE Workspace Maven Plugin,network.ike.plugin.ws.vcs,VcsState,13,167,4,6,6,39,3,9,0,7
IKE Workspace Maven Plugin,network.ike.plugin.ws.vcs,VcsOperations,710,1313,45,59,131,212,53,62,19,44
