<?xml version="1.0" encoding="UTF-8" standalone="yes"?><!DOCTYPE report PUBLIC "-//JACOCO//DTD Report 1.1//EN" "report.dtd"><report name="IKE Workspace Maven Plugin"><sessioninfo id="keiths.mac.studio.lan-562cc61e" start="1780637214343" dump="1780637355826"/><sessioninfo id="keiths.mac.studio.lan-9802cf80" start="1780637363402" dump="1780637506745"/><package name="network/ike/plugin/ws"><class name="network/ike/plugin/ws/GraphWorkspaceMojo" sourcefilename="GraphWorkspaceMojo.java"><method name="&lt;init&gt;" desc="()V" line="33"><counter type="INSTRUCTION" missed="0" covered="3"/><counter type="LINE" missed="0" covered="1"/><counter type="COMPLEXITY" missed="0" covered="1"/><counter type="METHOD" missed="0" covered="1"/></method><method name="runGoal" desc="()Lnetwork/ike/plugin/ws/WorkspaceReportSpec;" line="37"><counter type="INSTRUCTION" missed="0" covered="22"/><counter type="BRANCH" missed="0" covered="2"/><counter type="LINE" missed="0" covered="6"/><counter type="COMPLEXITY" missed="0" covered="2"/><counter type="METHOD" missed="0" covered="1"/></method><method name="printText" desc="(Lnetwork/ike/workspace/WorkspaceGraph;)V" line="53"><counter type="INSTRUCTION" missed="3" covered="154"/><counter type="BRANCH" missed="4" covered="12"/><counter type="LINE" missed="0" covered="25"/><counter type="COMPLEXITY" missed="4" covered="5"/><counter type="METHOD" missed="0" covered="1"/></method><method name="printTransitiveDeps" desc="(Lnetwork/ike/workspace/WorkspaceGraph;Lnetwork/ike/workspace/Subproject;Ljava/lang/String;Ljava/lang/String;)V" line="99"><counter type="INSTRUCTION" missed="17" covered="75"/><counter type="BRANCH" missed="7" covered="7"/><counter type="LINE" missed="2" covered="11"/><counter type="COMPLEXITY" missed="6" covered="2"/><counter type="METHOD" missed="0" covered="1"/></method><method name="printDot" desc="(Lnetwork/ike/workspace/WorkspaceGraph;)V" line="120"><counter type="INSTRUCTION" missed="0" covered="24"/><counter type="BRANCH" missed="0" covered="2"/><counter type="LINE" missed="0" covered="3"/><counter type="COMPLEXITY" missed="0" covered="2"/><counter type="METHOD" missed="0" covered="1"/></method><counter type="INSTRUCTION" missed="20" covered="278"/><counter type="BRANCH" missed="11" covered="23"/><counter type="LINE" missed="2" covered="46"/><counter type="COMPLEXITY" missed="10" covered="12"/><counter type="METHOD" missed="0" covered="5"/><counter type="CLASS" missed="0" covered="1"/></class><class name="network/ike/plugin/ws/WsSwitchDraftMojo" sourcefilename="WsSwitchDraftMojo.java"><method name="&lt;init&gt;" desc="()V" line="76"><counter type="INSTRUCTION" missed="0" covered="3"/><counter type="LINE" missed="0" covered="1"/><counter type="COMPLEXITY" missed="0" covered="1"/><counter type="METHOD" missed="0" covered="1"/></method><method name="runGoal" desc="()Lnetwork/ike/plugin/ws/WorkspaceReportSpec;" line="100"><counter type="INSTRUCTION" missed="204" covered="657"/><counter type="BRANCH" missed="44" covered="92"/><counter type="LINE" missed="33" covered="145"/><counter type="COMPLEXITY" missed="36" covered="33"/><counter type="METHOD" missed="0" covered="1"/></method><method name="targetBranchMembers" desc="(Ljava/io/File;Ljava/lang/String;)Ljava/util/Set;" line="413"><counter type="INSTRUCTION" missed="10" covered="48"/><counter type="BRANCH" missed="0" covered="2"/><counter type="LINE" missed="4" covered="8"/><counter type="COMPLEXITY" missed="0" covered="2"/><counter type="METHOD" missed="0" covered="1"/></method><method name="parkSubproject" desc="(Ljava/io/File;Ljava/lang/String;Ljava/lang/String;)V" line="445"><counter type="INSTRUCTION" missed="11" covered="19"/><counter type="LINE" missed="3" covered="5"/><counter type="COMPLEXITY" missed="0" covered="1"/><counter type="METHOD" missed="0" covered="1"/></method><method name="restoreMembers" desc="(Ljava/io/File;Ljava/lang/String;)I" line="469"><counter type="INSTRUCTION" missed="29" covered="90"/><counter type="BRANCH" missed="6" covered="10"/><counter type="LINE" missed="9" covered="18"/><counter type="COMPLEXITY" missed="4" covered="5"/><counter type="METHOD" missed="0" covered="1"/></method><method name="deleteDirectory" desc="(Ljava/nio/file/Path;)V" line="511"><counter type="INSTRUCTION" missed="11" covered="12"/><counter type="LINE" missed="3" covered="5"/><counter type="COMPLEXITY" missed="0" covered="1"/><counter type="METHOD" missed="0" covered="1"/></method><method name="stashRef" desc="(Ljava/lang/String;Ljava/lang/String;)Ljava/lang/String;" line="537"><counter type="INSTRUCTION" missed="0" covered="4"/><counter type="LINE" missed="0" covered="1"/><counter type="COMPLEXITY" missed="0" covered="1"/><counter type="METHOD" missed="0" covered="1"/></method><method name="stashLeave" desc="(Ljava/io/File;Ljava/lang/String;Ljava/lang/String;)V" line="554"><counter type="INSTRUCTION" missed="36" covered="0"/><counter type="LINE" missed="8" covered="0"/><counter type="COMPLEXITY" missed="1" covered="0"/><counter type="METHOD" missed="1" covered="0"/></method><method name="stashArrive" desc="(Ljava/io/File;Ljava/lang/String;Ljava/lang/String;)Z" line="578"><counter type="INSTRUCTION" missed="41" covered="16"/><counter type="BRANCH" missed="2" covered="0"/><counter type="LINE" missed="9" covered="5"/><counter type="COMPLEXITY" missed="1" covered="1"/><counter type="METHOD" missed="0" covered="1"/></method><method name="draftHasTargetStash" desc="(Ljava/io/File;Ljava/lang/String;Ljava/lang/String;)Z" line="612"><counter type="INSTRUCTION" missed="4" covered="10"/><counter type="BRANCH" missed="1" covered="1"/><counter type="LINE" missed="0" covered="5"/><counter type="COMPLEXITY" missed="1" covered="1"/><counter type="METHOD" missed="0" covered="1"/></method><method name="runAutoStashPreflight" desc="(Ljava/io/File;Ljava/util/List;Ljava/lang/String;Ljava/lang/String;Z)V" line="644"><counter type="INSTRUCTION" missed="82" covered="96"/><counter type="BRANCH" missed="10" covered="12"/><counter type="LINE" missed="25" covered="24"/><counter type="COMPLEXITY" missed="7" covered="5"/><counter type="METHOD" missed="0" covered="1"/></method><method name="promptForBranch" desc="(Ljava/util/Map;Ljava/lang/String;)Ljava/lang/String;" line="734"><counter type="INSTRUCTION" missed="52" covered="83"/><counter type="BRANCH" missed="9" covered="5"/><counter type="LINE" missed="11" covered="16"/><counter type="COMPLEXITY" missed="5" covered="3"/><counter type="METHOD" missed="0" covered="1"/></method><method name="switchWorkspaceRepo" desc="(Ljava/lang/String;)V" line="782"><counter type="INSTRUCTION" missed="17" covered="67"/><counter type="BRANCH" missed="5" covered="5"/><counter type="LINE" missed="3" covered="15"/><counter type="COMPLEXITY" missed="4" covered="2"/><counter type="METHOD" missed="0" covered="1"/></method><method name="lambda$runAutoStashPreflight$1" desc="(Ljava/lang/String;)Ljava/lang/String;" line="700"><counter type="INSTRUCTION" missed="3" covered="0"/><counter type="LINE" missed="1" covered="0"/><counter type="COMPLEXITY" missed="1" covered="0"/><counter type="METHOD" missed="1" covered="0"/></method><method name="lambda$runAutoStashPreflight$0" desc="(Ljava/lang/String;Ljava/lang/String;)Ljava/lang/String;" line="699"><counter type="INSTRUCTION" missed="4" covered="0"/><counter type="LINE" missed="1" covered="0"/><counter type="COMPLEXITY" missed="1" covered="0"/><counter type="METHOD" missed="1" covered="0"/></method><method name="lambda$deleteDirectory$0" desc="(Ljava/nio/file/Path;)V" line="515"><counter type="INSTRUCTION" missed="6" covered="4"/><counter type="LINE" missed="2" covered="3"/><counter type="COMPLEXITY" missed="0" covered="1"/><counter type="METHOD" missed="0" covered="1"/></method><method name="lambda$runGoal$0" desc="(Ljava/lang/String;)Ljava/util/Set;" line="135"><counter type="INSTRUCTION" missed="0" covered="4"/><counter type="LINE" missed="0" covered="1"/><counter type="COMPLEXITY" missed="0" covered="1"/><counter type="METHOD" missed="0" covered="1"/></method><counter type="INSTRUCTION" missed="510" covered="1113"/><counter type="BRANCH" missed="77" covered="127"/><counter type="LINE" missed="110" covered="251"/><counter type="COMPLEXITY" missed="61" covered="58"/><counter type="METHOD" missed="3" covered="14"/><counter type="CLASS" missed="0" covered="1"/></class><class name="network/ike/plugin/ws/WorkspaceReport" sourcefilename="WorkspaceReport.java"><method name="write" desc="(Ljava/nio/file/Path;Ljava/lang/String;Ljava/lang/String;Lorg/apache/maven/api/plugin/Log;)V" line="64"><counter type="INSTRUCTION" missed="9" covered="31"/><counter type="BRANCH" missed="2" covered="0"/><counter type="LINE" missed="4" covered="10"/><counter type="COMPLEXITY" missed="1" covered="1"/><counter type="METHOD" missed="0" covered="1"/></method><method name="reportPath" desc="(Ljava/nio/file/Path;Ljava/lang/String;)Ljava/nio/file/Path;" line="93"><counter type="INSTRUCTION" missed="0" covered="8"/><counter type="LINE" missed="0" covered="2"/><counter type="COMPLEXITY" missed="0" covered="1"/><counter type="METHOD" missed="0" covered="1"/></method><method name="openInBrowser" desc="(Ljava/nio/file/Path;Lorg/apache/maven/api/plugin/Log;)Z" line="107"><counter type="INSTRUCTION" missed="58" covered="0"/><counter type="BRANCH" missed="10" covered="0"/><counter type="LINE" missed="15" covered="0"/><counter type="COMPLEXITY" missed="6" covered="0"/><counter type="METHOD" missed="1" covered="0"/></method><method name="ensureGitignored" desc="(Ljava/nio/file/Path;Lorg/apache/maven/api/plugin/Log;)V" line="145"><counter type="INSTRUCTION" missed="2" covered="73"/><counter type="BRANCH" missed="2" covered="10"/><counter type="LINE" missed="0" covered="19"/><counter type="COMPLEXITY" missed="2" covered="5"/><counter type="METHOD" missed="0" covered="1"/></method><method name="findGitRoot" desc="(Ljava/nio/file/Path;)Ljava/nio/file/Path;" line="186"><counter type="INSTRUCTION" missed="0" covered="20"/><counter type="BRANCH" missed="0" covered="4"/><counter type="LINE" missed="0" covered="5"/><counter type="COMPLEXITY" missed="0" covered="3"/><counter type="METHOD" missed="0" covered="1"/></method><method name="matchesPattern" desc="(Ljava/lang/String;Ljava/lang/String;)Z" line="203"><counter type="INSTRUCTION" missed="2" covered="21"/><counter type="BRANCH" missed="2" covered="4"/><counter type="LINE" missed="0" covered="3"/><counter type="COMPLEXITY" missed="2" covered="2"/><counter type="METHOD" missed="0" covered="1"/></method><method name="pluginVersion" desc="()Ljava/lang/String;" line="220"><counter type="INSTRUCTION" missed="2" covered="8"/><counter type="BRANCH" missed="1" covered="1"/><counter type="LINE" missed="0" covered="3"/><counter type="COMPLEXITY" missed="1" covered="1"/><counter type="METHOD" missed="0" covered="1"/></method><method name="stripPrefix" desc="(Ljava/lang/String;)Ljava/lang/String;" line="230"><counter type="INSTRUCTION" missed="2" covered="11"/><counter type="BRANCH" missed="1" covered="1"/><counter type="LINE" missed="1" covered="3"/><counter type="COMPLEXITY" missed="1" covered="1"/><counter type="METHOD" missed="0" covered="1"/></method><method name="&lt;clinit&gt;" desc="()V" line="47"><counter type="INSTRUCTION" missed="0" covered="4"/><counter type="LINE" missed="0" covered="2"/><counter type="COMPLEXITY" missed="0" covered="1"/><counter type="METHOD" missed="0" covered="1"/></method><counter type="INSTRUCTION" missed="75" covered="176"/><counter type="BRANCH" missed="18" covered="20"/><counter type="LINE" missed="20" covered="47"/><counter type="COMPLEXITY" missed="13" covered="15"/><counter type="METHOD" missed="1" covered="8"/><counter type="CLASS" missed="0" covered="1"/></class><class name="network/ike/plugin/ws/WsSwitchPublishMojo" sourcefilename="WsSwitchPublishMojo.java"><method name="&lt;init&gt;" desc="()V" line="23"><counter type="INSTRUCTION" missed="3" covered="0"/><counter type="LINE" missed="1" covered="0"/><counter type="COMPLEXITY" missed="1" covered="0"/><counter type="METHOD" missed="1" covered="0"/></method><method name="runGoal" desc="()Lnetwork/ike/plugin/ws/WorkspaceReportSpec;" line="27"><counter type="INSTRUCTION" missed="6" covered="0"/><counter type="LINE" missed="2" covered="0"/><counter type="COMPLEXITY" missed="1" covered="0"/><counter type="METHOD" missed="1" covered="0"/></method><counter type="INSTRUCTION" missed="9" covered="0"/><counter type="LINE" missed="3" covered="0"/><counter type="COMPLEXITY" missed="2" covered="0"/><counter type="METHOD" missed="2" covered="0"/><counter type="CLASS" missed="1" covered="0"/></class><class name="network/ike/plugin/ws/AbstractWorkspaceMojo" sourcefilename="AbstractWorkspaceMojo.java"><method name="&lt;init&gt;" desc="()V" line="32"><counter type="INSTRUCTION" missed="0" covered="3"/><counter type="LINE" missed="0" covered="1"/><counter type="COMPLEXITY" missed="0" covered="1"/><counter type="METHOD" missed="0" covered="1"/></method><method name="getLog" desc="()Lorg/apache/maven/api/plugin/Log;" line="68"><counter type="INSTRUCTION" missed="0" covered="3"/><counter type="LINE" missed="0" covered="1"/><counter type="COMPLEXITY" missed="0" covered="1"/><counter type="METHOD" missed="0" covered="1"/></method><method name="getSession" desc="()Lorg/apache/maven/api/Session;" line="77"><counter type="INSTRUCTION" missed="3" covered="0"/><counter type="LINE" missed="1" covered="0"/><counter type="COMPLEXITY" missed="1" covered="0"/><counter type="METHOD" missed="1" covered="0"/></method><method name="setLog" desc="(Lorg/apache/maven/api/plugin/Log;)V" line="89"><counter type="INSTRUCTION" missed="0" covered="4"/><counter type="LINE" missed="0" covered="2"/><counter type="COMPLEXITY" missed="0" covered="1"/><counter type="METHOD" missed="0" covered="1"/></method><method name="setPrompter" desc="(Lnetwork/ike/plugin/support/IkePrompter;)V" line="100"><counter type="INSTRUCTION" missed="4" covered="0"/><counter type="LINE" missed="2" covered="0"/><counter type="COMPLEXITY" missed="1" covered="0"/><counter type="METHOD" missed="1" covered="0"/></method><method name="getPrompter" desc="()Lnetwork/ike/plugin/support/IkePrompter;" line="112"><counter type="INSTRUCTION" missed="7" covered="19"/><counter type="BRANCH" missed="4" covered="2"/><counter type="LINE" missed="0" covered="5"/><counter type="COMPLEXITY" missed="3" covered="1"/><counter type="METHOD" missed="0" covered="1"/></method><method name="loadGraph" desc="()Lnetwork/ike/workspace/WorkspaceGraph;" line="129"><counter type="INSTRUCTION" missed="9" covered="17"/><counter type="LINE" missed="3" covered="4"/><counter type="COMPLEXITY" missed="0" covered="1"/><counter type="METHOD" missed="0" covered="1"/></method><method name="resolveManifest" desc="()Ljava/nio/file/Path;" line="147"><counter type="INSTRUCTION" missed="2" covered="36"/><counter type="BRANCH" missed="2" covered="6"/><counter type="LINE" missed="1" covered="9"/><counter type="COMPLEXITY" missed="2" covered="3"/><counter type="METHOD" missed="0" covered="1"/></method><method name="workspaceRoot" desc="()Ljava/io/File;" line="173"><counter type="INSTRUCTION" missed="0" covered="5"/><counter type="LINE" missed="0" covered="1"/><counter type="COMPLEXITY" missed="0" covered="1"/><counter type="METHOD" missed="0" covered="1"/></method><method name="gitStatus" desc="(Ljava/io/File;)Ljava/lang/String;" line="185"><counter type="INSTRUCTION" missed="5" covered="17"/><counter type="LINE" missed="2" covered="1"/><counter type="COMPLEXITY" missed="0" covered="1"/><counter type="METHOD" missed="0" covered="1"/></method><method name="gitBranch" desc="(Ljava/io/File;)Ljava/lang/String;" line="200"><counter type="INSTRUCTION" missed="3" covered="21"/><counter type="LINE" missed="2" covered="1"/><counter type="COMPLEXITY" missed="0" covered="1"/><counter type="METHOD" missed="0" covered="1"/></method><method name="gitShortSha" desc="(Ljava/io/File;)Ljava/lang/String;" line="215"><counter type="INSTRUCTION" missed="3" covered="21"/><counter type="LINE" missed="2" covered="1"/><counter type="COMPLEXITY" missed="0" covered="1"/><counter type="METHOD" missed="0" covered="1"/></method><method name="isWorkspaceMode" desc="()Z" line="230"><counter type="INSTRUCTION" missed="0" covered="8"/><counter type="LINE" missed="0" covered="4"/><counter type="COMPLEXITY" missed="0" covered="1"/><counter type="METHOD" missed="0" covered="1"/></method><method name="requireParam" desc="(Ljava/lang/String;Ljava/lang/String;Ljava/lang/String;)Ljava/lang/String;" line="256"><counter type="INSTRUCTION" missed="13" covered="21"/><counter type="BRANCH" missed="6" covered="4"/><counter type="LINE" missed="3" covered="5"/><counter type="COMPLEXITY" missed="4" covered="2"/><counter type="METHOD" missed="0" covered="1"/></method><method name="validateFeatureName" desc="(Ljava/lang/String;)Lnetwork/ike/workspace/FeatureName;" line="288"><counter type="INSTRUCTION" missed="0" covered="10"/><counter type="LINE" missed="0" covered="3"/><counter type="COMPLEXITY" missed="0" covered="1"/><counter type="METHOD" missed="0" covered="1"/></method><method name="validateSubprojectName" desc="(Ljava/lang/String;)Lnetwork/ike/workspace/SubprojectName;" line="308"><counter type="INSTRUCTION" missed="10" covered="0"/><counter type="LINE" missed="3" covered="0"/><counter type="COMPLEXITY" missed="1" covered="0"/><counter type="METHOD" missed="1" covered="0"/></method><method name="validateMavenVersion" desc="(Ljava/lang/String;)Lnetwork/ike/workspace/MavenVersion;" line="329"><counter type="INSTRUCTION" missed="10" covered="0"/><counter type="LINE" missed="3" covered="0"/><counter type="COMPLEXITY" missed="1" covered="0"/><counter type="METHOD" missed="1" covered="0"/></method><method name="confirm" desc="(Ljava/lang/String;Z)Z" line="346"><counter type="INSTRUCTION" missed="0" covered="6"/><counter type="LINE" missed="0" covered="1"/><counter type="COMPLEXITY" missed="0" covered="1"/><counter type="METHOD" missed="0" covered="1"/></method><method name="selectFromList" desc="(Ljava/lang/String;Ljava/util/List;)Ljava/lang/String;" line="359"><counter type="INSTRUCTION" missed="23" covered="0"/><counter type="BRANCH" missed="6" covered="0"/><counter type="LINE" missed="6" covered="0"/><counter type="COMPLEXITY" missed="4" covered="0"/><counter type="METHOD" missed="1" covered="0"/></method><method name="workspaceName" desc="()Ljava/lang/String;" line="378"><counter type="INSTRUCTION" missed="1" covered="16"/><counter type="BRANCH" missed="0" covered="2"/><counter type="LINE" missed="1" covered="5"/><counter type="COMPLEXITY" missed="0" covered="2"/><counter type="METHOD" missed="0" covered="1"/></method><method name="header" desc="(Ljava/lang/String;)Ljava/lang/String;" line="396"><counter type="INSTRUCTION" missed="0" covered="5"/><counter type="LINE" missed="0" covered="1"/><counter type="COMPLEXITY" missed="0" covered="1"/><counter type="METHOD" missed="0" covered="1"/></method><method name="execute" desc="()V" line="421"><counter type="INSTRUCTION" missed="0" covered="23"/><counter type="LINE" missed="0" covered="8"/><counter type="COMPLEXITY" missed="0" covered="1"/><counter type="METHOD" missed="0" covered="1"/></method><counter type="INSTRUCTION" missed="93" covered="235"/><counter type="BRANCH" missed="18" covered="14"/><counter type="LINE" missed="29" covered="53"/><counter type="COMPLEXITY" missed="17" covered="21"/><counter type="METHOD" missed="5" covered="17"/><counter type="CLASS" missed="0" covered="1"/></class><class name="network/ike/plugin/ws/FeatureStartSupport" sourcefilename="FeatureStartSupport.java"><method name="&lt;init&gt;" desc="(Lorg/apache/maven/api/plugin/Log;)V" line="49"><counter type="INSTRUCTION" missed="0" covered="6"/><counter type="LINE" missed="0" covered="3"/><counter type="COMPLEXITY" missed="0" covered="1"/><counter type="METHOD" missed="0" covered="1"/></method><method name="setPomVersion" desc="(Ljava/io/File;Ljava/lang/String;Ljava/lang/String;)V" line="66"><counter type="INSTRUCTION" missed="23" covered="90"/><counter type="BRANCH" missed="2" covered="6"/><counter type="LINE" missed="6" covered="19"/><counter type="COMPLEXITY" missed="2" covered="3"/><counter type="METHOD" missed="0" covered="1"/></method><method name="cascadeVersionProperties" desc="(Lnetwork/ike/workspace/WorkspaceGraph;Ljava/io/File;Ljava/util/List;Ljava/lang/String;)V" line="130"><counter type="INSTRUCTION" missed="90" covered="101"/><counter type="BRANCH" missed="9" covered="11"/><counter type="LINE" missed="15" covered="22"/><counter type="COMPLEXITY" missed="7" covered="4"/><counter type="METHOD" missed="0" covered="1"/></method><method name="cascadeBomProperties" desc="(Lnetwork/ike/workspace/WorkspaceGraph;Ljava/io/File;Ljava/util/List;Ljava/lang/String;)V" line="210"><counter type="INSTRUCTION" missed="85" covered="118"/><counter type="BRANCH" missed="9" covered="15"/><counter type="LINE" missed="13" covered="28"/><counter type="COMPLEXITY" missed="8" covered="5"/><counter type="METHOD" missed="0" covered="1"/></method><method name="cascadeBomImports" desc="(Lnetwork/ike/workspace/WorkspaceGraph;Ljava/io/File;Ljava/util/List;Ljava/lang/String;)V" line="292"><counter type="INSTRUCTION" missed="125" covered="108"/><counter type="BRANCH" missed="16" covered="12"/><counter type="LINE" missed="28" covered="25"/><counter type="COMPLEXITY" missed="12" covered="3"/><counter type="METHOD" missed="0" covered="1"/></method><method name="ensureFullClone" desc="(Ljava/io/File;Ljava/lang/String;)V" line="392"><counter type="INSTRUCTION" missed="30" covered="24"/><counter type="BRANCH" missed="1" covered="1"/><counter type="LINE" missed="5" covered="4"/><counter type="COMPLEXITY" missed="1" covered="1"/><counter type="METHOD" missed="0" covered="1"/></method><method name="removeIntraReactorPins" desc="(Ljava/io/File;Ljava/util/List;Z)V" line="425"><counter type="INSTRUCTION" missed="22" covered="184"/><counter type="BRANCH" missed="7" covered="17"/><counter type="LINE" missed="5" covered="39"/><counter type="COMPLEXITY" missed="7" covered="6"/><counter type="METHOD" missed="0" covered="1"/></method><method name="collectReactorArtifacts" desc="(Ljava/nio/file/Path;Lnetwork/ike/plugin/ws/PomModel;Ljava/util/Set;)V" line="513"><counter type="INSTRUCTION" missed="0" covered="39"/><counter type="BRANCH" missed="1" covered="3"/><counter type="LINE" missed="0" covered="9"/><counter type="COMPLEXITY" missed="1" covered="2"/><counter type="METHOD" missed="0" covered="1"/></method><counter type="INSTRUCTION" missed="375" covered="670"/><counter type="BRANCH" missed="45" covered="65"/><counter type="LINE" missed="72" covered="149"/><counter type="COMPLEXITY" missed="38" covered="25"/><counter type="METHOD" missed="0" covered="8"/><counter type="CLASS" missed="0" covered="1"/></class><class name="network/ike/plugin/ws/WsCommitDraftMojo" sourcefilename="WsCommitDraftMojo.java"><method name="&lt;init&gt;" desc="()V" line="41"><counter type="INSTRUCTION" missed="3" covered="0"/><counter type="LINE" missed="1" covered="0"/><counter type="COMPLEXITY" missed="1" covered="0"/><counter type="METHOD" missed="1" covered="0"/></method><method name="runGoal" desc="()Lnetwork/ike/plugin/ws/WorkspaceReportSpec;" line="45"><counter type="INSTRUCTION" missed="14" covered="0"/><counter type="BRANCH" missed="2" covered="0"/><counter type="LINE" missed="3" covered="0"/><counter type="COMPLEXITY" missed="2" covered="0"/><counter type="METHOD" missed="1" covered="0"/></method><method name="previewWorkspace" desc="()Lnetwork/ike/plugin/ws/WorkspaceReportSpec;" line="54"><counter type="INSTRUCTION" missed="152" covered="0"/><counter type="BRANCH" missed="12" covered="0"/><counter type="LINE" missed="38" covered="0"/><counter type="COMPLEXITY" missed="7" covered="0"/><counter type="METHOD" missed="1" covered="0"/></method><method name="previewSingleRepo" desc="(Ljava/io/File;)Lnetwork/ike/plugin/ws/WorkspaceReportSpec;" line="116"><counter type="INSTRUCTION" missed="67" covered="0"/><counter type="BRANCH" missed="4" covered="0"/><counter type="LINE" missed="16" covered="0"/><counter type="COMPLEXITY" missed="3" covered="0"/><counter type="METHOD" missed="1" covered="0"/></method><method name="statusOf" desc="(Ljava/io/File;Ljava/lang/String;)Lnetwork/ike/plugin/ws/WsCommitDraftMojo$RepoStatus;" line="166"><counter type="INSTRUCTION" missed="77" covered="0"/><counter type="BRANCH" missed="8" covered="0"/><counter type="LINE" missed="11" covered="0"/><counter type="COMPLEXITY" missed="5" covered="0"/><counter type="METHOD" missed="1" covered="0"/></method><method name="printToConsole" desc="(Lnetwork/ike/plugin/ws/WsCommitDraftMojo$RepoStatus;)V" line="185"><counter type="INSTRUCTION" missed="38" covered="0"/><counter type="BRANCH" missed="4" covered="0"/><counter type="LINE" missed="9" covered="0"/><counter type="COMPLEXITY" missed="3" covered="0"/><counter type="METHOD" missed="1" covered="0"/></method><method name="buildReport" desc="(Ljava/lang/String;Ljava/util/List;Ljava/lang/String;I)Ljava/lang/String;" line="209"><counter type="INSTRUCTION" missed="81" covered="0"/><counter type="BRANCH" missed="8" covered="0"/><counter type="LINE" missed="16" covered="0"/><counter type="COMPLEXITY" missed="5" covered="0"/><counter type="METHOD" missed="1" covered="0"/></method><counter type="INSTRUCTION" missed="432" covered="0"/><counter type="BRANCH" missed="38" covered="0"/><counter type="LINE" missed="94" covered="0"/><counter type="COMPLEXITY" missed="26" covered="0"/><counter type="METHOD" missed="7" covered="0"/><counter type="CLASS" missed="1" covered="0"/></class><class name="network/ike/plugin/ws/RefreshMainSupport$UpToDate" sourcefilename="RefreshMainSupport.java"><method name="&lt;init&gt;" desc="(Ljava/lang/String;)V" line="76"><counter type="INSTRUCTION" missed="0" covered="6"/><counter type="LINE" missed="0" covered="1"/><counter type="COMPLEXITY" missed="0" covered="1"/><counter type="METHOD" missed="0" covered="1"/></method><counter type="INSTRUCTION" missed="0" covered="6"/><counter type="LINE" missed="0" covered="1"/><counter type="COMPLEXITY" missed="0" covered="1"/><counter type="METHOD" missed="0" covered="1"/><counter type="CLASS" missed="0" covered="1"/></class><class name="network/ike/plugin/ws/WsLintMojo" sourcefilename="WsLintMojo.java"><method name="&lt;init&gt;" desc="()V" line="45"><counter type="INSTRUCTION" missed="3" covered="0"/><counter type="LINE" missed="1" covered="0"/><counter type="COMPLEXITY" missed="1" covered="0"/><counter type="METHOD" missed="1" covered="0"/></method><method name="runGoal" desc="()Lnetwork/ike/plugin/ws/WorkspaceReportSpec;" line="49"><counter type="INSTRUCTION" missed="108" covered="0"/><counter type="BRANCH" missed="4" covered="0"/><counter type="LINE" missed="24" covered="0"/><counter type="COMPLEXITY" missed="3" covered="0"/><counter type="METHOD" missed="1" covered="0"/></method><counter type="INSTRUCTION" missed="111" covered="0"/><counter type="BRANCH" missed="4" covered="0"/><counter type="LINE" missed="25" covered="0"/><counter type="COMPLEXITY" missed="4" covered="0"/><counter type="METHOD" missed="2" covered="0"/><counter type="CLASS" missed="1" covered="0"/></class><class name="network/ike/plugin/ws/SubprojectSnapshot" sourcefilename="SubprojectSnapshot.java"><method name="&lt;init&gt;" desc="(Ljava/lang/String;Ljava/lang/String;Ljava/lang/String;Ljava/lang/String;Ljava/lang/String;Z)V" line="16"><counter type="INSTRUCTION" missed="0" covered="21"/><counter type="LINE" missed="0" covered="1"/><counter type="COMPLEXITY" missed="0" covered="1"/><counter type="METHOD" missed="0" covered="1"/></method><counter type="INSTRUCTION" missed="0" covered="21"/><counter type="LINE" missed="0" covered="1"/><counter type="COMPLEXITY" missed="0" covered="1"/><counter type="METHOD" missed="0" covered="1"/><counter type="CLASS" missed="0" covered="1"/></class><class name="network/ike/plugin/ws/VerifyConvergenceMojo" sourcefilename="VerifyConvergenceMojo.java"><method name="&lt;init&gt;" desc="()V" line="61"><counter type="INSTRUCTION" missed="0" covered="3"/><counter type="LINE" missed="0" covered="1"/><counter type="COMPLEXITY" missed="0" covered="1"/><counter type="METHOD" missed="0" covered="1"/></method><method name="runGoal" desc="()Lnetwork/ike/plugin/ws/WorkspaceReportSpec;" line="65"><counter type="INSTRUCTION" missed="168" covered="150"/><counter type="BRANCH" missed="15" covered="5"/><counter type="LINE" missed="41" covered="33"/><counter type="COMPLEXITY" missed="9" covered="2"/><counter type="METHOD" missed="0" covered="1"/></method><method name="buildSummary" desc="(Ljava/lang/String;IZZLjava/util/List;Z)Ljava/lang/String;" line="205"><counter type="INSTRUCTION" missed="71" covered="66"/><counter type="BRANCH" missed="9" covered="5"/><counter type="LINE" missed="11" covered="11"/><counter type="COMPLEXITY" missed="7" covered="1"/><counter type="METHOD" missed="0" covered="1"/></method><method name="checkParentVersionSkew" desc="(Lnetwork/ike/workspace/WorkspaceGraph;Ljava/io/File;)Z" line="246"><counter type="INSTRUCTION" missed="153" covered="12"/><counter type="BRANCH" missed="19" covered="1"/><counter type="LINE" missed="38" covered="2"/><counter type="COMPLEXITY" missed="10" covered="1"/><counter type="METHOD" missed="0" covered="1"/></method><method name="checkBranchQualifierContamination" desc="(Lnetwork/ike/workspace/WorkspaceGraph;Ljava/io/File;)Z" line="321"><counter type="INSTRUCTION" missed="138" covered="109"/><counter type="BRANCH" missed="17" covered="9"/><counter type="LINE" missed="32" covered="17"/><counter type="COMPLEXITY" missed="11" covered="3"/><counter type="METHOD" missed="0" covered="1"/></method><method name="resolveConvergenceReportPath" desc="(Ljava/io/File;)Ljava/nio/file/Path;" line="395"><counter type="INSTRUCTION" missed="20" covered="0"/><counter type="BRANCH" missed="4" covered="0"/><counter type="LINE" missed="3" covered="0"/><counter type="COMPLEXITY" missed="3" covered="0"/><counter type="METHOD" missed="1" covered="0"/></method><counter type="INSTRUCTION" missed="550" covered="340"/><counter type="BRANCH" missed="64" covered="20"/><counter type="LINE" missed="125" covered="64"/><counter type="COMPLEXITY" missed="40" covered="8"/><counter type="METHOD" missed="1" covered="5"/><counter type="CLASS" missed="0" covered="1"/></class><class name="network/ike/plugin/ws/WsHelpMojo" sourcefilename="WsHelpMojo.java"><method name="&lt;init&gt;" desc="()V" line="42"><counter type="INSTRUCTION" missed="3" covered="0"/><counter type="LINE" missed="1" covered="0"/><counter type="COMPLEXITY" missed="1" covered="0"/><counter type="METHOD" missed="1" covered="0"/></method><method name="runGoal" desc="()Lnetwork/ike/plugin/ws/WorkspaceReportSpec;" line="46"><counter type="INSTRUCTION" missed="101" covered="0"/><counter type="BRANCH" missed="4" covered="0"/><counter type="LINE" missed="21" covered="0"/><counter type="COMPLEXITY" missed="3" covered="0"/><counter type="METHOD" missed="1" covered="0"/></method><method name="buildHelpReport" desc="(Ljava/util/List;)Ljava/lang/String;" line="82"><counter type="INSTRUCTION" missed="50" covered="0"/><counter type="BRANCH" missed="2" covered="0"/><counter type="LINE" missed="8" covered="0"/><counter type="COMPLEXITY" missed="2" covered="0"/><counter type="METHOD" missed="1" covered="0"/></method><method name="discoverGoals" desc="()Ljava/util/List;" line="102"><counter type="INSTRUCTION" missed="37" covered="0"/><counter type="BRANCH" missed="2" covered="0"/><counter type="LINE" missed="5" covered="0"/><counter type="COMPLEXITY" missed="2" covered="0"/><counter type="METHOD" missed="1" covered="0"/></method><method name="categorize" desc="(Ljava/util/List;)Ljava/util/Map;" line="120"><counter type="INSTRUCTION" missed="73" covered="0"/><counter type="BRANCH" missed="2" covered="0"/><counter type="LINE" missed="12" covered="0"/><counter type="COMPLEXITY" missed="2" covered="0"/><counter type="METHOD" missed="1" covered="0"/></method><method name="categoryOf" desc="(Ljava/lang/String;)Ljava/lang/String;" line="144"><counter type="INSTRUCTION" missed="68" covered="0"/><counter type="BRANCH" missed="28" covered="0"/><counter type="LINE" missed="14" covered="0"/><counter type="COMPLEXITY" missed="15" covered="0"/><counter type="METHOD" missed="1" covered="0"/></method><method name="printOptions" desc="()V" line="172"><counter type="INSTRUCTION" missed="81" covered="0"/><counter type="LINE" missed="22" covered="0"/><counter type="COMPLEXITY" missed="1" covered="0"/><counter type="METHOD" missed="1" covered="0"/></method><method name="lambda$discoverGoals$0" desc="(Lnetwork/ike/plugin/ws/WsHelpMojo$GoalInfo;)Ljava/lang/String;" line="106"><counter type="INSTRUCTION" missed="3" covered="0"/><counter type="LINE" missed="1" covered="0"/><counter type="COMPLEXITY" missed="1" covered="0"/><counter type="METHOD" missed="1" covered="0"/></method><counter type="INSTRUCTION" missed="416" covered="0"/><counter type="BRANCH" missed="38" covered="0"/><counter type="LINE" missed="83" covered="0"/><counter type="COMPLEXITY" missed="27" covered="0"/><counter type="METHOD" missed="8" covered="0"/><counter type="CLASS" missed="1" covered="0"/></class><class name="network/ike/plugin/ws/FeatureStartPublishMojo" sourcefilename="FeatureStartPublishMojo.java"><method name="&lt;init&gt;" desc="()V" line="26"><counter type="INSTRUCTION" missed="3" covered="0"/><counter type="LINE" missed="1" covered="0"/><counter type="COMPLEXITY" missed="1" covered="0"/><counter type="METHOD" missed="1" covered="0"/></method><method name="runGoal" desc="()Lnetwork/ike/plugin/ws/WorkspaceReportSpec;" line="30"><counter type="INSTRUCTION" missed="8" covered="0"/><counter type="LINE" missed="3" covered="0"/><counter type="COMPLEXITY" missed="1" covered="0"/><counter type="METHOD" missed="1" covered="0"/></method><method name="autoAlign" desc="()V" line="36"><counter type="INSTRUCTION" missed="38" covered="0"/><counter type="LINE" missed="10" covered="0"/><counter type="COMPLEXITY" missed="1" covered="0"/><counter type="METHOD" missed="1" covered="0"/></method><counter type="INSTRUCTION" missed="49" covered="0"/><counter type="LINE" missed="14" covered="0"/><counter type="COMPLEXITY" missed="3" covered="0"/><counter type="METHOD" missed="3" covered="0"/><counter type="CLASS" missed="1" covered="0"/></class><class name="network/ike/plugin/ws/FeatureStartDraftMojo" sourcefilename="FeatureStartDraftMojo.java"><method name="&lt;init&gt;" desc="()V" line="109"><counter type="INSTRUCTION" missed="0" covered="3"/><counter type="LINE" missed="0" covered="1"/><counter type="COMPLEXITY" missed="0" covered="1"/><counter type="METHOD" missed="0" covered="1"/></method><method name="runGoal" desc="()Lnetwork/ike/plugin/ws/WorkspaceReportSpec;" line="129"><counter type="INSTRUCTION" missed="65" covered="539"/><counter type="BRANCH" missed="16" covered="56"/><counter type="LINE" missed="15" covered="96"/><counter type="COMPLEXITY" missed="15" covered="22"/><counter type="METHOD" missed="0" covered="1"/></method><method name="buildMarkdownReport" desc="(Ljava/lang/String;Ljava/util/List;Ljava/util/List;)Ljava/lang/String;" line="323"><counter type="INSTRUCTION" missed="0" covered="128"/><counter type="BRANCH" missed="0" covered="10"/><counter type="LINE" missed="0" covered="21"/><counter type="COMPLEXITY" missed="0" covered="6"/><counter type="METHOD" missed="0" covered="1"/></method><method name="executeBareMode" desc="(Ljava/lang/String;)Lnetwork/ike/plugin/ws/WorkspaceReportSpec;" line="357"><counter type="INSTRUCTION" missed="17" covered="279"/><counter type="BRANCH" missed="3" covered="23"/><counter type="LINE" missed="4" covered="50"/><counter type="COMPLEXITY" missed="3" covered="11"/><counter type="METHOD" missed="0" covered="1"/></method><method name="branchWorkspaceRepo" desc="(Ljava/lang/String;Ljava/util/List;)V" line="454"><counter type="INSTRUCTION" missed="104" covered="17"/><counter type="BRANCH" missed="9" covered="1"/><counter type="LINE" missed="22" covered="4"/><counter type="COMPLEXITY" missed="5" covered="1"/><counter type="METHOD" missed="0" covered="1"/></method><method name="checkBomCascadeAndConfirm" desc="(Lnetwork/ike/workspace/WorkspaceGraph;Ljava/io/File;)Ljava/util/List;" line="506"><counter type="INSTRUCTION" missed="45" covered="171"/><counter type="BRANCH" missed="5" covered="11"/><counter type="LINE" missed="11" covered="39"/><counter type="COMPLEXITY" missed="5" covered="4"/><counter type="METHOD" missed="0" covered="1"/></method><method name="resolveAffectedSubset" desc="(Ljava/util/Set;)Ljava/util/Set;" line="640"><counter type="INSTRUCTION" missed="6" covered="59"/><counter type="BRANCH" missed="2" covered="10"/><counter type="LINE" missed="2" covered="11"/><counter type="COMPLEXITY" missed="2" covered="5"/><counter type="METHOD" missed="0" covered="1"/></method><method name="lambda$checkBomCascadeAndConfirm$0" desc="(Ljava/io/File;Lnetwork/ike/workspace/WorkspaceGraph;Lnetwork/ike/workspace/BomAnalysis$CascadeIssue;)Z" line="533"><counter type="INSTRUCTION" missed="6" covered="87"/><counter type="BRANCH" missed="4" covered="10"/><counter type="LINE" missed="2" covered="21"/><counter type="COMPLEXITY" missed="4" covered="4"/><counter type="METHOD" missed="0" covered="1"/></method><counter type="INSTRUCTION" missed="243" covered="1283"/><counter type="BRANCH" missed="39" covered="121"/><counter type="LINE" missed="56" covered="243"/><counter type="COMPLEXITY" missed="34" covered="54"/><counter type="METHOD" missed="0" covered="8"/><counter type="CLASS" missed="0" covered="1"/></class><class name="network/ike/plugin/ws/FeatureStartDraftMojo$BranchRow" sourcefilename="FeatureStartDraftMojo.java"><method name="&lt;init&gt;" desc="(Ljava/lang/String;Ljava/lang/String;Ljava/lang/String;Ljava/lang/String;)V" line="120"><counter type="INSTRUCTION" missed="0" covered="15"/><counter type="LINE" missed="0" covered="1"/><counter type="COMPLEXITY" missed="0" covered="1"/><counter type="METHOD" missed="0" covered="1"/></method><counter type="INSTRUCTION" missed="0" covered="15"/><counter type="LINE" missed="0" covered="1"/><counter type="COMPLEXITY" missed="0" covered="1"/><counter type="METHOD" missed="0" covered="1"/><counter type="CLASS" missed="0" covered="1"/></class><class name="network/ike/plugin/ws/PomParentSupport" sourcefilename="PomParentSupport.java"><method name="readParent" desc="(Ljava/nio/file/Path;)Lnetwork/ike/plugin/ws/PomParentSupport$ParentInfo;" line="32"><counter type="INSTRUCTION" missed="20" covered="0"/><counter type="BRANCH" missed="2" covered="0"/><counter type="LINE" missed="7" covered="0"/><counter type="COMPLEXITY" missed="2" covered="0"/><counter type="METHOD" missed="1" covered="0"/></method><method name="updateParentVersion" desc="(Ljava/lang/String;Ljava/lang/String;Ljava/lang/String;Ljava/lang/String;)Ljava/lang/String;" line="59"><counter type="INSTRUCTION" missed="6" covered="0"/><counter type="LINE" missed="1" covered="0"/><counter type="COMPLEXITY" missed="1" covered="0"/><counter type="METHOD" missed="1" covered="0"/></method><method name="hasEmptyRelativePath" desc="(Ljava/nio/file/Path;)Z" line="87"><counter type="INSTRUCTION" missed="7" covered="0"/><counter type="LINE" missed="2" covered="0"/><counter type="COMPLEXITY" missed="1" covered="0"/><counter type="METHOD" missed="1" covered="0"/></method><method name="hasEmptyRelativePathInContent" desc="(Ljava/lang/String;)Z" line="101"><counter type="INSTRUCTION" missed="0" covered="22"/><counter type="BRANCH" missed="0" covered="4"/><counter type="LINE" missed="0" covered="5"/><counter type="COMPLEXITY" missed="0" covered="3"/><counter type="METHOD" missed="0" covered="1"/></method><method name="&lt;clinit&gt;" desc="()V" line="110"><counter type="INSTRUCTION" missed="0" covered="7"/><counter type="LINE" missed="0" covered="2"/><counter type="COMPLEXITY" missed="0" covered="1"/><counter type="METHOD" missed="0" covered="1"/></method><counter type="INSTRUCTION" missed="33" covered="29"/><counter type="BRANCH" missed="2" covered="4"/><counter type="LINE" missed="10" covered="7"/><counter type="COMPLEXITY" missed="4" covered="4"/><counter type="METHOD" missed="3" covered="2"/><counter type="CLASS" missed="0" covered="1"/></class><class name="network/ike/plugin/ws/WsReconcileBranchesDraftMojo$BranchChanges" sourcefilename="WsReconcileBranchesDraftMojo.java"><method name="&lt;init&gt;" desc="(Ljava/util/List;Ljava/util/List;)V" line="190"><counter type="INSTRUCTION" missed="0" covered="9"/><counter type="LINE" missed="0" covered="1"/><counter type="COMPLEXITY" missed="0" covered="1"/><counter type="METHOD" missed="0" covered="1"/></method><counter type="INSTRUCTION" missed="0" covered="9"/><counter type="LINE" missed="0" covered="1"/><counter type="COMPLEXITY" missed="0" covered="1"/><counter type="METHOD" missed="0" covered="1"/><counter type="CLASS" missed="0" covered="1"/></class><class name="network/ike/plugin/ws/PullWorkspaceMojo" sourcefilename="PullWorkspaceMojo.java"><method name="&lt;init&gt;" desc="()V" line="38"><counter type="INSTRUCTION" missed="0" covered="3"/><counter type="LINE" missed="0" covered="1"/><counter type="COMPLEXITY" missed="0" covered="1"/><counter type="METHOD" missed="0" covered="1"/></method><method name="runGoal" desc="()Lnetwork/ike/plugin/ws/WorkspaceReportSpec;" line="42"><counter type="INSTRUCTION" missed="40" covered="190"/><counter type="BRANCH" missed="5" covered="11"/><counter type="LINE" missed="5" covered="39"/><counter type="COMPLEXITY" missed="5" covered="4"/><counter type="METHOD" missed="0" covered="1"/></method><method name="pullOne" desc="(Ljava/io/File;Ljava/lang/String;)Lnetwork/ike/plugin/ws/PullWorkspaceMojo$PullRow;" line="119"><counter type="INSTRUCTION" missed="67" covered="109"/><counter type="BRANCH" missed="0" covered="6"/><counter type="LINE" missed="18" covered="23"/><counter type="COMPLEXITY" missed="0" covered="4"/><counter type="METHOD" missed="0" covered="1"/></method><method name="buildRetryCommand" desc="(Ljava/lang/String;)Ljava/lang/String;" line="192"><counter type="INSTRUCTION" missed="9" covered="0"/><counter type="BRANCH" missed="2" covered="0"/><counter type="LINE" missed="3" covered="0"/><counter type="COMPLEXITY" missed="2" covered="0"/><counter type="METHOD" missed="1" covered="0"/></method><method name="buildSetUpstreamCommand" desc="(Ljava/lang/String;Ljava/lang/String;)Ljava/lang/String;" line="199"><counter type="INSTRUCTION" missed="3" covered="8"/><counter type="BRANCH" missed="1" covered="1"/><counter type="LINE" missed="1" covered="2"/><counter type="COMPLEXITY" missed="1" covered="1"/><counter type="METHOD" missed="0" covered="1"/></method><method name="safeCommitLog" desc="(Ljava/io/File;Ljava/lang/String;Ljava/lang/String;)Ljava/util/List;" line="207"><counter type="INSTRUCTION" missed="11" covered="5"/><counter type="LINE" missed="4" covered="1"/><counter type="COMPLEXITY" missed="0" covered="1"/><counter type="METHOD" missed="0" covered="1"/></method><method name="shorten" desc="(Ljava/lang/String;)Ljava/lang/String;" line="216"><counter type="INSTRUCTION" missed="2" covered="11"/><counter type="BRANCH" missed="2" covered="2"/><counter type="LINE" missed="0" covered="2"/><counter type="COMPLEXITY" missed="2" covered="1"/><counter type="METHOD" missed="0" covered="1"/></method><method name="capCommitSubjects" desc="(Ljava/util/List;)Ljava/util/List;" line="221"><counter type="INSTRUCTION" missed="3" covered="42"/><counter type="BRANCH" missed="2" covered="4"/><counter type="LINE" missed="0" covered="8"/><counter type="COMPLEXITY" missed="2" covered="2"/><counter type="METHOD" missed="0" covered="1"/></method><method name="buildPullReport" desc="(Ljava/util/List;Ljava/lang/String;)Ljava/lang/String;" line="239"><counter type="INSTRUCTION" missed="69" covered="223"/><counter type="BRANCH" missed="8" covered="20"/><counter type="LINE" missed="13" covered="51"/><counter type="COMPLEXITY" missed="6" covered="11"/><counter type="METHOD" missed="0" covered="1"/></method><method name="lambda$buildPullReport$2" desc="(Lnetwork/ike/plugin/ws/PullWorkspaceMojo$PullRow;)Z" line="311"><counter type="INSTRUCTION" missed="2" covered="6"/><counter type="BRANCH" missed="1" covered="1"/><counter type="LINE" missed="0" covered="1"/><counter type="COMPLEXITY" missed="1" covered="1"/><counter type="METHOD" missed="0" covered="1"/></method><method name="lambda$buildPullReport$1" desc="(Lnetwork/ike/plugin/ws/PullWorkspaceMojo$PullRow;)Z" line="296"><counter type="INSTRUCTION" missed="0" covered="8"/><counter type="BRANCH" missed="0" covered="2"/><counter type="LINE" missed="0" covered="1"/><counter type="COMPLEXITY" missed="0" covered="2"/><counter type="METHOD" missed="0" covered="1"/></method><method name="lambda$buildPullReport$0" desc="(Lnetwork/ike/plugin/ws/PullWorkspaceMojo$PullRow;)Z" line="276"><counter type="INSTRUCTION" missed="0" covered="12"/><counter type="BRANCH" missed="1" covered="3"/><counter type="LINE" missed="0" covered="2"/><counter type="COMPLEXITY" missed="1" covered="2"/><counter type="METHOD" missed="0" covered="1"/></method><method name="lambda$runGoal$4" desc="(Lnetwork/ike/plugin/ws/PullWorkspaceMojo$PullRow;)Z" line="85"><counter type="INSTRUCTION" missed="2" covered="6"/><counter type="BRANCH" missed="1" covered="1"/><counter type="LINE" missed="0" covered="1"/><counter type="COMPLEXITY" missed="1" covered="1"/><counter type="METHOD" missed="0" covered="1"/></method><method name="lambda$runGoal$3" desc="(Lnetwork/ike/plugin/ws/PullWorkspaceMojo$PullRow;)Z" line="84"><counter type="INSTRUCTION" missed="2" covered="6"/><counter type="BRANCH" missed="1" covered="1"/><counter type="LINE" missed="0" covered="1"/><counter type="COMPLEXITY" missed="1" covered="1"/><counter type="METHOD" missed="0" covered="1"/></method><method name="lambda$runGoal$2" desc="(Lnetwork/ike/plugin/ws/PullWorkspaceMojo$PullRow;)Z" line="83"><counter type="INSTRUCTION" missed="0" covered="8"/><counter type="BRANCH" missed="0" covered="2"/><counter type="LINE" missed="0" covered="1"/><counter type="COMPLEXITY" missed="0" covered="2"/><counter type="METHOD" missed="0" covered="1"/></method><method name="lambda$runGoal$1" desc="(Lnetwork/ike/plugin/ws/PullWorkspaceMojo$PullRow;)Z" line="82"><counter type="INSTRUCTION" missed="0" covered="8"/><counter type="BRANCH" missed="0" covered="2"/><counter type="LINE" missed="0" covered="1"/><counter type="COMPLEXITY" missed="0" covered="2"/><counter type="METHOD" missed="0" covered="1"/></method><method name="lambda$runGoal$0" desc="(Lnetwork/ike/plugin/ws/PullWorkspaceMojo$PullRow;)Z" line="81"><counter type="INSTRUCTION" missed="0" covered="8"/><counter type="BRANCH" missed="0" covered="2"/><counter type="LINE" missed="0" covered="1"/><counter type="COMPLEXITY" missed="0" covered="2"/><counter type="METHOD" missed="0" covered="1"/></method><counter type="INSTRUCTION" missed="210" covered="653"/><counter type="BRANCH" missed="24" covered="58"/><counter type="LINE" missed="44" covered="127"/><counter type="COMPLEXITY" missed="22" covered="38"/><counter type="METHOD" missed="1" covered="16"/><counter type="CLASS" missed="0" covered="1"/></class><class name="network/ike/plugin/ws/WsGoal" sourcefilename="WsGoal.java"><method name="&lt;init&gt;" desc="(Ljava/lang/String;ILjava/lang/String;Ljava/lang/Class;Ljava/lang/String;)V" line="123"><counter type="INSTRUCTION" missed="0" covered="14"/><counter type="LINE" missed="0" covered="5"/><counter type="COMPLEXITY" missed="0" covered="1"/><counter type="METHOD" missed="0" covered="1"/></method><method name="goalName" desc="()Ljava/lang/String;" line="131"><counter type="INSTRUCTION" missed="0" covered="3"/><counter type="LINE" missed="0" covered="1"/><counter type="COMPLEXITY" missed="0" covered="1"/><counter type="METHOD" missed="0" covered="1"/></method><method name="qualified" desc="()Ljava/lang/String;" line="136"><counter type="INSTRUCTION" missed="0" covered="4"/><counter type="LINE" missed="0" covered="1"/><counter type="COMPLEXITY" missed="0" covered="1"/><counter type="METHOD" missed="0" covered="1"/></method><method name="mojoClass" desc="()Ljava/lang/Class;" line="141"><counter type="INSTRUCTION" missed="0" covered="3"/><counter type="LINE" missed="0" covered="1"/><counter type="COMPLEXITY" missed="0" covered="1"/><counter type="METHOD" missed="0" covered="1"/></method><method name="description" desc="()Ljava/lang/String;" line="146"><counter type="INSTRUCTION" missed="3" covered="0"/><counter type="LINE" missed="1" covered="0"/><counter type="COMPLEXITY" missed="1" covered="0"/><counter type="METHOD" missed="1" covered="0"/></method><method name="&lt;clinit&gt;" desc="()V" line="20"><counter type="INSTRUCTION" missed="0" covered="399"/><counter type="LINE" missed="0" covered="45"/><counter type="COMPLEXITY" missed="0" covered="1"/><counter type="METHOD" missed="0" covered="1"/></method><counter type="INSTRUCTION" missed="3" covered="423"/><counter type="LINE" missed="1" covered="53"/><counter type="COMPLEXITY" missed="1" covered="5"/><counter type="METHOD" missed="1" covered="5"/><counter type="CLASS" missed="0" covered="1"/></class><class name="network/ike/plugin/ws/ReactorWalker$ReactorScan" sourcefilename="ReactorWalker.java"><method name="&lt;init&gt;" desc="(Ljava/util/List;)V" line="45"><counter type="INSTRUCTION" missed="0" covered="9"/><counter type="LINE" missed="0" covered="3"/><counter type="COMPLEXITY" missed="0" covered="1"/><counter type="METHOD" missed="0" covered="1"/></method><counter type="INSTRUCTION" missed="0" covered="9"/><counter type="LINE" missed="0" covered="3"/><counter type="COMPLEXITY" missed="0" covered="1"/><counter type="METHOD" missed="0" covered="1"/><counter type="CLASS" missed="0" covered="1"/></class><class name="network/ike/plugin/ws/RefreshMainSupport$AutoResolved" sourcefilename="RefreshMainSupport.java"><method name="&lt;init&gt;" desc="(Ljava/lang/String;II)V" line="99"><counter type="INSTRUCTION" missed="12" covered="0"/><counter type="LINE" missed="1" covered="0"/><counter type="COMPLEXITY" missed="1" covered="0"/><counter type="METHOD" missed="1" covered="0"/></method><counter type="INSTRUCTION" missed="12" covered="0"/><counter type="LINE" missed="1" covered="0"/><counter type="COMPLEXITY" missed="1" covered="0"/><counter type="METHOD" missed="1" covered="0"/><counter type="CLASS" missed="1" covered="0"/></class><class name="network/ike/plugin/ws/FeatureFinishSupport" sourcefilename="FeatureFinishSupport.java"><method name="detectFeature" desc="(Ljava/io/File;Ljava/util/List;Lnetwork/ike/plugin/ws/AbstractWorkspaceMojo;Lorg/apache/maven/api/plugin/Log;)Ljava/lang/String;" line="57"><counter type="INSTRUCTION" missed="96" covered="0"/><counter type="BRANCH" missed="14" covered="0"/><counter type="LINE" missed="19" covered="0"/><counter type="COMPLEXITY" missed="8" covered="0"/><counter type="METHOD" missed="1" covered="0"/></method><method name="validateComponent" desc="(Ljava/io/File;Ljava/lang/String;Ljava/lang/String;Ljava/lang/String;Lnetwork/ike/workspace/Subproject;Lnetwork/ike/plugin/ws/AbstractWorkspaceMojo;)Ljava/lang/String;" line="133"><counter type="INSTRUCTION" missed="8" covered="59"/><counter type="BRANCH" missed="7" covered="11"/><counter type="LINE" missed="3" covered="15"/><counter type="COMPLEXITY" missed="7" covered="3"/><counter type="METHOD" missed="0" covered="1"/></method><method name="generateFeatureMessage" desc="(Ljava/io/File;Ljava/util/List;Ljava/lang/String;Ljava/lang/String;Ljava/lang/String;Lorg/apache/maven/api/plugin/Log;)Ljava/lang/String;" line="179"><counter type="INSTRUCTION" missed="72" covered="110"/><counter type="BRANCH" missed="12" covered="10"/><counter type="LINE" missed="13" covered="21"/><counter type="COMPLEXITY" missed="8" covered="4"/><counter type="METHOD" missed="0" covered="1"/></method><method name="stripBranchVersion" desc="(Ljava/io/File;Lnetwork/ike/workspace/Subproject;Ljava/lang/String;Lorg/apache/maven/api/plugin/Log;)Ljava/lang/String;" line="234"><counter type="INSTRUCTION" missed="2" covered="72"/><counter type="BRANCH" missed="2" covered="2"/><counter type="LINE" missed="1" covered="11"/><counter type="COMPLEXITY" missed="2" covered="1"/><counter type="METHOD" missed="0" covered="1"/></method><method name="stripBranchVersionBare" desc="(Ljava/io/File;Ljava/lang/String;Lorg/apache/maven/api/plugin/Log;)Ljava/lang/String;" line="263"><counter type="INSTRUCTION" missed="7" covered="81"/><counter type="BRANCH" missed="3" covered="3"/><counter type="LINE" missed="3" covered="14"/><counter type="COMPLEXITY" missed="3" covered="1"/><counter type="METHOD" missed="0" covered="1"/></method><method name="deleteBranch" desc="(Ljava/io/File;Lorg/apache/maven/api/plugin/Log;Ljava/lang/String;Z)Ljava/lang/String;" line="315"><counter type="INSTRUCTION" missed="11" covered="41"/><counter type="BRANCH" missed="0" covered="4"/><counter type="LINE" missed="3" covered="13"/><counter type="COMPLEXITY" missed="0" covered="3"/><counter type="METHOD" missed="0" covered="1"/></method><method name="deleteBranch" desc="(Ljava/io/File;Lorg/apache/maven/api/plugin/Log;Ljava/lang/String;)V" line="358"><counter type="INSTRUCTION" missed="7" covered="0"/><counter type="LINE" missed="2" covered="0"/><counter type="COMPLEXITY" missed="1" covered="0"/><counter type="METHOD" missed="1" covered="0"/></method><method name="cleanFeatureSites" desc="(Ljava/io/File;Ljava/util/List;Ljava/lang/String;Lorg/apache/maven/api/plugin/Log;)V" line="366"><counter type="INSTRUCTION" missed="7" covered="29"/><counter type="BRANCH" missed="0" covered="2"/><counter type="LINE" missed="3" covered="7"/><counter type="COMPLEXITY" missed="0" covered="2"/><counter type="METHOD" missed="0" covered="1"/></method><method name="updateWorkspaceYaml" desc="(Ljava/nio/file/Path;Ljava/util/List;Ljava/lang/String;Ljava/lang/String;Lorg/apache/maven/api/plugin/Log;)V" line="387"><counter type="INSTRUCTION" missed="49" covered="42"/><counter type="BRANCH" missed="3" covered="3"/><counter type="LINE" missed="5" covered="11"/><counter type="COMPLEXITY" missed="2" covered="2"/><counter type="METHOD" missed="0" covered="1"/></method><method name="mergeWorkspaceRepo" desc="(Ljava/nio/file/Path;Ljava/lang/String;Ljava/lang/String;ZZLorg/apache/maven/api/plugin/Log;)V" line="418"><counter type="INSTRUCTION" missed="58" covered="12"/><counter type="BRANCH" missed="11" covered="1"/><counter type="LINE" missed="19" covered="2"/><counter type="COMPLEXITY" missed="6" covered="1"/><counter type="METHOD" missed="0" covered="1"/></method><method name="promptStaleBranchCleanup" desc="(Ljava/io/File;Ljava/util/List;Ljava/lang/String;Ljava/lang/String;Lnetwork/ike/plugin/support/IkePrompter;Lorg/apache/maven/api/plugin/Log;)V" line="475"><counter type="INSTRUCTION" missed="178" covered="47"/><counter type="BRANCH" missed="23" covered="5"/><counter type="LINE" missed="38" covered="11"/><counter type="COMPLEXITY" missed="13" covered="2"/><counter type="METHOD" missed="0" covered="1"/></method><method name="verifyAndFixQualifiers" desc="(Ljava/io/File;Ljava/lang/String;Lorg/apache/maven/api/plugin/Log;)V" line="561"><counter type="INSTRUCTION" missed="9" covered="164"/><counter type="BRANCH" missed="4" covered="12"/><counter type="LINE" missed="2" covered="30"/><counter type="COMPLEXITY" missed="4" covered="5"/><counter type="METHOD" missed="0" covered="1"/></method><method name="findQualifierContamination" desc="(Ljava/io/File;Ljava/lang/String;)Ljava/util/List;" line="631"><counter type="INSTRUCTION" missed="49" covered="0"/><counter type="BRANCH" missed="6" covered="0"/><counter type="LINE" missed="14" covered="0"/><counter type="COMPLEXITY" missed="4" covered="0"/><counter type="METHOD" missed="1" covered="0"/></method><method name="readCurrentVersion" desc="(Ljava/io/File;Lorg/apache/maven/api/plugin/Log;)Ljava/lang/String;" line="658"><counter type="INSTRUCTION" missed="10" covered="7"/><counter type="LINE" missed="4" covered="1"/><counter type="COMPLEXITY" missed="0" covered="1"/><counter type="METHOD" missed="0" covered="1"/></method><method name="qualifierFromBranch" desc="(Ljava/lang/String;)Ljava/lang/String;" line="682"><counter type="INSTRUCTION" missed="0" covered="3"/><counter type="LINE" missed="0" covered="1"/><counter type="COMPLEXITY" missed="0" covered="1"/><counter type="METHOD" missed="0" covered="1"/></method><method name="containsBranchQualifier" desc="(Ljava/lang/String;Ljava/lang/String;)Z" line="695"><counter type="INSTRUCTION" missed="0" covered="15"/><counter type="BRANCH" missed="1" covered="5"/><counter type="LINE" missed="0" covered="3"/><counter type="COMPLEXITY" missed="1" covered="3"/><counter type="METHOD" missed="0" covered="1"/></method><method name="stripQualifier" desc="(Ljava/lang/String;Ljava/lang/String;)Ljava/lang/String;" line="708"><counter type="INSTRUCTION" missed="0" covered="6"/><counter type="LINE" missed="0" covered="1"/><counter type="COMPLEXITY" missed="0" covered="1"/><counter type="METHOD" missed="0" covered="1"/></method><method name="stripAllBranchQualifiedVersions" desc="(Ljava/io/File;Ljava/lang/String;Lorg/apache/maven/api/plugin/Log;)V" line="737"><counter type="INSTRUCTION" missed="34" covered="133"/><counter type="BRANCH" missed="2" covered="16"/><counter type="LINE" missed="11" covered="34"/><counter type="COMPLEXITY" missed="2" covered="8"/><counter type="METHOD" missed="0" covered="1"/></method><method name="setAllVersions" desc="(Ljava/io/File;Ljava/lang/String;Ljava/lang/String;Lorg/apache/maven/api/plugin/Log;)V" line="801"><counter type="INSTRUCTION" missed="8" covered="56"/><counter type="BRANCH" missed="1" covered="5"/><counter type="LINE" missed="2" covered="12"/><counter type="COMPLEXITY" missed="1" covered="3"/><counter type="METHOD" missed="0" covered="1"/></method><method name="lambda$promptStaleBranchCleanup$1" desc="(Ljava/lang/String;Ljava/util/List;)Z" line="509"><counter type="INSTRUCTION" missed="4" covered="0"/><counter type="LINE" missed="1" covered="0"/><counter type="COMPLEXITY" missed="1" covered="0"/><counter type="METHOD" missed="1" covered="0"/></method><method name="lambda$promptStaleBranchCleanup$0" desc="(Ljava/lang/String;Ljava/lang/String;)Z" line="483"><counter type="INSTRUCTION" missed="2" covered="6"/><counter type="BRANCH" missed="1" covered="1"/><counter type="LINE" missed="0" covered="1"/><counter type="COMPLEXITY" missed="1" covered="1"/><counter type="METHOD" missed="0" covered="1"/></method><counter type="INSTRUCTION" missed="611" covered="883"/><counter type="BRANCH" missed="90" covered="80"/><counter type="LINE" missed="142" covered="187"/><counter type="COMPLEXITY" missed="64" covered="42"/><counter type="METHOD" missed="4" covered="17"/><counter type="CLASS" missed="0" covered="1"/></class><class name="network/ike/plugin/ws/DotGraphSupport" sourcefilename="DotGraphSupport.java"><method name="dotFromGraph" desc="(Lnetwork/ike/workspace/WorkspaceGraph;)Ljava/lang/String;" line="47"><counter type="INSTRUCTION" missed="0" covered="48"/><counter type="BRANCH" missed="0" covered="4"/><counter type="LINE" missed="0" covered="13"/><counter type="COMPLEXITY" missed="0" covered="3"/><counter type="METHOD" missed="0" covered="1"/></method><method name="buildDotReportBlock" desc="(Lnetwork/ike/workspace/WorkspaceGraph;)Ljava/lang/String;" line="75"><counter type="INSTRUCTION" missed="0" covered="4"/><counter type="LINE" missed="0" covered="1"/><counter type="COMPLEXITY" missed="0" covered="1"/><counter type="METHOD" missed="0" covered="1"/></method><method name="buildDotReportSection" desc="(Lnetwork/ike/workspace/WorkspaceGraph;Ljava/lang/String;)Ljava/lang/String;" line="97"><counter type="INSTRUCTION" missed="0" covered="50"/><counter type="BRANCH" missed="0" covered="4"/><counter type="LINE" missed="0" covered="11"/><counter type="COMPLEXITY" missed="0" covered="3"/><counter type="METHOD" missed="0" covered="1"/></method><method name="krokiSvgUrl" desc="(Ljava/lang/String;Ljava/lang/String;)Ljava/lang/String;" line="129"><counter type="INSTRUCTION" missed="0" covered="19"/><counter type="BRANCH" missed="0" covered="2"/><counter type="LINE" missed="0" covered="4"/><counter type="COMPLEXITY" missed="0" covered="2"/><counter type="METHOD" missed="0" covered="1"/></method><method name="krokiEncode" desc="(Ljava/lang/String;)Ljava/lang/String;" line="144"><counter type="INSTRUCTION" missed="0" covered="42"/><counter type="BRANCH" missed="0" covered="2"/><counter type="LINE" missed="0" covered="13"/><counter type="COMPLEXITY" missed="0" covered="2"/><counter type="METHOD" missed="0" covered="1"/></method><method name="buildDotGraph" desc="(Ljava/lang/String;Ljava/util/List;Ljava/util/Map;)Ljava/lang/String;" line="174"><counter type="INSTRUCTION" missed="0" covered="116"/><counter type="BRANCH" missed="0" covered="8"/><counter type="LINE" missed="0" covered="23"/><counter type="COMPLEXITY" missed="0" covered="5"/><counter type="METHOD" missed="0" covered="1"/></method><method name="lambda$dotFromGraph$0" desc="(Lnetwork/ike/workspace/Dependency;)[Ljava/lang/String;" line="55"><counter type="INSTRUCTION" missed="0" covered="13"/><counter type="LINE" missed="0" covered="2"/><counter type="COMPLEXITY" missed="0" covered="1"/><counter type="METHOD" missed="0" covered="1"/></method><counter type="INSTRUCTION" missed="0" covered="292"/><counter type="BRANCH" missed="0" covered="20"/><counter type="LINE" missed="0" covered="66"/><counter type="COMPLEXITY" missed="0" covered="17"/><counter type="METHOD" missed="0" covered="7"/><counter type="CLASS" missed="0" covered="1"/></class><class name="network/ike/plugin/ws/PushMojo$Outcome" sourcefilename="PushMojo.java"><method name="&lt;clinit&gt;" desc="()V" line="363"><counter type="INSTRUCTION" missed="0" covered="27"/><counter type="LINE" missed="0" covered="1"/><counter type="COMPLEXITY" missed="0" covered="1"/><counter type="METHOD" missed="0" covered="1"/></method><counter type="INSTRUCTION" missed="0" covered="27"/><counter type="LINE" missed="0" covered="1"/><counter type="COMPLEXITY" missed="0" covered="1"/><counter type="METHOD" missed="0" covered="1"/><counter type="CLASS" missed="0" covered="1"/></class><class name="network/ike/plugin/ws/FeatureFinishMergeDraftMojo" sourcefilename="FeatureFinishMergeDraftMojo.java"><method name="&lt;init&gt;" desc="()V" line="51"><counter type="INSTRUCTION" missed="0" covered="6"/><counter type="LINE" missed="0" covered="2"/><counter type="COMPLEXITY" missed="0" covered="1"/><counter type="METHOD" missed="0" covered="1"/></method><method name="runGoal" desc="()Lnetwork/ike/plugin/ws/WorkspaceReportSpec;" line="92"><counter type="INSTRUCTION" missed="23" covered="39"/><counter type="BRANCH" missed="4" covered="6"/><counter type="LINE" missed="5" covered="8"/><counter type="COMPLEXITY" missed="4" covered="2"/><counter type="METHOD" missed="0" covered="1"/></method><method name="executeWorkspaceMode" desc="(Ljava/lang/String;)Lnetwork/ike/plugin/ws/WorkspaceReportSpec;" line="117"><counter type="INSTRUCTION" missed="237" covered="419"/><counter type="BRANCH" missed="36" covered="36"/><counter type="LINE" missed="47" covered="84"/><counter type="COMPLEXITY" missed="25" covered="12"/><counter type="METHOD" missed="0" covered="1"/></method><method name="buildMergeReport" desc="(Ljava/util/List;Ljava/lang/String;Ljava/lang/String;IZZLjava/util/Map;Ljava/util/List;Ljava/util/Map;)Ljava/lang/String;" line="343"><counter type="INSTRUCTION" missed="154" covered="155"/><counter type="BRANCH" missed="24" covered="20"/><counter type="LINE" missed="27" covered="32"/><counter type="COMPLEXITY" missed="17" covered="6"/><counter type="METHOD" missed="0" covered="1"/></method><method name="executeBareMode" desc="(Ljava/lang/String;)Lnetwork/ike/plugin/ws/WorkspaceReportSpec;" line="425"><counter type="INSTRUCTION" missed="77" covered="120"/><counter type="BRANCH" missed="11" covered="9"/><counter type="LINE" missed="15" covered="29"/><counter type="COMPLEXITY" missed="10" covered="1"/><counter type="METHOD" missed="0" covered="1"/></method><method name="shorten" desc="(Ljava/lang/String;)Ljava/lang/String;" line="495"><counter type="INSTRUCTION" missed="2" covered="11"/><counter type="BRANCH" missed="2" covered="2"/><counter type="LINE" missed="0" covered="2"/><counter type="COMPLEXITY" missed="2" covered="1"/><counter type="METHOD" missed="0" covered="1"/></method><counter type="INSTRUCTION" missed="493" covered="750"/><counter type="BRANCH" missed="77" covered="73"/><counter type="LINE" missed="94" covered="157"/><counter type="COMPLEXITY" missed="58" covered="23"/><counter type="METHOD" missed="0" covered="6"/><counter type="CLASS" missed="0" covered="1"/></class><class name="network/ike/plugin/ws/WsReleaseStatusMojo" sourcefilename="WsReleaseStatusMojo.java"><method name="&lt;init&gt;" desc="()V" line="56"><counter type="INSTRUCTION" missed="0" covered="3"/><counter type="LINE" missed="0" covered="1"/><counter type="COMPLEXITY" missed="0" covered="1"/><counter type="METHOD" missed="0" covered="1"/></method><method name="runGoal" desc="()Lnetwork/ike/plugin/ws/WorkspaceReportSpec;" line="60"><counter type="INSTRUCTION" missed="0" covered="77"/><counter type="BRANCH" missed="0" covered="2"/><counter type="LINE" missed="0" covered="20"/><counter type="COMPLEXITY" missed="0" covered="2"/><counter type="METHOD" missed="0" covered="1"/></method><method name="observe" desc="(Ljava/lang/String;Ljava/io/File;)Lnetwork/ike/plugin/ws/ReleaseStatusInspector$Observation;" line="97"><counter type="INSTRUCTION" missed="7" covered="63"/><counter type="BRANCH" missed="2" covered="6"/><counter type="LINE" missed="2" covered="14"/><counter type="COMPLEXITY" missed="2" covered="3"/><counter type="METHOD" missed="0" covered="1"/></method><method name="readPomVersion" desc="(Ljava/io/File;)Ljava/lang/String;" line="126"><counter type="INSTRUCTION" missed="5" covered="17"/><counter type="BRANCH" missed="1" covered="1"/><counter type="LINE" missed="3" covered="4"/><counter type="COMPLEXITY" missed="1" covered="1"/><counter type="METHOD" missed="0" covered="1"/></method><method name="safeCurrentBranch" desc="(Ljava/io/File;)Ljava/lang/String;" line="140"><counter type="INSTRUCTION" missed="3" covered="3"/><counter type="LINE" missed="2" covered="1"/><counter type="COMPLEXITY" missed="0" covered="1"/><counter type="METHOD" missed="0" covered="1"/></method><method name="listLocalTags" desc="(Ljava/io/File;)Ljava/util/Set;" line="152"><counter type="INSTRUCTION" missed="11" covered="28"/><counter type="BRANCH" missed="2" covered="2"/><counter type="LINE" missed="3" covered="2"/><counter type="COMPLEXITY" missed="2" covered="1"/><counter type="METHOD" missed="0" covered="1"/></method><method name="listRemoteTags" desc="(Ljava/io/File;)Ljava/util/Optional;" line="168"><counter type="INSTRUCTION" missed="87" covered="3"/><counter type="BRANCH" missed="10" covered="0"/><counter type="LINE" missed="12" covered="2"/><counter type="COMPLEXITY" missed="5" covered="1"/><counter type="METHOD" missed="0" covered="1"/></method><method name="renderFinding" desc="(Lnetwork/ike/plugin/ws/ReleaseStatusInspector$Finding;)V" line="193"><counter type="INSTRUCTION" missed="8" covered="74"/><counter type="BRANCH" missed="3" covered="6"/><counter type="LINE" missed="1" covered="15"/><counter type="COMPLEXITY" missed="3" covered="4"/><counter type="METHOD" missed="0" covered="1"/></method><method name="renderFooter" desc="(Ljava/util/List;)V" line="212"><counter type="INSTRUCTION" missed="14" covered="106"/><counter type="BRANCH" missed="4" covered="8"/><counter type="LINE" missed="4" covered="17"/><counter type="COMPLEXITY" missed="4" covered="3"/><counter type="METHOD" missed="0" covered="1"/></method><method name="buildMarkdownReport" desc="(Ljava/util/List;)Ljava/lang/String;" line="254"><counter type="INSTRUCTION" missed="0" covered="69"/><counter type="BRANCH" missed="0" covered="2"/><counter type="LINE" missed="0" covered="12"/><counter type="COMPLEXITY" missed="0" covered="2"/><counter type="METHOD" missed="0" covered="1"/></method><counter type="INSTRUCTION" missed="135" covered="443"/><counter type="BRANCH" missed="22" covered="27"/><counter type="LINE" missed="27" covered="88"/><counter type="COMPLEXITY" missed="17" covered="19"/><counter type="METHOD" missed="0" covered="10"/><counter type="CLASS" missed="0" covered="1"/></class><class name="network/ike/plugin/ws/PullWorkspaceMojo$PullRow" sourcefilename="PullWorkspaceMojo.java"><method name="&lt;init&gt;" desc="(Ljava/lang/String;Ljava/lang/String;Lnetwork/ike/plugin/ws/PullWorkspaceMojo$Outcome;Ljava/lang/String;Ljava/lang/String;ILjava/util/List;Ljava/lang/String;Ljava/lang/String;)V" line="337"><counter type="INSTRUCTION" missed="0" covered="30"/><counter type="LINE" missed="0" covered="1"/><counter type="COMPLEXITY" missed="0" covered="1"/><counter type="METHOD" missed="0" covered="1"/></method><method name="pulled" desc="(Ljava/lang/String;Ljava/lang/String;Ljava/lang/String;Ljava/lang/String;ILjava/util/List;)Lnetwork/ike/plugin/ws/PullWorkspaceMojo$PullRow;" line="351"><counter type="INSTRUCTION" missed="0" covered="13"/><counter type="LINE" missed="0" covered="1"/><counter type="COMPLEXITY" missed="0" covered="1"/><counter type="METHOD" missed="0" covered="1"/></method><method name="pulledUnknown" desc="(Ljava/lang/String;Ljava/lang/String;)Lnetwork/ike/plugin/ws/PullWorkspaceMojo$PullRow;" line="356"><counter type="INSTRUCTION" missed="13" covered="0"/><counter type="LINE" missed="2" covered="0"/><counter type="COMPLEXITY" missed="1" covered="0"/><counter type="METHOD" missed="1" covered="0"/></method><method name="upToDate" desc="(Ljava/lang/String;Ljava/lang/String;Ljava/lang/String;)Lnetwork/ike/plugin/ws/PullWorkspaceMojo$PullRow;" line="361"><counter type="INSTRUCTION" missed="0" covered="13"/><counter type="LINE" missed="0" covered="2"/><counter type="COMPLEXITY" missed="0" covered="1"/><counter type="METHOD" missed="0" covered="1"/></method><method name="noUpstream" desc="(Ljava/lang/String;Ljava/lang/String;)Lnetwork/ike/plugin/ws/PullWorkspaceMojo$PullRow;" line="366"><counter type="INSTRUCTION" missed="0" covered="13"/><counter type="LINE" missed="0" covered="2"/><counter type="COMPLEXITY" missed="0" covered="1"/><counter type="METHOD" missed="0" covered="1"/></method><method name="notCloned" desc="(Ljava/lang/String;)Lnetwork/ike/plugin/ws/PullWorkspaceMojo$PullRow;" line="371"><counter type="INSTRUCTION" missed="13" covered="0"/><counter type="LINE" missed="2" covered="0"/><counter type="COMPLEXITY" missed="1" covered="0"/><counter type="METHOD" missed="1" covered="0"/></method><method name="failure" desc="(Ljava/lang/String;Ljava/lang/String;Ljava/lang/String;Ljava/lang/String;)Lnetwork/ike/plugin/ws/PullWorkspaceMojo$PullRow;" line="377"><counter type="INSTRUCTION" missed="13" covered="0"/><counter type="LINE" missed="2" covered="0"/><counter type="COMPLEXITY" missed="1" covered="0"/><counter type="METHOD" missed="1" covered="0"/></method><counter type="INSTRUCTION" missed="39" covered="69"/><counter type="LINE" missed="6" covered="6"/><counter type="COMPLEXITY" missed="3" covered="4"/><counter type="METHOD" missed="3" covered="4"/><counter type="CLASS" missed="0" covered="1"/></class><class name="network/ike/plugin/ws/SubprojectResolver" sourcefilename="SubprojectResolver.java"><method name="&lt;init&gt;" desc="(Ljava/util/Map;)V" line="50"><counter type="INSTRUCTION" missed="0" covered="6"/><counter type="LINE" missed="0" covered="3"/><counter type="COMPLEXITY" missed="0" covered="1"/><counter type="METHOD" missed="0" covered="1"/></method><method name="scan" desc="(Ljava/nio/file/Path;Lnetwork/ike/workspace/Manifest;)Lnetwork/ike/plugin/ws/SubprojectResolver;" line="69"><counter type="INSTRUCTION" missed="1" covered="54"/><counter type="BRANCH" missed="1" covered="5"/><counter type="LINE" missed="1" covered="10"/><counter type="COMPLEXITY" missed="1" covered="3"/><counter type="METHOD" missed="0" covered="1"/></method><method name="subprojectForCoordinate" desc="(Ljava/lang/String;Ljava/lang/String;)Ljava/util/Optional;" line="96"><counter type="INSTRUCTION" missed="2" covered="13"/><counter type="BRANCH" missed="2" covered="2"/><counter type="LINE" missed="1" covered="2"/><counter type="COMPLEXITY" missed="2" covered="1"/><counter type="METHOD" missed="0" covered="1"/></method><counter type="INSTRUCTION" missed="3" covered="73"/><counter type="BRANCH" missed="3" covered="7"/><counter type="LINE" missed="2" covered="15"/><counter type="COMPLEXITY" missed="3" covered="5"/><counter type="METHOD" missed="0" covered="3"/><counter type="CLASS" missed="0" covered="1"/></class><class name="network/ike/plugin/ws/WorkspaceReportSpec" sourcefilename="WorkspaceReportSpec.java"><method name="&lt;init&gt;" desc="(Lnetwork/ike/plugin/ws/WsGoal;Ljava/lang/String;)V" line="22"><counter type="INSTRUCTION" missed="0" covered="9"/><counter type="LINE" missed="0" covered="1"/><counter type="COMPLEXITY" missed="0" covered="1"/><counter type="METHOD" missed="0" covered="1"/></method><counter type="INSTRUCTION" missed="0" covered="9"/><counter type="LINE" missed="0" covered="1"/><counter type="COMPLEXITY" missed="0" covered="1"/><counter type="METHOD" missed="0" covered="1"/><counter type="CLASS" missed="0" covered="1"/></class><class name="network/ike/plugin/ws/ReleasePlanCompute" sourcefilename="ReleasePlanCompute.java"><method name="compute" desc="(Lnetwork/ike/plugin/ws/ReactorWalker$ReactorScan;Ljava/util/List;Ljava/util/List;)Lnetwork/ike/plugin/ws/ReleasePlan;" line="128"><counter type="INSTRUCTION" missed="38" covered="430"/><counter type="BRANCH" missed="8" covered="58"/><counter type="LINE" missed="8" covered="93"/><counter type="COMPLEXITY" missed="7" covered="27"/><counter type="METHOD" missed="0" covered="1"/></method><method name="isMavenBuiltinExpression" desc="(Ljava/lang/String;)Z" line="313"><counter type="INSTRUCTION" missed="0" covered="40"/><counter type="BRANCH" missed="8" covered="10"/><counter type="LINE" missed="0" covered="9"/><counter type="COMPLEXITY" missed="8" covered="2"/><counter type="METHOD" missed="0" covered="1"/></method><method name="attributeSubproject" desc="(Ljava/nio/file/Path;Ljava/util/List;)Ljava/lang/String;" line="331"><counter type="INSTRUCTION" missed="1" covered="46"/><counter type="BRANCH" missed="2" covered="6"/><counter type="LINE" missed="0" covered="13"/><counter type="COMPLEXITY" missed="2" covered="3"/><counter type="METHOD" missed="0" covered="1"/></method><method name="lambda$compute$0" desc="(Ljava/lang/String;)Ljava/util/Set;" line="211"><counter type="INSTRUCTION" missed="0" covered="4"/><counter type="LINE" missed="0" covered="1"/><counter type="COMPLEXITY" missed="0" covered="1"/><counter type="METHOD" missed="0" covered="1"/></method><counter type="INSTRUCTION" missed="39" covered="520"/><counter type="BRANCH" missed="18" covered="74"/><counter type="LINE" missed="8" covered="115"/><counter type="COMPLEXITY" missed="17" covered="33"/><counter type="METHOD" missed="0" covered="4"/><counter type="CLASS" missed="0" covered="1"/></class><class name="network/ike/plugin/ws/WsCheckpointDraftMojo$CheckpointReportContext" sourcefilename="WsCheckpointDraftMojo.java"><method name="&lt;init&gt;" desc="(Ljava/lang/String;Ljava/lang/String;Ljava/lang/String;Ljava/lang/String;ZLjava/util/List;Ljava/util/List;Ljava/lang/String;Ljava/nio/file/Path;ZZZLnetwork/ike/plugin/ReleaseNotesSupport$TestingContext;Ljava/util/Map;)V" line="368"><counter type="INSTRUCTION" missed="0" covered="45"/><counter type="LINE" missed="0" covered="1"/><counter type="COMPLEXITY" missed="0" covered="1"/><counter type="METHOD" missed="0" covered="1"/></method><counter type="INSTRUCTION" missed="0" covered="45"/><counter type="LINE" missed="0" covered="1"/><counter type="COMPLEXITY" missed="0" covered="1"/><counter type="METHOD" missed="0" covered="1"/><counter type="CLASS" missed="0" covered="1"/></class><class name="network/ike/plugin/ws/WsAlignPublishMojo" sourcefilename="WsAlignPublishMojo.java"><method name="&lt;init&gt;" desc="()V" line="20"><counter type="INSTRUCTION" missed="0" covered="3"/><counter type="LINE" missed="0" covered="1"/><counter type="COMPLEXITY" missed="0" covered="1"/><counter type="METHOD" missed="0" covered="1"/></method><method name="runGoal" desc="()Lnetwork/ike/plugin/ws/WorkspaceReportSpec;" line="24"><counter type="INSTRUCTION" missed="0" covered="13"/><counter type="LINE" missed="0" covered="4"/><counter type="COMPLEXITY" missed="0" covered="1"/><counter type="METHOD" missed="0" covered="1"/></method><counter type="INSTRUCTION" missed="0" covered="16"/><counter type="LINE" missed="0" covered="5"/><counter type="COMPLEXITY" missed="0" covered="2"/><counter type="METHOD" missed="0" covered="2"/><counter type="CLASS" missed="0" covered="1"/></class><class name="network/ike/plugin/ws/ReleasePlan$ReferenceKind" sourcefilename="ReleasePlan.java"><method name="&lt;clinit&gt;" desc="()V" line="61"><counter type="INSTRUCTION" missed="0" covered="21"/><counter type="LINE" missed="0" covered="4"/><counter type="COMPLEXITY" missed="0" covered="1"/><counter type="METHOD" missed="0" covered="1"/></method><counter type="INSTRUCTION" missed="0" covered="21"/><counter type="LINE" missed="0" covered="4"/><counter type="COMPLEXITY" missed="0" covered="1"/><counter type="METHOD" missed="0" covered="1"/><counter type="CLASS" missed="0" covered="1"/></class><class name="network/ike/plugin/ws/WsReleaseDraftMojo$ReleaseCandidate" sourcefilename="WsReleaseDraftMojo.java"><method name="&lt;init&gt;" desc="(Ljava/lang/String;Lnetwork/ike/workspace/Subproject;Ljava/io/File;Ljava/lang/String;Ljava/lang/String;)V" line="1836"><counter type="INSTRUCTION" missed="0" covered="18"/><counter type="LINE" missed="0" covered="1"/><counter type="COMPLEXITY" missed="0" covered="1"/><counter type="METHOD" missed="0" covered="1"/></method><counter type="INSTRUCTION" missed="0" covered="18"/><counter type="LINE" missed="0" covered="1"/><counter type="COMPLEXITY" missed="0" covered="1"/><counter type="METHOD" missed="0" covered="1"/><counter type="CLASS" missed="0" covered="1"/></class><class name="network/ike/plugin/ws/ReleasePlan$ReferenceSite" sourcefilename="ReleasePlan.java"><method name="&lt;init&gt;" desc="(Ljava/nio/file/Path;Lnetwork/ike/plugin/ws/ReleasePlan$ReferenceKind;Lnetwork/ike/plugin/ws/ReleasePlan$GA;Ljava/lang/String;)V" line="89"><counter type="INSTRUCTION" missed="0" covered="15"/><counter type="LINE" missed="0" covered="1"/><counter type="COMPLEXITY" missed="0" covered="1"/><counter type="METHOD" missed="0" covered="1"/></method><counter type="INSTRUCTION" missed="0" covered="15"/><counter type="LINE" missed="0" covered="1"/><counter type="COMPLEXITY" missed="0" covered="1"/><counter type="METHOD" missed="0" covered="1"/><counter type="CLASS" missed="0" covered="1"/></class><class name="network/ike/plugin/ws/Ansi" sourcefilename="Ansi.java"><method name="green" desc="(Ljava/lang/String;)Ljava/lang/String;" line="40"><counter type="INSTRUCTION" missed="0" covered="3"/><counter type="LINE" missed="0" covered="1"/><counter type="COMPLEXITY" missed="0" covered="1"/><counter type="METHOD" missed="0" covered="1"/></method><method name="yellow" desc="(Ljava/lang/String;)Ljava/lang/String;" line="48"><counter type="INSTRUCTION" missed="0" covered="3"/><counter type="LINE" missed="0" covered="1"/><counter type="COMPLEXITY" missed="0" covered="1"/><counter type="METHOD" missed="0" covered="1"/></method><method name="red" desc="(Ljava/lang/String;)Ljava/lang/String;" line="56"><counter type="INSTRUCTION" missed="0" covered="3"/><counter type="LINE" missed="0" covered="
[...]
a$mergedBranches$1" desc="(Ljava/lang/String;Ljava/lang/String;)Z" line="685"><counter type="INSTRUCTION" missed="0" covered="4"/><counter type="LINE" missed="0" covered="1"/><counter type="COMPLEXITY" missed="0" covered="1"/><counter type="METHOD" missed="0" covered="1"/></method><method name="lambda$mergedBranches$0" desc="(Ljava/lang/String;)Ljava/lang/String;" line="684"><counter type="INSTRUCTION" missed="0" covered="5"/><counter type="LINE" missed="0" covered="1"/><counter type="COMPLEXITY" missed="0" covered="1"/><counter type="METHOD" missed="0" covered="1"/></method><counter type="INSTRUCTION" missed="710" covered="1313"/><counter type="BRANCH" missed="45" covered="59"/><counter type="LINE" missed="131" covered="212"/><counter type="COMPLEXITY" missed="53" covered="62"/><counter type="METHOD" missed="19" covered="44"/><counter type="CLASS" missed="0" covered="1"/></class><sourcefile name="VcsState.java"><line nr="28" mi="0" ci="18" mb="0" cb="0"/><line nr="43" mi="0" ci="3" mb="0" cb="0"/><line nr="44" mi="0" ci="7" mb="0" cb="0"/><line nr="45" mi="0" ci="7" mb="0" cb="0"/><line nr="46" mi="0" ci="7" mb="0" cb="0"/><line nr="47" mi="0" ci="7" mb="0" cb="0"/><line nr="48" mi="0" ci="7" mb="0" cb="0"/><line nr="49" mi="0" ci="7" mb="0" cb="0"/><line nr="50" mi="0" ci="7" mb="0" cb="0"/><line nr="54" mi="0" ci="4" mb="0" cb="0"/><line nr="55" mi="0" ci="3" mb="0" cb="0"/><line nr="56" mi="0" ci="1" mb="0" cb="0"/><line nr="64" mi="0" ci="3" mb="0" cb="0"/><line nr="78" mi="0" ci="7" mb="0" cb="0"/><line nr="83" mi="0" ci="2" mb="0" cb="0"/><line nr="84" mi="0" ci="2" mb="0" cb="0"/><line nr="85" mi="0" ci="2" mb="0" cb="0"/><line nr="94" mi="0" ci="4" mb="0" cb="0"/><line nr="95" mi="0" ci="5" mb="0" cb="2"/><line nr="96" mi="0" ci="2" mb="0" cb="0"/><line nr="99" mi="0" ci="4" mb="0" cb="0"/><line nr="100" mi="0" ci="4" mb="0" cb="0"/><line nr="101" mi="0" ci="6" mb="0" cb="0"/><line nr="103" mi="0" ci="5" mb="0" cb="0"/><line nr="104" mi="0" ci="5" mb="0" cb="0"/><line nr="105" mi="0" ci="5" mb="0" cb="0"/><line nr="106" mi="0" ci="5" mb="0" cb="0"/><line nr="107" mi="0" ci="5" mb="0" cb="0"/><line nr="109" mi="0" ci="3" mb="0" cb="2"/><line nr="110" mi="0" ci="2" mb="0" cb="0"/><line nr="115" mi="0" ci="3" mb="0" cb="0"/><line nr="116" mi="1" ci="0" mb="0" cb="0"/><line nr="118" mi="2" ci="0" mb="0" cb="0"/><line nr="119" mi="0" ci="1" mb="0" cb="0"/><line nr="121" mi="0" ci="10" mb="0" cb="0"/><line nr="122" mi="1" ci="0" mb="0" cb="0"/><line nr="123" mi="2" ci="0" mb="0" cb="0"/><line nr="135" mi="0" ci="4" mb="0" cb="0"/><line nr="136" mi="0" ci="6" mb="0" cb="0"/><line nr="137" mi="0" ci="3" mb="0" cb="0"/><line nr="138" mi="0" ci="2" mb="0" cb="0"/><line nr="139" mi="0" ci="2" mb="0" cb="0"/><line nr="140" mi="0" ci="2" mb="0" cb="0"/><line nr="141" mi="0" ci="4" mb="0" cb="0"/><line nr="142" mi="0" ci="7" mb="0" cb="0"/><line nr="143" mi="0" ci="1" mb="0" cb="0"/><line nr="154" mi="0" ci="4" mb="0" cb="0"/><line nr="155" mi="0" ci="2" mb="0" cb="0"/><line nr="156" mi="0" ci="9" mb="0" cb="0"/><line nr="167" mi="0" ci="7" mb="0" cb="0"/><line nr="171" mi="0" ci="3" mb="0" cb="0"/><line nr="172" mi="3" ci="2" mb="3" cb="1"/><line nr="174" mi="0" ci="3" mb="0" cb="0"/><line nr="175" mi="1" ci="0" mb="0" cb="0"/><line nr="176" mi="2" ci="0" mb="0" cb="0"/><line nr="177" mi="0" ci="1" mb="0" cb="0"/><line nr="180" mi="0" ci="4" mb="0" cb="0"/><line nr="181" mi="1" ci="8" mb="1" cb="1"/><counter type="INSTRUCTION" missed="13" covered="237"/><counter type="BRANCH" missed="4" covered="6"/><counter type="LINE" missed="6" covered="52"/><counter type="COMPLEXITY" missed="3" covered="13"/><counter type="METHOD" missed="0" covered="11"/><counter type="CLASS" missed="0" covered="2"/></sourcefile><sourcefile name="VcsOperations.java"><line nr="41" mi="0" ci="21" mb="0" cb="0"/><line nr="52" mi="0" ci="17" mb="0" cb="0"/><line nr="67" mi="0" ci="21" mb="0" cb="0"/><line nr="68" mi="0" ci="3" mb="1" cb="1"/><line nr="69" mi="2" ci="0" mb="0" cb="0"/><line nr="72" mi="0" ci="6" mb="0" cb="0"/><line nr="73" mi="0" ci="6" mb="0" cb="0"/><line nr="74" mi="0" ci="1" mb="0" cb="0"/><line nr="75" mi="0" ci="2" mb="0" cb="0"/><line nr="87" mi="0" ci="17" mb="0" cb="0"/><line nr="88" mi="0" ci="3" mb="0" cb="0"/><line nr="89" mi="1" ci="0" mb="0" cb="0"/><line nr="90" mi="2" ci="0" mb="0" cb="0"/><line nr="102" mi="0" ci="21" mb="0" cb="0"/><line nr="103" mi="0" ci="7" mb="0" cb="2"/><line nr="104" mi="1" ci="0" mb="0" cb="0"/><line nr="105" mi="2" ci="0" mb="0" cb="0"/><line nr="117" mi="17" ci="0" mb="0" cb="0"/><line nr="118" mi="7" ci="0" mb="2" cb="0"/><line nr="119" mi="1" ci="0" mb="0" cb="0"/><line nr="120" mi="2" ci="0" mb="0" cb="0"/><line nr="133" mi="17" ci="0" mb="0" cb="0"/><line nr="134" mi="5" ci="0" mb="2" cb="0"/><line nr="135" mi="6" ci="0" mb="0" cb="0"/><line nr="136" mi="1" ci="0" mb="0" cb="0"/><line nr="137" mi="2" ci="0" mb="0" cb="0"/><line nr="150" mi="17" ci="0" mb="0" cb="0"/><line nr="151" mi="1" ci="0" mb="0" cb="0"/><line nr="152" mi="2" ci="0" mb="0" cb="0"/><line nr="165" mi="0" ci="17" mb="0" cb="0"/><line nr="166" mi="2" ci="3" mb="1" cb="1"/><line nr="167" mi="0" ci="2" mb="0" cb="0"/><line nr="168" mi="0" ci="18" mb="0" cb="2"/><line nr="169" mi="1" ci="4" mb="1" cb="1"/><line nr="171" mi="0" ci="9" mb="2" cb="2"/><line nr="173" mi="0" ci="2" mb="0" cb="0"/><line nr="174" mi="1" ci="0" mb="0" cb="0"/><line nr="175" mi="2" ci="0" mb="0" cb="0"/><line nr="187" mi="0" ci="21" mb="0" cb="0"/><line nr="189" mi="0" ci="5" mb="1" cb="1"/><line nr="190" mi="5" ci="0" mb="0" cb="0"/><line nr="191" mi="1" ci="0" mb="0" cb="0"/><line nr="192" mi="2" ci="0" mb="0" cb="0"/><line nr="204" mi="21" ci="0" mb="0" cb="0"/><line nr="205" mi="5" ci="0" mb="2" cb="0"/><line nr="206" mi="5" ci="0" mb="0" cb="0"/><line nr="207" mi="1" ci="0" mb="0" cb="0"/><line nr="208" mi="2" ci="0" mb="0" cb="0"/><line nr="224" mi="0" ci="23" mb="0" cb="0"/><line nr="226" mi="2" ci="3" mb="1" cb="1"/><line nr="227" mi="0" ci="5" mb="0" cb="0"/><line nr="228" mi="1" ci="0" mb="0" cb="0"/><line nr="229" mi="2" ci="0" mb="0" cb="0"/><line nr="252" mi="0" ci="30" mb="0" cb="0"/><line nr="255" mi="0" ci="2" mb="0" cb="0"/><line nr="256" mi="0" ci="2" mb="0" cb="0"/><line nr="257" mi="0" ci="3" mb="0" cb="0"/><line nr="259" mi="0" ci="3" mb="0" cb="0"/><line nr="260" mi="0" ci="6" mb="0" cb="0"/><line nr="261" mi="0" ci="3" mb="0" cb="0"/><line nr="262" mi="0" ci="6" mb="0" cb="0"/><line nr="263" mi="0" ci="3" mb="0" cb="0"/><line nr="265" mi="0" ci="2" mb="1" cb="1"/><line nr="266" mi="0" ci="2" mb="0" cb="0"/><line nr="269" mi="6" ci="0" mb="4" cb="0"/><line nr="272" mi="5" ci="0" mb="0" cb="0"/><line nr="273" mi="9" ci="0" mb="4" cb="0"/><line nr="274" mi="8" ci="0" mb="0" cb="0"/><line nr="279" mi="2" ci="0" mb="0" cb="0"/><line nr="280" mi="1" ci="0" mb="0" cb="0"/><line nr="282" mi="2" ci="0" mb="0" cb="0"/><line nr="296" mi="0" ci="21" mb="0" cb="0"/><line nr="297" mi="0" ci="4" mb="1" cb="1"/><line nr="298" mi="2" ci="0" mb="0" cb="0"/><line nr="299" mi="0" ci="2" mb="0" cb="0"/><line nr="300" mi="1" ci="0" mb="0" cb="0"/><line nr="301" mi="2" ci="0" mb="0" cb="0"/><line nr="319" mi="0" ci="25" mb="0" cb="0"/><line nr="321" mi="2" ci="3" mb="1" cb="1"/><line nr="322" mi="0" ci="4" mb="0" cb="0"/><line nr="323" mi="2" ci="4" mb="1" cb="1"/><line nr="324" mi="0" ci="9" mb="0" cb="0"/><line nr="325" mi="0" ci="7" mb="0" cb="0"/><line nr="326" mi="0" ci="2" mb="0" cb="0"/><line nr="327" mi="0" ci="1" mb="0" cb="0"/><line nr="328" mi="0" ci="2" mb="0" cb="0"/><line nr="342" mi="0" ci="27" mb="0" cb="0"/><line nr="344" mi="0" ci="5" mb="0" cb="2"/><line nr="345" mi="0" ci="5" mb="0" cb="0"/><line nr="358" mi="0" ci="22" mb="0" cb="0"/><line nr="359" mi="0" ci="1" mb="0" cb="0"/><line nr="371" mi="0" ci="22" mb="0" cb="0"/><line nr="372" mi="0" ci="1" mb="0" cb="0"/><line nr="389" mi="0" ci="26" mb="0" cb="0"/><line nr="390" mi="0" ci="1" mb="0" cb="0"/><line nr="408" mi="0" ci="26" mb="0" cb="0"/><line nr="410" mi="0" ci="2" mb="0" cb="0"/><line nr="411" mi="0" ci="1" mb="0" cb="0"/><line nr="412" mi="0" ci="2" mb="0" cb="0"/><line nr="413" mi="0" ci="8" mb="0" cb="0"/><line nr="415" mi="0" ci="3" mb="0" cb="0"/><line nr="416" mi="0" ci="4" mb="0" cb="2"/><line nr="417" mi="0" ci="5" mb="0" cb="2"/><line nr="418" mi="0" ci="9" mb="0" cb="0"/><line nr="421" mi="1" ci="0" mb="0" cb="0"/><line nr="422" mi="5" ci="0" mb="0" cb="0"/><line nr="424" mi="5" ci="0" mb="0" cb="0"/><line nr="438" mi="0" ci="18" mb="0" cb="0"/><line nr="439" mi="0" ci="1" mb="0" cb="0"/><line nr="451" mi="0" ci="22" mb="0" cb="0"/><line nr="452" mi="0" ci="1" mb="0" cb="0"/><line nr="468" mi="0" ci="22" mb="0" cb="0"/><line nr="469" mi="0" ci="1" mb="0" cb="0"/><line nr="485" mi="4" ci="0" mb="0" cb="0"/><line nr="486" mi="1" ci="0" mb="0" cb="0"/><line nr="496" mi="0" ci="18" mb="0" cb="0"/><line nr="497" mi="0" ci="1" mb="0" cb="0"/><line nr="510" mi="0" ci="21" mb="0" cb="0"/><line nr="511" mi="0" ci="1" mb="0" cb="0"/><line nr="524" mi="5" ci="0" mb="0" cb="0"/><line nr="525" mi="0" ci="1" mb="0" cb="0"/><line nr="526" mi="0" ci="5" mb="0" cb="0"/><line nr="527" mi="1" ci="0" mb="0" cb="0"/><line nr="528" mi="0" ci="1" mb="0" cb="0"/><line nr="542" mi="4" ci="0" mb="2" cb="0"/><line nr="543" mi="4" ci="0" mb="0" cb="0"/><line nr="544" mi="2" ci="0" mb="0" cb="0"/><line nr="545" mi="1" ci="0" mb="0" cb="0"/><line nr="547" mi="5" ci="0" mb="0" cb="0"/><line nr="548" mi="1" ci="0" mb="0" cb="0"/><line nr="549" mi="5" ci="0" mb="0" cb="0"/><line nr="550" mi="1" ci="0" mb="0" cb="0"/><line nr="551" mi="1" ci="0" mb="0" cb="0"/><line nr="565" mi="25" ci="0" mb="0" cb="0"/><line nr="566" mi="1" ci="0" mb="0" cb="0"/><line nr="579" mi="0" ci="22" mb="0" cb="0"/><line nr="580" mi="0" ci="1" mb="0" cb="0"/><line nr="593" mi="25" ci="0" mb="0" cb="0"/><line nr="594" mi="1" ci="0" mb="0" cb="0"/><line nr="606" mi="0" ci="22" mb="0" cb="0"/><line nr="607" mi="0" ci="1" mb="0" cb="0"/><line nr="620" mi="0" ci="29" mb="0" cb="0"/><line nr="621" mi="0" ci="1" mb="0" cb="0"/><line nr="635" mi="0" ci="21" mb="0" cb="0"/><line nr="636" mi="0" ci="1" mb="0" cb="0"/><line nr="648" mi="18" ci="0" mb="0" cb="0"/><line nr="649" mi="1" ci="0" mb="0" cb="0"/><line nr="651" mi="1" ci="0" mb="0" cb="0"/><line nr="652" mi="1" ci="0" mb="0" cb="0"/><line nr="663" mi="0" ci="21" mb="0" cb="0"/><line nr="664" mi="0" ci="8" mb="0" cb="2"/><line nr="665" mi="1" ci="0" mb="0" cb="0"/><line nr="666" mi="2" ci="0" mb="0" cb="0"/><line nr="681" mi="0" ci="21" mb="0" cb="0"/><line nr="682" mi="2" ci="3" mb="1" cb="1"/><line nr="683" mi="0" ci="4" mb="0" cb="0"/><line nr="684" mi="0" ci="8" mb="0" cb="0"/><line nr="685" mi="0" ci="7" mb="0" cb="0"/><line nr="686" mi="1" ci="8" mb="1" cb="1"/><line nr="687" mi="0" ci="1" mb="0" cb="0"/><line nr="688" mi="1" ci="0" mb="0" cb="0"/><line nr="689" mi="2" ci="0" mb="0" cb="0"/><line nr="702" mi="0" ci="13" mb="0" cb="0"/><line nr="703" mi="2" ci="3" mb="1" cb="1"/><line nr="704" mi="0" ci="4" mb="0" cb="0"/><line nr="705" mi="0" ci="8" mb="0" cb="0"/><line nr="706" mi="0" ci="5" mb="0" cb="0"/><line nr="707" mi="0" ci="1" mb="0" cb="0"/><line nr="708" mi="1" ci="0" mb="0" cb="0"/><line nr="709" mi="2" ci="0" mb="0" cb="0"/><line nr="722" mi="25" ci="0" mb="0" cb="0"/><line nr="723" mi="1" ci="0" mb="0" cb="0"/><line nr="724" mi="2" ci="0" mb="0" cb="0"/><line nr="738" mi="0" ci="18" mb="0" cb="0"/><line nr="739" mi="0" ci="3" mb="1" cb="1"/><line nr="740" mi="7" ci="0" mb="0" cb="0"/><line nr="743" mi="0" ci="2" mb="0" cb="0"/><line nr="756" mi="0" ci="5" mb="0" cb="0"/><line nr="757" mi="0" ci="3" mb="0" cb="0"/><line nr="758" mi="0" ci="1" mb="0" cb="0"/><line nr="778" mi="21" ci="0" mb="0" cb="0"/><line nr="779" mi="7" ci="0" mb="2" cb="0"/><line nr="794" mi="30" ci="0" mb="0" cb="0"/><line nr="795" mi="1" ci="0" mb="0" cb="0"/><line nr="809" mi="22" ci="0" mb="0" cb="0"/><line nr="810" mi="1" ci="0" mb="0" cb="0"/><line nr="820" mi="18" ci="0" mb="0" cb="0"/><line nr="821" mi="1" ci="0" mb="0" cb="0"/><line nr="835" mi="22" ci="0" mb="0" cb="0"/><line nr="836" mi="1" ci="0" mb="0" cb="0"/><line nr="848" mi="22" ci="0" mb="0" cb="0"/><line nr="849" mi="1" ci="0" mb="0" cb="0"/><line nr="863" mi="24" ci="0" mb="0" cb="0"/><line nr="864" mi="1" ci="0" mb="0" cb="0"/><line nr="878" mi="23" ci="0" mb="0" cb="0"/><line nr="879" mi="1" ci="0" mb="0" cb="0"/><line nr="893" mi="24" ci="0" mb="0" cb="0"/><line nr="894" mi="1" ci="0" mb="0" cb="0"/><line nr="908" mi="0" ci="3" mb="0" cb="0"/><line nr="909" mi="0" ci="3" mb="0" cb="0"/><line nr="910" mi="0" ci="5" mb="0" cb="0"/><line nr="911" mi="0" ci="4" mb="0" cb="0"/><line nr="912" mi="1" ci="0" mb="0" cb="0"/><line nr="913" mi="3" ci="0" mb="0" cb="0"/><line nr="914" mi="5" ci="0" mb="0" cb="0"/><line nr="915" mi="0" ci="1" mb="0" cb="0"/><line nr="916" mi="0" ci="1" mb="0" cb="0"/><line nr="945" mi="0" ci="4" mb="0" cb="0"/><line nr="946" mi="0" ci="3" mb="0" cb="2"/><line nr="947" mi="0" ci="2" mb="0" cb="0"/><line nr="949" mi="0" ci="4" mb="0" cb="0"/><line nr="950" mi="0" ci="3" mb="0" cb="0"/><line nr="951" mi="0" ci="5" mb="0" cb="2"/><line nr="952" mi="0" ci="2" mb="0" cb="0"/><line nr="954" mi="0" ci="3" mb="0" cb="0"/><line nr="955" mi="0" ci="5" mb="0" cb="2"/><line nr="956" mi="0" ci="2" mb="0" cb="0"/><line nr="962" mi="0" ci="6" mb="1" cb="1"/><line nr="963" mi="0" ci="2" mb="0" cb="0"/><line nr="965" mi="0" ci="1" mb="0" cb="0"/><line nr="969" mi="1" ci="0" mb="0" cb="0"/><line nr="970" mi="0" ci="2" mb="0" cb="0"/><line nr="983" mi="0" ci="4" mb="0" cb="0"/><line nr="984" mi="0" ci="3" mb="1" cb="1"/><line nr="985" mi="3" ci="0" mb="0" cb="0"/><line nr="986" mi="3" ci="0" mb="0" cb="0"/><line nr="989" mi="0" ci="4" mb="0" cb="0"/><line nr="990" mi="0" ci="8" mb="0" cb="0"/><line nr="991" mi="0" ci="2" mb="0" cb="0"/><line nr="993" mi="0" ci="3" mb="0" cb="0"/><line nr="995" mi="0" ci="3" mb="0" cb="0"/><line nr="996" mi="0" ci="5" mb="0" cb="2"/><line nr="997" mi="0" ci="5" mb="1" cb="1"/><line nr="999" mi="0" ci="6" mb="0" cb="0"/><line nr="1000" mi="0" ci="3" mb="1" cb="1"/><line nr="1001" mi="5" ci="0" mb="0" cb="0"/><line nr="1003" mi="3" ci="0" mb="0" cb="0"/><line nr="1004" mi="2" ci="0" mb="0" cb="0"/><line nr="1005" mi="5" ci="0" mb="0" cb="0"/><line nr="1007" mi="3" ci="0" mb="0" cb="0"/><line nr="1010" mi="0" ci="5" mb="0" cb="0"/><line nr="1011" mi="0" ci="21" mb="0" cb="0"/><line nr="1012" mi="0" ci="8" mb="0" cb="0"/><line nr="1013" mi="0" ci="1" mb="0" cb="0"/><line nr="1014" mi="6" ci="0" mb="0" cb="0"/><line nr="1015" mi="5" ci="0" mb="0" cb="0"/><line nr="1019" mi="0" ci="6" mb="0" cb="0"/><line nr="1020" mi="0" ci="3" mb="1" cb="1"/><line nr="1021" mi="5" ci="0" mb="0" cb="0"/><line nr="1023" mi="3" ci="0" mb="0" cb="0"/><line nr="1029" mi="0" ci="3" mb="0" cb="0"/><line nr="1030" mi="0" ci="4" mb="0" cb="0"/><line nr="1032" mi="0" ci="4" mb="0" cb="2"/><line nr="1033" mi="0" ci="6" mb="0" cb="0"/><line nr="1035" mi="0" ci="5" mb="0" cb="2"/><line nr="1038" mi="0" ci="6" mb="0" cb="0"/><line nr="1040" mi="0" ci="5" mb="0" cb="2"/><line nr="1043" mi="0" ci="5" mb="0" cb="0"/><line nr="1044" mi="0" ci="7" mb="0" cb="0"/><line nr="1048" mi="0" ci="3" mb="0" cb="0"/><line nr="1049" mi="0" ci="3" mb="0" cb="0"/><line nr="1050" mi="0" ci="3" mb="0" cb="0"/><line nr="1054" mi="0" ci="4" mb="0" cb="0"/><line nr="1058" mi="0" ci="3" mb="0" cb="0"/><line nr="1059" mi="0" ci="5" mb="1" cb="1"/><line nr="1060" mi="0" ci="4" mb="0" cb="0"/><line nr="1061" mi="0" ci="2" mb="0" cb="0"/><line nr="1069" mi="6" ci="0" mb="2" cb="0"/><line nr="1070" mi="4" ci="0" mb="0" cb="0"/><line nr="1071" mi="2" ci="0" mb="0" cb="0"/><line nr="1072" mi="2" ci="0" mb="0" cb="0"/><line nr="1074" mi="1" ci="0" mb="0" cb="0"/><line nr="1076" mi="1" ci="0" mb="0" cb="0"/><line nr="1077" mi="4" ci="0" mb="0" cb="0"/><line nr="1078" mi="2" ci="0" mb="0" cb="0"/><line nr="1079" mi="5" ci="0" mb="0" cb="0"/><line nr="1080" mi="5" ci="0" mb="0" cb="0"/><line nr="1082" mi="2" ci="0" mb="0" cb="0"/><line nr="1094" mi="0" ci="4" mb="0" cb="2"/><line nr="1095" mi="0" ci="1" mb="0" cb="0"/><line nr="1097" mi="0" ci="3" mb="1" cb="1"/><line nr="1098" mi="3" ci="0" mb="0" cb="0"/><line nr="1099" mi="4" ci="0" mb="0" cb="0"/><line nr="1101" mi="0" ci="1" mb="0" cb="0"/><line nr="1111" mi="0" ci="6" mb="0" cb="0"/><line nr="1113" mi="0" ci="5" mb="0" cb="0"/><line nr="1114" mi="0" ci="2" mb="0" cb="0"/><line nr="1115" mi="0" ci="2" mb="0" cb="0"/><line nr="1116" mi="0" ci="2" mb="0" cb="2"/><line nr="1117" mi="0" ci="4" mb="0" cb="0"/><line nr="1119" mi="0" ci="3" mb="0" cb="0"/><line nr="1120" mi="0" ci="5" mb="0" cb="0"/><line nr="1121" mi="0" ci="5" mb="0" cb="0"/><line nr="1124" mi="0" ci="5" mb="0" cb="2"/><line nr="1125" mi="0" ci="5" mb="0" cb="0"/><line nr="1128" mi="0" ci="3" mb="0" cb="0"/><line nr="1129" mi="0" ci="2" mb="0" cb="2"/><line nr="1130" mi="0" ci="5" mb="0" cb="0"/><line nr="1132" mi="0" ci="4" mb="0" cb="0"/><line nr="1134" mi="1" ci="0" mb="0" cb="0"/><line nr="1135" mi="4" ci="0" mb="0" cb="0"/><line nr="1136" mi="5" ci="0" mb="0" cb="0"/><line nr="1137" mi="0" ci="1" mb="0" cb="0"/><line nr="1138" mi="0" ci="1" mb="0" cb="0"/><line nr="1145" mi="0" ci="7" mb="0" cb="0"/><line nr="1146" mi="0" ci="1" mb="0" cb="0"/><line nr="1166" mi="0" ci="6" mb="0" cb="0"/><line nr="1168" mi="0" ci="5" mb="0" cb="0"/><line nr="1169" mi="0" ci="2" mb="0" cb="0"/><line nr="1170" mi="0" ci="2" mb="0" cb="0"/><line nr="1171" mi="0" ci="6" mb="0" cb="0"/><line nr="1172" mi="0" ci="3" mb="0" cb="0"/><line nr="1175" mi="0" ci="3" mb="0" cb="0"/><line nr="1176" mi="0" ci="5" mb="0" cb="0"/><line nr="1177" mi="0" ci="2" mb="0" cb="0"/><line nr="1182" mi="0" ci="5" mb="0" cb="0"/><line nr="1183" mi="0" ci="5" mb="0" cb="0"/><line nr="1185" mi="0" ci="7" mb="0" cb="0"/><line nr="1188" mi="0" ci="3" mb="0" cb="0"/><line nr="1189" mi="0" ci="2" mb="1" cb="1"/><line nr="1190" mi="5" ci="0" mb="0" cb="0"/><line nr="1192" mi="1" ci="0" mb="0" cb="0"/><line nr="1193" mi="10" ci="0" mb="2" cb="0"/><line nr="1195" mi="1" ci="0" mb="0" cb="0"/><line nr="1196" mi="4" ci="0" mb="0" cb="0"/><line nr="1197" mi="5" ci="0" mb="0" cb="0"/><line nr="1198" mi="0" ci="1" mb="0" cb="0"/><line nr="1199" mi="0" ci="1" mb="0" cb="0"/><line nr="1207" mi="0" ci="5" mb="0" cb="0"/><line nr="1208" mi="0" ci="2" mb="0" cb="0"/><line nr="1209" mi="0" ci="1" mb="0" cb="0"/><line nr="1210" mi="0" ci="2" mb="0" cb="0"/><line nr="1212" mi="0" ci="5" mb="0" cb="0"/><line nr="1213" mi="0" ci="5" mb="0" cb="0"/><line nr="1215" mi="0" ci="8" mb="0" cb="0"/><line nr="1217" mi="0" ci="3" mb="0" cb="0"/><line nr="1218" mi="0" ci="2" mb="0" cb="2"/><line nr="1219" mi="0" ci="5" mb="0" cb="0"/><line nr="1221" mi="0" ci="4" mb="0" cb="0"/><line nr="1223" mi="0" ci="2" mb="0" cb="0"/><line nr="1224" mi="1" ci="0" mb="0" cb="0"/><line nr="1225" mi="4" ci="0" mb="0" cb="0"/><line nr="1226" mi="5" ci="0" mb="0" cb="0"/><counter type="INSTRUCTION" missed="710" covered="1313"/><counter type="BRANCH" missed="45" covered="59"/><counter type="LINE" missed="131" covered="212"/><counter type="COMPLEXITY" missed="53" covered="62"/><counter type="METHOD" missed="19" covered="44"/><counter type="CLASS" missed="0" covered="1"/></sourcefile><counter type="INSTRUCTION" missed="723" covered="1550"/><counter type="BRANCH" missed="49" covered="65"/><counter type="LINE" missed="137" covered="264"/><counter type="COMPLEXITY" missed="56" covered="75"/><counter type="METHOD" missed="19" covered="55"/><counter type="CLASS" missed="0" covered="3"/></package><counter type="INSTRUCTION" missed="22262" covered="26439"/><counter type="BRANCH" missed="2546" covered="2125"/><counter type="LINE" missed="4822" covered="5384"/><counter type="COMPLEXITY" missed="1888" covered="1277"/><counter type="METHOD" missed="249" covered="565"/><counter type="CLASS" missed="32" covered="112"/></report>