<?xml version="1.0" encoding="UTF-8" standalone="yes"?><!DOCTYPE report PUBLIC "-//JACOCO//DTD Report 1.1//EN" "report.dtd"><report name="IKE Workspace Maven Plugin"><sessioninfo id="Komet-MacBook-16.local-c5a9fcb0" start="1778422819388" dump="1778422960041"/><sessioninfo id="Komet-MacBook-16.local-5a8bdb54" start="1778422965960" dump="1778423106861"/><package name="network/ike/plugin/ws"><class name="network/ike/plugin/ws/GraphWorkspaceMojo" sourcefilename="GraphWorkspaceMojo.java"><method name="&lt;init&gt;" desc="()V" line="35"><counter type="INSTRUCTION" missed="0" covered="3"/><counter type="LINE" missed="0" covered="1"/><counter type="COMPLEXITY" missed="0" covered="1"/><counter type="METHOD" missed="0" covered="1"/></method><method name="execute" desc="()V" line="39"><counter type="INSTRUCTION" missed="0" covered="22"/><counter type="BRANCH" missed="0" covered="2"/><counter type="LINE" missed="0" covered="6"/><counter type="COMPLEXITY" missed="0" covered="2"/><counter type="METHOD" missed="0" covered="1"/></method><method name="printText" desc="(Lnetwork/ike/workspace/WorkspaceGraph;)V" line="52"><counter type="INSTRUCTION" missed="3" covered="154"/><counter type="BRANCH" missed="4" covered="12"/><counter type="LINE" missed="0" covered="25"/><counter type="COMPLEXITY" missed="4" covered="5"/><counter type="METHOD" missed="0" covered="1"/></method><method name="printTransitiveDeps" desc="(Lnetwork/ike/workspace/WorkspaceGraph;Lnetwork/ike/workspace/Subproject;Ljava/lang/String;Ljava/lang/String;)V" line="98"><counter type="INSTRUCTION" missed="17" covered="75"/><counter type="BRANCH" missed="7" covered="7"/><counter type="LINE" missed="2" covered="11"/><counter type="COMPLEXITY" missed="6" covered="2"/><counter type="METHOD" missed="0" covered="1"/></method><method name="printDot" desc="(Lnetwork/ike/workspace/WorkspaceGraph;)V" line="119"><counter type="INSTRUCTION" missed="0" covered="71"/><counter type="BRANCH" missed="0" covered="6"/><counter type="LINE" missed="0" covered="16"/><counter type="COMPLEXITY" missed="0" covered="4"/><counter type="METHOD" missed="0" covered="1"/></method><method name="buildMermaidGraph" desc="(Lnetwork/ike/workspace/WorkspaceGraph;)Ljava/lang/String;" line="144"><counter type="INSTRUCTION" missed="13" covered="102"/><counter type="BRANCH" missed="1" covered="7"/><counter type="LINE" missed="2" covered="21"/><counter type="COMPLEXITY" missed="1" covered="4"/><counter type="METHOD" missed="0" covered="1"/></method><method name="mermaidId" desc="(Ljava/lang/String;)Ljava/lang/String;" line="176"><counter type="INSTRUCTION" missed="0" covered="5"/><counter type="LINE" missed="0" covered="1"/><counter type="COMPLEXITY" missed="0" covered="1"/><counter type="METHOD" missed="0" covered="1"/></method><method name="buildDotGraph" desc="(Ljava/lang/String;Ljava/util/List;Ljava/util/Map;)Ljava/lang/String;" line="196"><counter type="INSTRUCTION" missed="0" covered="116"/><counter type="BRANCH" missed="0" covered="8"/><counter type="LINE" missed="0" covered="22"/><counter type="COMPLEXITY" missed="0" covered="5"/><counter type="METHOD" missed="0" covered="1"/></method><method name="lambda$printDot$0" desc="(Lnetwork/ike/workspace/Dependency;)[Ljava/lang/String;" line="127"><counter type="INSTRUCTION" missed="0" covered="13"/><counter type="LINE" missed="0" covered="1"/><counter type="COMPLEXITY" missed="0" covered="1"/><counter type="METHOD" missed="0" covered="1"/></method><counter type="INSTRUCTION" missed="33" covered="561"/><counter type="BRANCH" missed="12" covered="42"/><counter type="LINE" missed="4" covered="103"/><counter type="COMPLEXITY" missed="11" covered="25"/><counter type="METHOD" missed="0" covered="9"/><counter type="CLASS" missed="0" covered="1"/></class><class name="network/ike/plugin/ws/WsSwitchDraftMojo" sourcefilename="WsSwitchDraftMojo.java"><method name="&lt;init&gt;" desc="()V" line="70"><counter type="INSTRUCTION" missed="0" covered="3"/><counter type="LINE" missed="0" covered="1"/><counter type="COMPLEXITY" missed="0" covered="1"/><counter type="METHOD" missed="0" covered="1"/></method><method name="execute" desc="()V" line="94"><counter type="INSTRUCTION" missed="87" covered="416"/><counter type="BRANCH" missed="18" covered="46"/><counter type="LINE" missed="17" covered="91"/><counter type="COMPLEXITY" missed="17" covered="16"/><counter type="METHOD" missed="0" covered="1"/></method><method name="stashRef" desc="(Ljava/lang/String;Ljava/lang/String;)Ljava/lang/String;" line="280"><counter type="INSTRUCTION" missed="0" covered="4"/><counter type="LINE" missed="0" covered="1"/><counter type="COMPLEXITY" missed="0" covered="1"/><counter type="METHOD" missed="0" covered="1"/></method><method name="stashLeave" desc="(Ljava/io/File;Ljava/lang/String;Ljava/lang/String;)V" line="297"><counter type="INSTRUCTION" missed="36" covered="0"/><counter type="LINE" missed="8" covered="0"/><counter type="COMPLEXITY" missed="1" covered="0"/><counter type="METHOD" missed="1" covered="0"/></method><method name="stashArrive" desc="(Ljava/io/File;Ljava/lang/String;Ljava/lang/String;)Z" line="321"><counter type="INSTRUCTION" missed="41" covered="16"/><counter type="BRANCH" missed="2" covered="0"/><counter type="LINE" missed="9" covered="5"/><counter type="COMPLEXITY" missed="1" covered="1"/><counter type="METHOD" missed="0" covered="1"/></method><method name="runAutoStashPreflight" desc="(Ljava/io/File;Ljava/util/List;Ljava/lang/String;Ljava/lang/String;Z)V" line="363"><counter type="INSTRUCTION" missed="93" covered="85"/><counter type="BRANCH" missed="13" covered="9"/><counter type="LINE" missed="28" covered="21"/><counter type="COMPLEXITY" missed="10" covered="2"/><counter type="METHOD" missed="0" covered="1"/></method><method name="promptForBranch" desc="(Ljava/util/Map;Ljava/lang/String;)Ljava/lang/String;" line="453"><counter type="INSTRUCTION" missed="52" covered="83"/><counter type="BRANCH" missed="9" covered="5"/><counter type="LINE" missed="11" covered="16"/><counter type="COMPLEXITY" missed="5" covered="3"/><counter type="METHOD" missed="0" covered="1"/></method><method name="updateWorkspaceYaml" desc="(Ljava/util/List;Ljava/lang/String;)V" line="501"><counter type="INSTRUCTION" missed="7" covered="33"/><counter type="BRANCH" missed="0" covered="2"/><counter type="LINE" missed="2" covered="9"/><counter type="COMPLEXITY" missed="0" covered="2"/><counter type="METHOD" missed="0" covered="1"/></method><method name="switchWorkspaceRepo" desc="(Ljava/lang/String;)V" line="519"><counter type="INSTRUCTION" missed="69" covered="15"/><counter type="BRANCH" missed="9" covered="1"/><counter type="LINE" missed="15" covered="3"/><counter type="COMPLEXITY" missed="5" covered="1"/><counter type="METHOD" missed="0" covered="1"/></method><method name="lambda$runAutoStashPreflight$1" desc="(Ljava/lang/String;)Ljava/lang/String;" line="419"><counter type="INSTRUCTION" missed="3" covered="0"/><counter type="LINE" missed="1" covered="0"/><counter type="COMPLEXITY" missed="1" covered="0"/><counter type="METHOD" missed="1" covered="0"/></method><method name="lambda$runAutoStashPreflight$0" desc="(Ljava/lang/String;Ljava/lang/String;)Ljava/lang/String;" line="418"><counter type="INSTRUCTION" missed="4" covered="0"/><counter type="LINE" missed="1" covered="0"/><counter type="COMPLEXITY" missed="1" covered="0"/><counter type="METHOD" missed="1" covered="0"/></method><method name="lambda$execute$0" desc="(Ljava/lang/String;)Ljava/util/Set;" line="129"><counter type="INSTRUCTION" missed="0" covered="4"/><counter type="LINE" missed="0" covered="1"/><counter type="COMPLEXITY" missed="0" covered="1"/><counter type="METHOD" missed="0" covered="1"/></method><counter type="INSTRUCTION" missed="392" covered="659"/><counter type="BRANCH" missed="51" covered="63"/><counter type="LINE" missed="90" covered="147"/><counter type="COMPLEXITY" missed="41" covered="28"/><counter type="METHOD" missed="3" covered="9"/><counter type="CLASS" missed="0" covered="1"/></class><class name="network/ike/plugin/ws/WorkspaceReport" sourcefilename="WorkspaceReport.java"><method name="write" desc="(Ljava/nio/file/Path;Ljava/lang/String;Ljava/lang/String;Lorg/apache/maven/api/plugin/Log;)V" line="64"><counter type="INSTRUCTION" missed="9" covered="31"/><counter type="BRANCH" missed="2" covered="0"/><counter type="LINE" missed="4" covered="10"/><counter type="COMPLEXITY" missed="1" covered="1"/><counter type="METHOD" missed="0" covered="1"/></method><method name="reportPath" desc="(Ljava/nio/file/Path;Ljava/lang/String;)Ljava/nio/file/Path;" line="93"><counter type="INSTRUCTION" missed="0" covered="8"/><counter type="LINE" missed="0" covered="2"/><counter type="COMPLEXITY" missed="0" covered="1"/><counter type="METHOD" missed="0" covered="1"/></method><method name="deleteReport" desc="(Ljava/nio/file/Path;Ljava/lang/String;Lorg/apache/maven/api/plugin/Log;)V" line="113"><counter type="INSTRUCTION" missed="11" covered="17"/><counter type="BRANCH" missed="3" covered="3"/><counter type="LINE" missed="4" covered="5"/><counter type="COMPLEXITY" missed="2" covered="2"/><counter type="METHOD" missed="0" covered="1"/></method><method name="openInBrowser" desc="(Ljava/nio/file/Path;Lorg/apache/maven/api/plugin/Log;)Z" line="136"><counter type="INSTRUCTION" missed="58" covered="0"/><counter type="BRANCH" missed="10" covered="0"/><counter type="LINE" missed="15" covered="0"/><counter type="COMPLEXITY" missed="6" covered="0"/><counter type="METHOD" missed="1" covered="0"/></method><method name="ensureGitignored" desc="(Ljava/nio/file/Path;Lorg/apache/maven/api/plugin/Log;)V" line="174"><counter type="INSTRUCTION" missed="10" covered="65"/><counter type="BRANCH" missed="4" covered="8"/><counter type="LINE" missed="2" covered="17"/><counter type="COMPLEXITY" missed="4" covered="3"/><counter type="METHOD" missed="0" covered="1"/></method><method name="findGitRoot" desc="(Ljava/nio/file/Path;)Ljava/nio/file/Path;" line="215"><counter type="INSTRUCTION" missed="0" covered="20"/><counter type="BRANCH" missed="0" covered="4"/><counter type="LINE" missed="0" covered="5"/><counter type="COMPLEXITY" missed="0" covered="3"/><counter type="METHOD" missed="0" covered="1"/></method><method name="matchesPattern" desc="(Ljava/lang/String;Ljava/lang/String;)Z" line="232"><counter type="INSTRUCTION" missed="6" covered="17"/><counter type="BRANCH" missed="3" covered="3"/><counter type="LINE" missed="0" covered="3"/><counter type="COMPLEXITY" missed="3" covered="1"/><counter type="METHOD" missed="0" covered="1"/></method><method name="pluginVersion" desc="()Ljava/lang/String;" line="249"><counter type="INSTRUCTION" missed="2" covered="8"/><counter type="BRANCH" missed="1" covered="1"/><counter type="LINE" missed="0" covered="3"/><counter type="COMPLEXITY" missed="1" covered="1"/><counter type="METHOD" missed="0" covered="1"/></method><method name="stripPrefix" desc="(Ljava/lang/String;)Ljava/lang/String;" line="259"><counter type="INSTRUCTION" missed="2" covered="8"/><counter type="BRANCH" missed="1" covered="1"/><counter type="LINE" missed="1" covered="2"/><counter type="COMPLEXITY" missed="1" covered="1"/><counter type="METHOD" missed="0" covered="1"/></method><method name="&lt;clinit&gt;" desc="()V" line="47"><counter type="INSTRUCTION" missed="0" covered="4"/><counter type="LINE" missed="0" covered="2"/><counter type="COMPLEXITY" missed="0" covered="1"/><counter type="METHOD" missed="0" covered="1"/></method><counter type="INSTRUCTION" missed="98" covered="178"/><counter type="BRANCH" missed="24" covered="20"/><counter type="LINE" missed="26" covered="49"/><counter type="COMPLEXITY" missed="18" covered="14"/><counter type="METHOD" missed="1" covered="9"/><counter type="CLASS" missed="0" covered="1"/></class><class name="network/ike/plugin/ws/WsVersionsUpgradePublishMojo$NodeOutcome" sourcefilename="WsVersionsUpgradePublishMojo.java"><method name="&lt;init&gt;" desc="(Ljava/lang/String;II)V" line="389"><counter type="INSTRUCTION" missed="12" covered="0"/><counter type="LINE" missed="1" covered="0"/><counter type="COMPLEXITY" missed="1" covered="0"/><counter type="METHOD" missed="1" covered="0"/></method><counter type="INSTRUCTION" missed="12" covered="0"/><counter type="LINE" missed="1" covered="0"/><counter type="COMPLEXITY" missed="1" covered="0"/><counter type="METHOD" missed="1" covered="0"/><counter type="CLASS" missed="1" covered="0"/></class><class name="network/ike/plugin/ws/IdeProfileSync" sourcefilename="IdeProfileSync.java"><method name="run" desc="(Ljava/io/File;Lorg/apache/maven/api/plugin/Log;)V" line="70"><counter type="INSTRUCTION" missed="76" covered="16"/><counter type="BRANCH" missed="7" covered="1"/><counter type="LINE" missed="25" covered="4"/><counter type="COMPLEXITY" missed="4" covered="1"/><counter type="METHOD" missed="0" covered="1"/></method><method name="computeActiveProfiles" desc="(Ljava/io/File;Ljava/nio/file/Path;)Ljava/util/List;" line="121"><counter type="INSTRUCTION" missed="92" covered="0"/><counter type="BRANCH" missed="14" covered="0"/><counter type="LINE" missed="24" covered="0"/><counter type="COMPLEXITY" missed="8" covered="0"/><counter type="METHOD" missed="1" covered="0"/></method><method name="activationFileExists" desc="(Lorg/apache/maven/api/model/Profile;)Ljava/util/Optional;" line="154"><counter type="INSTRUCTION" missed="24" covered="0"/><counter type="BRANCH" missed="8" covered="0"/><counter type="LINE" missed="7" covered="0"/><counter type="COMPLEXITY" missed="5" covered="0"/><counter type="METHOD" missed="1" covered="0"/></method><method name="rewriteOwnedBlock" desc="(Ljava/lang/String;Ljava/util/List;)Ljava/lang/String;" line="179"><counter type="INSTRUCTION" missed="4" covered="120"/><counter type="BRANCH" missed="3" covered="25"/><counter type="LINE" missed="1" covered="24"/><counter type="COMPLEXITY" missed="3" covered="12"/><counter type="METHOD" missed="0" covered="1"/></method><method name="appendBlock" desc="(Ljava/lang/StringBuilder;Ljava/util/List;)V" line="225"><counter type="INSTRUCTION" missed="4" covered="53"/><counter type="BRANCH" missed="1" covered="7"/><counter type="LINE" missed="1" covered="9"/><counter type="COMPLEXITY" missed="1" covered="4"/><counter type="METHOD" missed="0" covered="1"/></method><counter type="INSTRUCTION" missed="200" covered="189"/><counter type="BRANCH" missed="33" covered="33"/><counter type="LINE" missed="58" covered="37"/><counter type="COMPLEXITY" missed="21" covered="17"/><counter type="METHOD" missed="2" covered="3"/><counter type="CLASS" missed="0" covered="1"/></class><class name="network/ike/plugin/ws/PomRewriter$2" sourcefilename="PomRewriter.java"><method name="&lt;init&gt;" desc="(Ljava/lang/String;Ljava/lang/String;Ljava/lang/String;)V" line="89"><counter type="INSTRUCTION" missed="0" covered="12"/><counter type="LINE" missed="0" covered="1"/><counter type="COMPLEXITY" missed="0" covered="1"/><counter type="METHOD" missed="0" covered="1"/></method><method name="visitTag" desc="(Lorg/openrewrite/xml/tree/Xml$Tag;Ljava/lang/Integer;)Lorg/openrewrite/xml/tree/Xml$Tag;" line="92"><counter type="INSTRUCTION" missed="0" covered="45"/><counter type="BRANCH" missed="0" covered="6"/><counter type="LINE" missed="0" covered="8"/><counter type="COMPLEXITY" missed="0" covered="4"/><counter type="METHOD" missed="0" covered="1"/></method><counter type="INSTRUCTION" missed="0" covered="57"/><counter type="BRANCH" missed="0" covered="6"/><counter type="LINE" missed="0" covered="9"/><counter type="COMPLEXITY" missed="0" covered="5"/><counter type="METHOD" missed="0" covered="2"/><counter type="CLASS" missed="0" covered="1"/></class><class name="network/ike/plugin/ws/PomRewriter$3" sourcefilename="PomRewriter.java"><method name="&lt;init&gt;" desc="(Lorg/openrewrite/xml/XPathMatcher;Ljava/lang/String;)V" line="125"><counter type="INSTRUCTION" missed="0" covered="9"/><counter type="LINE" missed="0" covered="1"/><counter type="COMPLEXITY" missed="0" covered="1"/><counter type="METHOD" missed="0" covered="1"/></method><method name="visitTag" desc="(Lorg/openrewrite/xml/tree/Xml$Tag;Ljava/lang/Integer;)Lorg/openrewrite/xml/tree/Xml$Tag;" line="128"><counter type="INSTRUCTION" missed="0" covered="19"/><counter type="BRANCH" missed="0" covered="2"/><counter type="LINE" missed="0" covered="4"/><counter type="COMPLEXITY" missed="0" covered="2"/><counter type="METHOD" missed="0" covered="1"/></method><counter type="INSTRUCTION" missed="0" covered="28"/><counter type="BRANCH" missed="0" covered="2"/><counter type="LINE" missed="0" covered="5"/><counter type="COMPLEXITY" missed="0" covered="3"/><counter type="METHOD" missed="0" covered="2"/><counter type="CLASS" missed="0" covered="1"/></class><class name="network/ike/plugin/ws/PomRewriter$1" sourcefilename="PomRewriter.java"><method name="&lt;init&gt;" desc="(Ljava/lang/String;Ljava/lang/String;Ljava/lang/String;)V" line="48"><counter type="INSTRUCTION" missed="0" covered="12"/><counter type="LINE" missed="0" covered="1"/><counter type="COMPLEXITY" missed="0" covered="1"/><counter type="METHOD" missed="0" covered="1"/></method><method name="visitTag" desc="(Lorg/openrewrite/xml/tree/Xml$Tag;Ljava/lang/Integer;)Lorg/openrewrite/xml/tree/Xml$Tag;" line="51"><counter type="INSTRUCTION" missed="2" covered="43"/><counter type="BRANCH" missed="2" covered="4"/><counter type="LINE" missed="1" covered="6"/><counter type="COMPLEXITY" missed="2" covered="2"/><counter type="METHOD" missed="0" covered="1"/></method><counter type="INSTRUCTION" missed="2" covered="55"/><counter type="BRANCH" missed="2" covered="4"/><counter type="LINE" missed="1" covered="7"/><counter type="COMPLEXITY" missed="2" covered="3"/><counter type="METHOD" missed="0" covered="2"/><counter type="CLASS" missed="0" covered="1"/></class><class name="network/ike/plugin/ws/WsSwitchPublishMojo" sourcefilename="WsSwitchPublishMojo.java"><method name="&lt;init&gt;" desc="()V" line="23"><counter type="INSTRUCTION" missed="3" covered="0"/><counter type="LINE" missed="1" covered="0"/><counter type="COMPLEXITY" missed="1" covered="0"/><counter type="METHOD" missed="1" covered="0"/></method><method name="execute" desc="()V" line="27"><counter type="INSTRUCTION" missed="6" covered="0"/><counter type="LINE" missed="3" covered="0"/><counter type="COMPLEXITY" missed="1" covered="0"/><counter type="METHOD" missed="1" covered="0"/></method><counter type="INSTRUCTION" missed="9" covered="0"/><counter type="LINE" missed="4" covered="0"/><counter type="COMPLEXITY" missed="2" covered="0"/><counter type="METHOD" missed="2" covered="0"/><counter type="CLASS" missed="1" covered="0"/></class><class name="network/ike/plugin/ws/AbstractWorkspaceMojo" sourcefilename="AbstractWorkspaceMojo.java"><method name="&lt;init&gt;" desc="()V" line="32"><counter type="INSTRUCTION" missed="0" covered="3"/><counter type="LINE" missed="0" covered="1"/><counter type="COMPLEXITY" missed="0" covered="1"/><counter type="METHOD" missed="0" covered="1"/></method><method name="getLog" desc="()Lorg/apache/maven/api/plugin/Log;" line="66"><counter type="INSTRUCTION" missed="0" covered="3"/><counter type="LINE" missed="0" covered="1"/><counter type="COMPLEXITY" missed="0" covered="1"/><counter type="METHOD" missed="0" covered="1"/></method><method name="setLog" desc="(Lorg/apache/maven/api/plugin/Log;)V" line="76"><counter type="INSTRUCTION" missed="0" covered="4"/><counter type="LINE" missed="0" covered="2"/><counter type="COMPLEXITY" missed="0" covered="1"/><counter type="METHOD" missed="0" covered="1"/></method><method name="setPrompter" desc="(Lorg/apache/maven/api/services/Prompter;)V" line="86"><counter type="INSTRUCTION" missed="4" covered="0"/><counter type="LINE" missed="2" covered="0"/><counter type="COMPLEXITY" missed="1" covered="0"/><counter type="METHOD" missed="1" covered="0"/></method><method name="getPrompter" desc="()Lorg/apache/maven/api/services/Prompter;" line="98"><counter type="INSTRUCTION" missed="0" covered="3"/><counter type="LINE" missed="0" covered="1"/><counter type="COMPLEXITY" missed="0" covered="1"/><counter type="METHOD" missed="0" covered="1"/></method><method name="loadGraph" desc="()Lnetwork/ike/workspace/WorkspaceGraph;" line="108"><counter type="INSTRUCTION" missed="9" covered="17"/><counter type="LINE" missed="3" covered="4"/><counter type="COMPLEXITY" missed="0" covered="1"/><counter type="METHOD" missed="0" covered="1"/></method><method name="resolveManifest" desc="()Ljava/nio/file/Path;" line="126"><counter type="INSTRUCTION" missed="2" covered="36"/><counter type="BRANCH" missed="2" covered="6"/><counter type="LINE" missed="1" covered="9"/><counter type="COMPLEXITY" missed="2" covered="3"/><counter type="METHOD" missed="0" covered="1"/></method><method name="workspaceRoot" desc="()Ljava/io/File;" line="152"><counter type="INSTRUCTION" missed="0" covered="5"/><counter type="LINE" missed="0" covered="1"/><counter type="COMPLEXITY" missed="0" covered="1"/><counter type="METHOD" missed="0" covered="1"/></method><method name="gitStatus" desc="(Ljava/io/File;)Ljava/lang/String;" line="164"><counter type="INSTRUCTION" missed="5" covered="17"/><counter type="LINE" missed="2" covered="1"/><counter type="COMPLEXITY" missed="0" covered="1"/><counter type="METHOD" missed="0" covered="1"/></method><method name="gitBranch" desc="(Ljava/io/File;)Ljava/lang/String;" line="179"><counter type="INSTRUCTION" missed="3" covered="21"/><counter type="LINE" missed="2" covered="1"/><counter type="COMPLEXITY" missed="0" covered="1"/><counter type="METHOD" missed="0" covered="1"/></method><method name="gitShortSha" desc="(Ljava/io/File;)Ljava/lang/String;" line="194"><counter type="INSTRUCTION" missed="3" covered="21"/><counter type="LINE" missed="2" covered="1"/><counter type="COMPLEXITY" missed="0" covered="1"/><counter type="METHOD" missed="0" covered="1"/></method><method name="isWorkspaceMode" desc="()Z" line="209"><counter type="INSTRUCTION" missed="0" covered="8"/><counter type="LINE" missed="0" covered="4"/><counter type="COMPLEXITY" missed="0" covered="1"/><counter type="METHOD" missed="0" covered="1"/></method><method name="requireParam" desc="(Ljava/lang/String;Ljava/lang/String;Ljava/lang/String;)Ljava/lang/String;" line="234"><counter type="INSTRUCTION" missed="35" covered="18"/><counter type="BRANCH" missed="6" covered="4"/><counter type="LINE" missed="9" covered="4"/><counter type="COMPLEXITY" missed="4" covered="2"/><counter type="METHOD" missed="0" covered="1"/></method><method name="surfacePromptLabel" desc="(Ljava/lang/String;)V" line="284"><counter type="INSTRUCTION" missed="14" covered="0"/><counter type="LINE" missed="5" covered="0"/><counter type="COMPLEXITY" missed="1" covered="0"/><counter type="METHOD" missed="1" covered="0"/></method><method name="validateFeatureName" desc="(Ljava/lang/String;)Lnetwork/ike/workspace/FeatureName;" line="307"><counter type="INSTRUCTION" missed="0" covered="10"/><counter type="LINE" missed="0" covered="3"/><counter type="COMPLEXITY" missed="0" covered="1"/><counter type="METHOD" missed="0" covered="1"/></method><method name="validateSubprojectName" desc="(Ljava/lang/String;)Lnetwork/ike/workspace/SubprojectName;" line="327"><counter type="INSTRUCTION" missed="7" covered="3"/><counter type="LINE" missed="2" covered="1"/><counter type="COMPLEXITY" missed="0" covered="1"/><counter type="METHOD" missed="0" covered="1"/></method><method name="validateMavenVersion" desc="(Ljava/lang/String;)Lnetwork/ike/workspace/MavenVersion;" line="348"><counter type="INSTRUCTION" missed="7" covered="3"/><counter type="LINE" missed="2" covered="1"/><counter type="COMPLEXITY" missed="0" covered="1"/><counter type="METHOD" missed="0" covered="1"/></method><method name="confirm" desc="(Ljava/lang/String;Z)Z" line="365"><counter type="INSTRUCTION" missed="52" covered="5"/><counter type="BRANCH" missed="13" covered="1"/><counter type="LINE" missed="10" covered="2"/><counter type="COMPLEXITY" missed="7" covered="1"/><counter type="METHOD" missed="0" covered="1"/></method><method name="selectFromList" desc="(Ljava/lang/String;Ljava/util/List;)Ljava/lang/String;" line="395"><counter type="INSTRUCTION" missed="88" covered="0"/><counter type="BRANCH" missed="8" covered="0"/><counter type="LINE" missed="17" covered="0"/><counter type="COMPLEXITY" missed="5" covered="0"/><counter type="METHOD" missed="1" covered="0"/></method><method name="workspaceName" desc="()Ljava/lang/String;" line="433"><counter type="INSTRUCTION" missed="3" covered="14"/><counter type="BRANCH" missed="1" covered="1"/><counter type="LINE" missed="1" covered="5"/><counter type="COMPLEXITY" missed="1" covered="1"/><counter type="METHOD" missed="0" covered="1"/></method><method name="header" desc="(Ljava/lang/String;)Ljava/lang/String;" line="451"><counter type="INSTRUCTION" missed="0" covered="5"/><counter type="LINE" missed="0" covered="1"/><counter type="COMPLEXITY" missed="0" covered="1"/><counter type="METHOD" missed="0" covered="1"/></method><method name="writeReport" desc="(Lnetwork/ike/plugin/ws/WsGoal;Ljava/lang/String;)V" line="467"><counter type="INSTRUCTION" missed="7" covered="22"/><counter type="BRANCH" missed="0" covered="2"/><counter type="LINE" missed="3" covered="6"/><counter type="COMPLEXITY" missed="0" covered="2"/><counter type="METHOD" missed="0" covered="1"/></method><method name="startReport" desc="()Lnetwork/ike/plugin/ws/ReportLog;" line="494"><counter type="INSTRUCTION" missed="0" covered="11"/><counter type="LINE" missed="0" covered="3"/><counter type="COMPLEXITY" missed="0" covered="1"/><counter type="METHOD" missed="0" covered="1"/></method><method name="finishReport" desc="(Lnetwork/ike/plugin/ws/WsGoal;Lnetwork/ike/plugin/ws/ReportLog;)V" line="506"><counter type="INSTRUCTION" missed="0" covered="11"/><counter type="BRANCH" missed="1" covered="1"/><counter type="LINE" missed="0" covered="4"/><counter type="COMPLEXITY" missed="1" covered="1"/><counter type="METHOD" missed="0" covered="1"/></method><method name="lambda$writeReport$0" desc="(Ljava/nio/file/Path;Lnetwork/ike/plugin/ws/WsGoal;)V" line="476"><counter type="INSTRUCTION" missed="0" covered="7"/><counter type="LINE" missed="0" covered="2"/><counter type="COMPLEXITY" missed="0" covered="1"/><counter type="METHOD" missed="0" covered="1"/></method><counter type="INSTRUCTION" missed="239" covered="247"/><counter type="BRANCH" missed="31" covered="15"/><counter type="LINE" missed="61" covered="58"/><counter type="COMPLEXITY" missed="22" covered="26"/><counter type="METHOD" missed="3" covered="22"/><counter type="CLASS" missed="0" covered="1"/></class><class name="network/ike/plugin/ws/FeatureStartSupport" sourcefilename="FeatureStartSupport.java"><method name="&lt;init&gt;" desc="(Lorg/apache/maven/api/plugin/Log;)V" line="47"><counter type="INSTRUCTION" missed="0" covered="6"/><counter type="LINE" missed="0" covered="3"/><counter type="COMPLEXITY" missed="0" covered="1"/><counter type="METHOD" missed="0" covered="1"/></method><method name="setPomVersion" desc="(Ljava/io/File;Ljava/lang/String;Ljava/lang/String;)V" line="64"><counter type="INSTRUCTION" missed="23" covered="90"/><counter type="BRANCH" missed="2" covered="6"/><counter type="LINE" missed="6" covered="19"/><counter type="COMPLEXITY" missed="2" covered="3"/><counter type="METHOD" missed="0" covered="1"/></method><method name="cascadeVersionProperties" desc="(Lnetwork/ike/workspace/WorkspaceGraph;Ljava/io/File;Ljava/util/List;Ljava/lang/String;)V" line="128"><counter type="INSTRUCTION" missed="90" covered="101"/><counter type="BRANCH" missed="9" covered="11"/><counter type="LINE" missed="15" covered="22"/><counter type="COMPLEXITY" missed="7" covered="4"/><counter type="METHOD" missed="0" covered="1"/></method><method name="cascadeBomProperties" desc="(Lnetwork/ike/workspace/WorkspaceGraph;Ljava/io/File;Ljava/util/List;Ljava/lang/String;)V" line="208"><counter type="INSTRUCTION" missed="85" covered="118"/><counter type="BRANCH" missed="9" covered="15"/><counter type="LINE" missed="13" covered="28"/><counter type="COMPLEXITY" missed="8" covered="5"/><counter type="METHOD" missed="0" covered="1"/></method><method name="cascadeBomImports" desc="(Lnetwork/ike/workspace/WorkspaceGraph;Ljava/io/File;Ljava/util/List;Ljava/lang/String;)V" line="290"><counter type="INSTRUCTION" missed="125" covered="108"/><counter type="BRANCH" missed="16" covered="12"/><counter type="LINE" missed="28" covered="25"/><counter type="COMPLEXITY" missed="12" covered="3"/><counter type="METHOD" missed="0" covered="1"/></method><method name="ensureFullClone" desc="(Ljava/io/File;Ljava/lang/String;)V" line="390"><counter type="INSTRUCTION" missed="30" covered="24"/><counter type="BRANCH" missed="1" covered="1"/><counter type="LINE" missed="5" covered="4"/><counter type="COMPLEXITY" missed="1" covered="1"/><counter type="METHOD" missed="0" covered="1"/></method><method name="removeIntraReactorPins" desc="(Ljava/io/File;Ljava/util/List;Z)V" line="423"><counter type="INSTRUCTION" missed="22" covered="184"/><counter type="BRANCH" missed="7" covered="17"/><counter type="LINE" missed="5" covered="39"/><counter type="COMPLEXITY" missed="7" covered="6"/><counter type="METHOD" missed="0" covered="1"/></method><method name="collectReactorArtifacts" desc="(Ljava/nio/file/Path;Lnetwork/ike/plugin/ws/PomModel;Ljava/util/Set;)V" line="511"><counter type="INSTRUCTION" missed="0" covered="39"/><counter type="BRANCH" missed="1" covered="3"/><counter type="LINE" missed="0" covered="9"/><counter type="COMPLEXITY" missed="1" covered="2"/><counter type="METHOD" missed="0" covered="1"/></method><counter type="INSTRUCTION" missed="375" covered="670"/><counter type="BRANCH" missed="45" covered="65"/><counter type="LINE" missed="72" covered="149"/><counter type="COMPLEXITY" missed="38" covered="25"/><counter type="METHOD" missed="0" covered="8"/><counter type="CLASS" missed="0" covered="1"/></class><class name="network/ike/plugin/ws/RefreshMainSupport$UpToDate" sourcefilename="RefreshMainSupport.java"><method name="&lt;init&gt;" desc="(Ljava/lang/String;)V" line="76"><counter type="INSTRUCTION" missed="6" covered="0"/><counter type="LINE" missed="1" covered="0"/><counter type="COMPLEXITY" missed="1" covered="0"/><counter type="METHOD" missed="1" covered="0"/></method><counter type="INSTRUCTION" missed="6" covered="0"/><counter type="LINE" missed="1" covered="0"/><counter type="COMPLEXITY" missed="1" covered="0"/><counter type="METHOD" missed="1" covered="0"/><counter type="CLASS" missed="1" covered="0"/></class><class name="network/ike/plugin/ws/WsLintMojo" sourcefilename="WsLintMojo.java"><method name="&lt;init&gt;" desc="()V" line="44"><counter type="INSTRUCTION" missed="3" covered="0"/><counter type="LINE" missed="1" covered="0"/><counter type="COMPLEXITY" missed="1" covered="0"/><counter type="METHOD" missed="1" covered="0"/></method><method name="execute" desc="()V" line="48"><counter type="INSTRUCTION" missed="117" covered="0"/><counter type="BRANCH" missed="4" covered="0"/><counter type="LINE" missed="26" covered="0"/><counter type="COMPLEXITY" missed="3" covered="0"/><counter type="METHOD" missed="1" covered="0"/></method><counter type="INSTRUCTION" missed="120" covered="0"/><counter type="BRANCH" missed="4" covered="0"/><counter type="LINE" missed="27" covered="0"/><counter type="COMPLEXITY" missed="4" covered="0"/><counter type="METHOD" missed="2" covered="0"/><counter type="CLASS" missed="1" covered="0"/></class><class name="network/ike/plugin/ws/WsAlignDraftMojo$ComponentVersion" sourcefilename="WsAlignDraftMojo.java"><method name="&lt;init&gt;" desc="(Ljava/lang/String;Ljava/lang/String;)V" line="1109"><counter type="INSTRUCTION" missed="9" covered="0"/><counter type="LINE" missed="1" covered="0"/><counter type="COMPLEXITY" missed="1" covered="0"/><counter type="METHOD" missed="1" covered="0"/></method><counter type="INSTRUCTION" missed="9" covered="0"/><counter type="LINE" missed="1" covered="0"/><counter type="COMPLEXITY" missed="1" covered="0"/><counter type="METHOD" missed="1" covered="0"/><counter type="CLASS" missed="1" covered="0"/></class><class name="network/ike/plugin/ws/SubprojectSnapshot" sourcefilename="SubprojectSnapshot.java"><method name="&lt;init&gt;" desc="(Ljava/lang/String;Ljava/lang/String;Ljava/lang/String;Ljava/lang/String;Ljava/lang/String;Z)V" line="16"><counter type="INSTRUCTION" missed="0" covered="21"/><counter type="LINE" missed="0" covered="1"/><counter type="COMPLEXITY" missed="0" covered="1"/><counter type="METHOD" missed="0" covered="1"/></method><counter type="INSTRUCTION" missed="0" covered="21"/><counter type="LINE" missed="0" covered="1"/><counter type="COMPLEXITY" missed="0" covered="1"/><counter type="METHOD" missed="0" covered="1"/><counter type="CLASS" missed="0" covered="1"/></class><class name="network/ike/plugin/ws/VerifyConvergenceMojo" sourcefilename="VerifyConvergenceMojo.java"><method name="&lt;init&gt;" desc="()V" line="59"><counter type="INSTRUCTION" missed="0" covered="3"/><counter type="LINE" missed="0" covered="1"/><counter type="COMPLEXITY" missed="0" covered="1"/><counter type="METHOD" missed="0" covered="1"/></method><method name="execute" desc="()V" line="63"><counter type="INSTRUCTION" missed="167" covered="149"/><counter type="BRANCH" missed="15" covered="5"/><counter type="LINE" missed="42" covered="34"/><counter type="COMPLEXITY" missed="9" covered="2"/><counter type="METHOD" missed="0" covered="1"/></method><method name="buildSummary" desc="(Ljava/lang/String;IZZLjava/util/List;Z)Ljava/lang/String;" line="203"><counter type="INSTRUCTION" missed="64" covered="72"/><counter type="BRANCH" missed="9" covered="5"/><counter type="LINE" missed="9" covered="16"/><counter type="COMPLEXITY" missed="7" covered="1"/><counter type="METHOD" missed="0" covered="1"/></method><method name="checkParentVersionSkew" desc="(Lnetwork/ike/workspace/WorkspaceGraph;Ljava/io/File;)Z" line="244"><counter type="INSTRUCTION" missed="143" covered="12"/><counter type="BRANCH" missed="17" covered="1"/><counter type="LINE" missed="36" covered="2"/><counter type="COMPLEXITY" missed="9" covered="1"/><counter type="METHOD" missed="0" covered="1"/></method><method name="checkBranchQualifierContamination" desc="(Lnetwork/ike/workspace/WorkspaceGraph;Ljava/io/File;)Z" line="314"><counter type="INSTRUCTION" missed="138" covered="109"/><counter type="BRANCH" missed="17" covered="9"/><counter type="LINE" missed="32" covered="17"/><counter type="COMPLEXITY" missed="11" covered="3"/><counter type="METHOD" missed="0" covered="1"/></method><method name="resolveConvergenceReportPath" desc="(Ljava/io/File;)Ljava/nio/file/Path;" line="388"><counter type="INSTRUCTION" missed="20" covered="0"/><counter type="BRANCH" missed="4" covered="0"/><counter type="LINE" missed="3" covered="0"/><counter type="COMPLEXITY" missed="3" covered="0"/><counter type="METHOD" missed="1" covered="0"/></method><counter type="INSTRUCTION" missed="532" covered="345"/><counter type="BRANCH" missed="62" covered="20"/><counter type="LINE" missed="122" covered="70"/><counter type="COMPLEXITY" missed="39" covered="8"/><counter type="METHOD" missed="1" covered="5"/><counter type="CLASS" missed="0" covered="1"/></class><class name="network/ike/plugin/ws/WsHelpMojo" sourcefilename="WsHelpMojo.java"><method name="&lt;init&gt;" desc="()V" line="48"><counter type="INSTRUCTION" missed="3" covered="0"/><counter type="LINE" missed="1" covered="0"/><counter type="COMPLEXITY" missed="1" covered="0"/><counter type="METHOD" missed="1" covered="0"/></method><method name="getLog" desc="()Lorg/apache/maven/api/plugin/Log;" line="51"><counter type="INSTRUCTION" missed="3" covered="0"/><counter type="LINE" missed="1" covered="0"/><counter type="COMPLEXITY" missed="1" covered="0"/><counter type="METHOD" missed="1" covered="0"/></method><method name="execute" desc="()V" line="55"><counter type="INSTRUCTION" missed="95" covered="0"/><counter type="BRANCH" missed="4" covered="0"/><counter type="LINE" missed="21" covered="0"/><counter type="COMPLEXITY" missed="3" covered="0"/><counter type="METHOD" missed="1" covered="0"/></method><method name="discoverGoals" desc="()Ljava/util/List;" line="91"><counter type="INSTRUCTION" missed="36" covered="0"/><counter type="BRANCH" missed="2" covered="0"/><counter type="LINE" missed="5" covered="0"/><counter type="COMPLEXITY" missed="2" covered="0"/><counter type="METHOD" missed="1" covered="0"/></method><method name="categorize" desc="(Ljava/util/List;)Ljava/util/Map;" line="109"><counter type="INSTRUCTION" missed="73" covered="0"/><counter type="BRANCH" missed="2" covered="0"/><counter type="LINE" missed="12" covered="0"/><counter type="COMPLEXITY" missed="2" covered="0"/><counter type="METHOD" missed="1" covered="0"/></method><method name="categoryOf" desc="(Ljava/lang/String;)Ljava/lang/String;" line="133"><counter type="INSTRUCTION" missed="68" covered="0"/><counter type="BRANCH" missed="28" covered="0"/><counter type="LINE" missed="14" covered="0"/><counter type="COMPLEXITY" missed="15" covered="0"/><counter type="METHOD" missed="1" covered="0"/></method><method name="printOptions" desc="()V" line="161"><counter type="INSTRUCTION" missed="73" covered="0"/><counter type="LINE" missed="19" covered="0"/><counter type="COMPLEXITY" missed="1" covered="0"/><counter type="METHOD" missed="1" covered="0"/></method><method name="lambda$discoverGoals$0" desc="(Lnetwork/ike/plugin/ws/WsHelpMojo$GoalInfo;)Ljava/lang/String;" line="95"><counter type="INSTRUCTION" missed="3" covered="0"/><counter type="LINE" missed="1" covered="0"/><counter type="COMPLEXITY" missed="1" covered="0"/><counter type="METHOD" missed="1" covered="0"/></method><counter type="INSTRUCTION" missed="354" covered="0"/><counter type="BRANCH" missed="36" covered="0"/><counter type="LINE" missed="73" covered="0"/><counter type="COMPLEXITY" missed="26" covered="0"/><counter type="METHOD" missed="8" covered="0"/><counter type="CLASS" missed="1" covered="0"/></class><class name="network/ike/plugin/ws/FeatureStartPublishMojo" sourcefilename="FeatureStartPublishMojo.java"><method name="&lt;init&gt;" desc="()V" line="26"><counter type="INSTRUCTION" missed="3" covered="0"/><counter type="LINE" missed="1" covered="0"/><counter type="COMPLEXITY" missed="1" covered="0"/><counter type="METHOD" missed="1" covered="0"/></method><method name="execute" desc="()V" line="30"><counter type="INSTRUCTION" missed="8" covered="0"/><counter type="LINE" missed="4" covered="0"/><counter type="COMPLEXITY" missed="1" covered="0"/><counter type="METHOD" missed="1" covered="0"/></method><method name="autoAlign" desc="()V" line="36"><counter type="INSTRUCTION" missed="38" covered="0"/><counter type="LINE" missed="10" covered="0"/><counter type="COMPLEXITY" missed="1" covered="0"/><counter type="METHOD" missed="1" covered="0"/></method><counter type="INSTRUCTION" missed="49" covered="0"/><counter type="LINE" missed="15" covered="0"/><counter type="COMPLEXITY" missed="3" covered="0"/><counter type="METHOD" missed="3" covered="0"/><counter type="CLASS" missed="1" covered="0"/></class><class name="network/ike/plugin/ws/FeatureStartDraftMojo" sourcefilename="FeatureStartDraftMojo.java"><method name="&lt;init&gt;" desc="()V" line="89"><counter type="INSTRUCTION" missed="0" covered="3"/><counter type="LINE" missed="0" covered="1"/><counter type="COMPLEXITY" missed="0" covered="1"/><counter type="METHOD" missed="0" covered="1"/></method><method name="execute" desc="()V" line="109"><counter type="INSTRUCTION" missed="65" covered="498"/><counter type="BRANCH" missed="16" covered="48"/><counter type="LINE" missed="15" covered="89"/><counter type="COMPLEXITY" missed="15" covered="18"/><counter type="METHOD" missed="0" covered="1"/></method><method name="buildMarkdownReport" desc="(Ljava/lang/String;Ljava/util/List;Ljava/util/List;)Ljava/lang/String;" line="291"><counter type="INSTRUCTION" missed="0" covered="103"/><counter type="BRANCH" missed="0" covered="6"/><counter type="LINE" missed="0" covered="22"/><counter type="COMPLEXITY" missed="0" covered="4"/><counter type="METHOD" missed="0" covered="1"/></method><method name="executeBareMode" desc="(Ljava/lang/String;)V" line="323"><counter type="INSTRUCTION" missed="14" covered="256"/><counter type="BRANCH" missed="1" covered="21"/><counter type="LINE" missed="4" covered="46"/><counter type="COMPLEXITY" missed="1" covered="11"/><counter type="METHOD" missed="0" covered="1"/></method><method name="branchWorkspaceRepo" desc="(Ljava/lang/String;Ljava/util/List;)V" line="414"><counter type="INSTRUCTION" missed="104" covered="17"/><counter type="BRANCH" missed="9" covered="1"/><counter type="LINE" missed="22" covered="4"/><counter type="COMPLEXITY" missed="5" covered="1"/><counter type="METHOD" missed="0" covered="1"/></method><method name="checkBomCascadeAndConfirm" desc="(Lnetwork/ike/workspace/WorkspaceGraph;Ljava/io/File;)Ljava/util/List;" line="466"><counter type="INSTRUCTION" missed="45" covered="171"/><counter type="BRANCH" missed="5" covered="11"/><counter type="LINE" missed="11" covered="39"/><counter type="COMPLEXITY" missed="5" covered="4"/><counter type="METHOD" missed="0" covered="1"/></method><method name="lambda$checkBomCascadeAndConfirm$0" desc="(Ljava/io/File;Lnetwork/ike/workspace/WorkspaceGraph;Lnetwork/ike/workspace/BomAnalysis$CascadeIssue;)Z" line="493"><counter type="INSTRUCTION" missed="6" covered="87"/><counter type="BRANCH" missed="4" covered="10"/><counter type="LINE" missed="2" covered="21"/><counter type="COMPLEXITY" missed="4" covered="4"/><counter type="METHOD" missed="0" covered="1"/></method><counter type="INSTRUCTION" missed="234" covered="1135"/><counter type="BRANCH" missed="35" covered="97"/><counter type="LINE" missed="54" covered="222"/><counter type="COMPLEXITY" missed="30" covered="43"/><counter type="METHOD" missed="0" covered="7"/><counter type="CLASS" missed="0" covered="1"/></class><class name="network/ike/plugin/ws/FeatureStartDraftMojo$BranchRow" sourcefilename="FeatureStartDraftMojo.java"><method name="&lt;init&gt;" desc="(Ljava/lang/String;Ljava/lang/String;Ljava/lang/String;Ljava/lang/String;)V" line="100"><counter type="INSTRUCTION" missed="0" covered="15"/><counter type="LINE" missed="0" covered="1"/><counter type="COMPLEXITY" missed="0" covered="1"/><counter type="METHOD" missed="0" covered="1"/></method><counter type="INSTRUCTION" missed="0" covered="15"/><counter type="LINE" missed="0" covered="1"/><counter type="COMPLEXITY" missed="0" covered="1"/><counter type="METHOD" missed="0" covered="1"/><counter type="CLASS" missed="0" covered="1"/></class><class name="network/ike/plugin/ws/WsSetParentDraftMojo$ParentChange" sourcefilename="WsSetParentDraftMojo.java"><method name="&lt;init&gt;" desc="(Ljava/lang/String;Ljava/lang/String;Ljava/lang/String;Ljava/lang/String;)V" line="394"><counter type="INSTRUCTION" missed="15" covered="0"/><counter type="LINE" missed="1" covered="0"/><counter type="COMPLEXITY" missed="1" covered="0"/><counter type="METHOD" missed="1" covered="0"/></method><counter type="INSTRUCTION" missed="15" covered="0"/><counter type="LINE" missed="1" covered="0"/><counter type="COMPLEXITY" missed="1" covered="0"/><counter type="METHOD" missed="1" covered="0"/><counter type="CLASS" missed="1" covered="0"/></class><class name="network/ike/plugin/ws/PomParentSupport" sourcefilename="PomParentSupport.java"><method name="readParent" desc="(Ljava/nio/file/Path;)Lnetwork/ike/plugin/ws/PomParentSupport$ParentInfo;" line="27"><counter type="INSTRUCTION" missed="10" covered="10"/><counter type="BRANCH" missed="1" covered="1"/><counter type="LINE" missed="4" covered="3"/><counter type="COMPLEXITY" missed="1" covered="1"/><counter type="METHOD" missed="0" covered="1"/></method><method name="updateParentVersion" desc="(Ljava/lang/String;Ljava/lang/String;Ljava/lang/String;Ljava/lang/String;)Ljava/lang/String;" line="54"><counter type="INSTRUCTION" missed="6" covered="0"/><counter type="LINE" missed="1" covered="0"/><counter type="COMPLEXITY" missed="1" covered="0"/><counter type="METHOD" missed="1" covered="0"/></method><counter type="INSTRUCTION" missed="16" covered="10"/><counter type="BRANCH" missed="1" covered="1"/><counter type="LINE" missed="5" covered="3"/><counter type="COMPLEXITY" missed="2" covered="1"/><counter type="METHOD" missed="1" covered="1"/><counter type="CLASS" missed="0" covered="1"/></class><class name="network/ike/plugin/ws/CommitMojo" sourcefilename="CommitMojo.java"><method name="&lt;init&gt;" desc="()V" line="51"><counter type="INSTRUCTION" missed="0" covered="3"/><counter type="LINE" missed="0" covered="1"/><counter type="COMPLEXITY" missed="0" covered="1"/><counter type="METHOD" missed="0" covered="1"/></method><method name="execute" desc="()V" line="90"><counter type="INSTRUCTION" missed="3" covered="11"/><counter type="BRANCH" missed="1" covered="1"/><counter type="LINE" missed="1" covered="3"/><counter type="COMPLEXITY" missed="1" covered="1"/><counter type="METHOD" missed="0" covered="1"/></method><method name="executeWorkspace" desc="()V" line="98"><counter type="INSTRUCTION" missed="218" covered="0"/><counter type="BRANCH" missed="16" covered="0"/><counter type="LINE" missed="53" covered="0"/><counter type="COMPLEXITY" missed="9" covered="0"/><counter type="METHOD" missed="1" covered="0"/></method><method name="commitOne" desc="(Ljava/io/File;Ljava/lang/String;)Lnetwork/ike/plugin/ws/CommitMojo$CommitOutcome;" line="193"><counter type="INSTRUCTION" missed="134" covered="0"/><counter type="BRANCH" missed="26" covered="0"/><counter type="LINE" missed="34" covered="0"/><counter type="COMPLEXITY" missed="14" covered="0"/><counter type="METHOD" missed="1" covered="0"/></method><method name="formatUncommittedSuffix" desc="(Ljava/lang/String;Ljava/util/List;)Ljava/lang/String;" line="272"><counter type="INSTRUCTION" missed="0" covered="45"/><counter type="BRANCH" missed="0" covered="12"/><counter type="LINE" missed="0" covered="9"/><counter type="COMPLEXITY" missed="0" covered="7"/><counter type="METHOD" missed="0" covered="1"/></method><method name="previewSummary" desc="(ILjava/util/List;)Ljava/lang/String;" line="294"><counter type="INSTRUCTION" missed="69" covered="0"/><counter type="BRANCH" missed="8" covered="0"/><counter type="LINE" missed="12" covered="0"/><counter type="COMPLEXITY" missed="5" covered="0"/><counter type="METHOD" missed="1" covered="0"/></method><method name="executeSingleRepo" desc="(Ljava/io/File;)V" line="314"><counter type="INSTRUCTION" missed="17" covered="64"/><counter type="BRANCH" missed="2" covered="2"/><counter type="LINE" missed="4" covered="16"/><counter type="COMPLEXITY" missed="2" covered="1"/><counter type="METHOD" missed="0" covered="1"/></method><counter type="INSTRUCTION" missed="441" covered="123"/><counter type="BRANCH" missed="53" covered="15"/><counter type="LINE" missed="104" covered="29"/><counter type="COMPLEXITY" missed="31" covered="10"/><counter type="METHOD" missed="3" covered="4"/><counter type="CLASS" missed="0" covered="1"/></class><class name="network/ike/plugin/ws/WsScaffoldUpgradeDraftMojo$GitignoreSection" sourcefilename="WsScaffoldUpgradeDraftMojo.java"><method name="&lt;init&gt;" desc="(Ljava/lang/String;[Ljava/lang/String;)V" line="242"><counter type="INSTRUCTION" missed="0" covered="6"/><counter type="LINE" missed="0" covered="2"/><counter type="COMPLEXITY" missed="0" covered="1"/><counter type="METHOD" missed="0" covered="1"/></method><method name="&lt;init&gt;" desc="(Ljava/lang/String;Ljava/util/List;)V" line="240"><counter type="INSTRUCTION" missed="0" covered="9"/><counter type="LINE" missed="0" covered="1"/><counter type="COMPLEXITY" missed="0" covered="1"/><counter type="METHOD" missed="0" covered="1"/></method><counter type="INSTRUCTION" missed="0" covered="15"/><counter type="LINE" missed="0" covered="3"/><counter type="COMPLEXITY" missed="0" covered="2"/><counter type="METHOD" missed="0" covered="2"/><counter type="CLASS" missed="0" covered="1"/></class><class name="network/ike/plugin/ws/WsScaffoldUpgradePublishMojo" sourcefilename="WsScaffoldUpgradePublishMojo.java"><method name="&lt;init&gt;" desc="()V" line="20"><counter type="INSTRUCTION" missed="3" covered="0"/><counter type="LINE" missed="1" covered="0"/><counter type="COMPLEXITY" missed="1" covered="0"/><counter type="METHOD" missed="1" covered="0"/></method><method name="execute" desc="()V" line="24"><counter type="INSTRUCTION" missed="6" covered="0"/><counter type="LINE" missed="3" covered="0"/><counter type="COMPLEXITY" missed="1" covered="0"/><counter type="METHOD" missed="1" covered="0"/></method><counter type="INSTRUCTION" missed="9" covered="0"/><counter type="LINE" missed="4" covered="0"/><counter type="COMPLEXITY" missed="2" covered="0"/><counter type="METHOD" missed="2" covered="0"/><counter type="CLASS" missed="1" covered="0"/></class><class name="network/ike/plugin/ws/PullWorkspaceMojo" sourcefilename="PullWorkspaceMojo.java"><method name="&lt;init&gt;" desc="()V" line="36"><counter type="INSTRUCTION" missed="3" covered="0"/><counter type="LINE" missed="1" covered="0"/><counter type="COMPLEXITY" missed="1" covered="0"/><counter type="METHOD" missed="1" covered="0"/></method><method name="execute" desc="()V" line="40"><counter type="INSTRUCTION" missed="200" covered="0"/><counter type="BRANCH" missed="8" covered="0"/><counter type="LINE" missed="47" covered="0"/><counter type="COMPLEXITY" missed="5" covered="0"/><counter type="METHOD" missed="1" covered="0"/></method><counter type="INSTRUCTION" missed="203" covered="0"/><counter type="BRANCH" missed="8" covered="0"/><counter type="LINE" missed="48" covered="0"/><counter type="COMPLEXITY" missed="6" covered="0"/><counter type="METHOD" missed="2" covered="0"/><counter type="CLASS" missed="1" covered="0"/></class><class name="network/ike/plugin/ws/WsGoal" sourcefilename="WsGoal.java"><method name="&lt;init&gt;" desc="(Ljava/lang/String;ILjava/lang/String;Ljava/lang/Class;Ljava/lang/String;)V" line="144"><counter type="INSTRUCTION" missed="0" covered="14"/><counter type="LINE" missed="0" covered="5"/><counter type="COMPLEXITY" missed="0" covered="1"/><counter type="METHOD" missed="0" covered="1"/></method><method name="goalName" desc="()Ljava/lang/String;" line="152"><counter type="INSTRUCTION" missed="0" covered="3"/><counter type="LINE" missed="0" covered="1"/><counter type="COMPLEXITY" missed="0" covered="1"/><counter type="METHOD" missed="0" covered="1"/></method><method name="qualified" desc="()Ljava/lang/String;" line="157"><counter type="INSTRUCTION" missed="0" covered="4"/><counter type="LINE" missed="0" covered="1"/><counter type="COMPLEXITY" missed="0" covered="1"/><counter type="METHOD" missed="0" covered="1"/></method><method name="mojoClass" desc="()Ljava/lang/Class;" line="162"><counter type="INSTRUCTION" missed="0" covered="3"/><counter type="LINE" missed="0" covered="1"/><counter type="COMPLEXITY" missed="0" covered="1"/><counter type="METHOD" missed="0" covered="1"/></method><method name="description" desc="()Ljava/lang/String;" line="167"><counter type="INSTRUCTION" missed="3" covered="0"/><counter type="LINE" missed="1" covered="0"/><counter type="COMPLEXITY" missed="1" covered="0"/><counter type="METHOD" missed="1" covered="0"/></method><method name="isDraft" desc="()Z" line="172"><counter type="INSTRUCTION" missed="0" covered="5"/><counter type="LINE" missed="0" covered="1"/><counter type="COMPLEXITY" missed="0" covered="1"/><counter type="METHOD" missed="0" covered="1"/></method><method name="isPublish" desc="()Z" line="177"><counter type="INSTRUCTION" missed="0" covered="5"/><counter type="LINE" missed="0" covered="1"/><counter type="COMPLEXITY" missed="0" covered="1"/><counter type="METHOD" missed="0" covered="1"/></method><method name="pair" desc="()Ljava/util/Optional;" line="186"><counter type="INSTRUCTION" missed="9" covered="13"/><counter type="BRANCH" missed="2" covered="2"/><counter type="LINE" missed="2" covered="3"/><counter type="COMPLEXITY" missed="2" covered="1"/><counter type="METHOD" missed="0" covered="1"/></method><method name="byName" desc="(Ljava/lang/String;)Ljava/util/Optional;" line="202"><counter type="INSTRUCTION" missed="2" covered="24"/><counter type="BRANCH" missed="1" covered="3"/><counter type="LINE" missed="1" covered="2"/><counter type="COMPLEXITY" missed="1" covered="2"/><counter type="METHOD" missed="0" covered="1"/></method><method name="stripSuffix" desc="(Ljava/lang/String;Ljava/lang/String;)Ljava/lang/String;" line="209"><counter type="INSTRUCTION" missed="0" covered="9"/><counter type="LINE" missed="0" covered="1"/><counter type="COMPLEXITY" missed="0" covered="1"/><counter type="METHOD" missed="0" covered="1"/></method><method name="&lt;clinit&gt;" desc="()V" line="23"><counter type="INSTRUCTION" missed="0" covered="462"/><counter type="LINE" missed="0" covered="52"/><counter type="COMPLEXITY" missed="0" covered="1"/><counter type="METHOD" missed="0" covered="1"/></method><counter type="INSTRUCTION" missed="14" covered="542"/><counter type="BRANCH" missed="3" covered="5"/><counter type="LINE" missed="4" covered="68"/><counter type="COMPLEXITY" missed="4" covered="11"/><counter type="METHOD" missed="1" covered="10"/><counter type="CLASS" missed="0" covered="1"/></class><class name="network/ike/plugin/ws/ReactorWalker$ReactorScan" sourcefilename="ReactorWalker.java"><method name="&lt;init&gt;" desc="(Ljava/util/List;)V" line="45"><counter type="INSTRUCTION" missed="0" covered="9"/><counter type="LINE" missed="0" covered="3"/><counter type="COMPLEXITY" missed="0" covered="1"/><counter type="METHOD" missed="0" covered="1"/></method><counter type="INSTRUCTION" missed="0" covered="9"/><counter type="LINE" missed="0" covered="3"/><counter type="COMPLEXITY" missed="0" covered="1"/><counter type="METHOD" missed="0" covered="1"/><counter type="CLASS" missed="0" covered="1"/></class><class name="network/ike/plugin/ws/RefreshMainSupport$AutoResolved" sourcefilename="RefreshMainSupport.java"><method name="&lt;init&gt;" desc="(Ljava/lang/String;II)V" line="99"><counter type="INSTRUCTION" missed="12" covered="0"/><counter type="LINE" missed="1" covered="0"/><counter type="COMPLEXITY" missed="1" covered="0"/><counter type="METHOD" missed="1" covered="0"/></method><counter type="INSTRUCTION" missed="12" covered="0"/><counter type="LINE" missed="1" covered="0"/><counter type="COMPLEXITY" missed="1" covered="0"/><counter type="METHOD" missed="1" covered="0"/><counter type="CLASS" missed="1" covered="0"/></class><class name="network/ike/plugin/ws/FeatureFinishSupport" sourcefilename="FeatureFinishSupport.java"><method name="detectFeature" desc="(Ljava/io/File;Ljava/util/List;Lnetwork/ike/plugin/ws/AbstractWorkspaceMojo;Lorg/apache/maven/api/plugin/Log;)Ljava/lang/String;" line="55"><counter type="INSTRUCTION" missed="96" covered="0"/><counter type="BRANCH" missed="14" covered="0"/><counter type="LINE" missed="19" covered="0"/><counter type="COMPLEXITY" missed="8" covered="0"/><counter type="METHOD" missed="1" covered="0"/></method><method name="validateComponent" desc="(Ljava/io/File;Ljava/lang/String;Ljava/lang/String;Lnetwork/ike/workspace/Subproject;Lnetwork/ike/plugin/ws/AbstractWorkspaceMojo;)Ljava/lang/String;" line="119"><counter type="INSTRUCTION" missed="8" covered="45"/><counter type="BRANCH" missed="4" covered="6"/><counter type="LINE" missed="3" covered="11"/><counter type="COMPLEXITY" missed="4" covered="2"/><counter type="METHOD" missed="0" covered="1"/></method><method name="generateFeatureMessage" desc="(Ljava/io/File;Ljava/util/List;Ljava/lang/String;Ljava/lang/String;Ljava/lang/String;Lorg/apache/maven/api/plugin/Log;)Ljava/lang/String;" line="155"><counter type="INSTRUCTION" missed="81" covered="101"/><counter type="BRANCH" missed="14" covered="8"/><counter type="LINE" missed="14" covered="20"/><counter type="COMPLEXITY" missed="9" covered="3"/><counter type="METHOD" missed="0" covered="1"/></method><method name="stripBranchVersion" desc="(Ljava/io/File;Lnetwork/ike/workspace/Subproject;Ljava/lang/String;Lorg/apache/maven/api/plugin/Log;)Ljava/lang/String;" line="210"><counter type="INSTRUCTION" missed="2" covered="72"/><counter type="BRANCH" missed="2" covered="2"/><counter type="LINE" missed="1" covered="11"/><counter type="COMPLEXITY" missed="2" covered="1"/><counter type="METHOD" missed="0" covered="1"/></method><method name="stripBranchVersionBare" desc="(Ljava/io/File;Ljava/lang/String;Lorg/apache/maven/api/plugin/Log;)Ljava/lang/String;" line="239"><counter type="INSTRUCTION" missed="7" covered="81"/><counter type="BRANCH" missed="3" covered="3"/><counter type="LINE" missed="3" covered="14"/><counter type="COMPLEXITY" missed="3" covered="1"/><counter type="METHOD" missed="0" covered="1"/></method><method name="deleteBranch" desc="(Ljava/io/File;Lorg/apache/maven/api/plugin/Log;Ljava/lang/String;)V" line="272"><counter type="INSTRUCTION" missed="10" covered="21"/><counter type="BRANCH" missed="1" covered="1"/><counter type="LINE" missed="2" covered="6"/><counter type="COMPLEXITY" missed="1" covered="1"/><counter type="METHOD" missed="0" covered="1"/></method><method name="cleanFeatureSites" desc="(Ljava/io/File;Ljava/util/List;Ljava/lang/String;Lorg/apache/maven/api/plugin/Log;)V" line="290"><counter type="INSTRUCTION" missed="7" covered="29"/><counter type="BRANCH" missed="0" covered="2"/><counter type="LINE" missed="3" covered="7"/><counter type="COMPLEXITY" missed="0" covered="2"/><counter type="METHOD" missed="0" covered="1"/></method><method name="updateWorkspaceYaml" desc="(Ljava/nio/file/Path;Ljava/util/List;Ljava/lang/String;Ljava/lang/String;Lorg/apache/maven/api/plugin/Log;)V" line="311"><counter type="INSTRUCTION" missed="49" covered="42"/><counter type="BRANCH" missed="3" covered="3"/><counter type="LINE" missed="5" covered="11"/><counter type="COMPLEXITY" missed="2" covered="2"/><counter type="METHOD" missed="0" covered="1"/></method><method name="mergeWorkspaceRepo" desc="(Ljava/nio/file/Path;Ljava/lang/String;Ljava/lang/String;ZZLorg/apache/maven/api/plugin/Log;)V" line="342"><counter type="INSTRUCTION" missed="58" covered="12"/><counter type="BRANCH" missed="11" covered="1"/><counter type="LINE" missed="19" covered="2"/><counter type="COMPLEXITY" missed="6" covered="1"/><counter type="METHOD" missed="0" covered="1"/></method><method name="promptStaleBranchCleanup" desc="(Ljava/io/File;Ljava/util/List;Ljava/lang/String;Ljava/lang/String;Lorg/apache/maven/api/services/Prompter;Lorg/apache/maven/api/plugin/Log;)V" line="399"><counter type="INSTRUCTION" missed="209" covered="47"/><counter type="BRANCH" missed="27" covered="5"/><counter type="LINE" missed="49" covered="11"/><counter type="COMPLEXITY" missed="15" covered="2"/><counter type="METHOD" missed="0" covered="1"/></method><method name="verifyAndFixQualifiers" desc="(Ljava/io/File;Ljava/lang/String;Lorg/apache/maven/api/plugin/Log;)V" line="503"><counter type="INSTRUCTION" missed="9" covered="164"/><counter type="BRANCH" missed="4" covered="12"/><counter type="LINE" missed="2" covered="30"/><counter type="COMPLEXITY" missed="4" covered="5"/><counter type="METHOD" missed="0" covered="1"/></method><method name="findQualifierContamination" desc="(Ljava/io/File;Ljava/lang/String;)Ljava/util/List;" line="573"><counter type="INSTRUCTION" missed="49" covered="0"/><counter type="BRANCH" missed="6" covered="0"/><counter type="LINE" missed="14" covered="0"/><counter type="COMPLEXITY" missed="4" covered="0"/><counter type="METHOD" missed="1" covered="0"/></method><method name="readCurrentVersion" desc="(Ljava/io/File;Lorg/apache/maven/api/plugin/Log;)Ljava/lang/String;" line="600"><counter type="INSTRUCTION" missed="10" covered="7"/><counter type="LINE" missed="4" covered="1"/><counter type="COMPLEXITY" missed="0" covered="1"/><counter type="METHOD" missed="0" covered="1"/></method><method name="qualifierFromBranch" desc="(Ljava/lang/String;)Ljava/lang/String;" line="624"><counter type="INSTRUCTION" missed="0" covered="3"/><counter type="LINE" missed="0" covered="1"/><counter type="COMPLEXITY" missed="0" covered="1"/><counter type="METHOD" missed="0" covered="1"/></method><method name="containsBranchQualifier" desc="(Ljava/lang/String;Ljava/lang/String;)Z" line="637"><counter type="INSTRUCTION" missed="0" covered="15"/><counter type="BRANCH" missed="1" covered="5"/><counter type="LINE" missed="0" covered="3"/><counter type="COMPLEXITY" missed="1" covered="3"/><counter type="METHOD" missed="0" covered="1"/></method><method name="stripQualifier" desc="(Ljava/lang/String;Ljava/lang/String;)Ljava/lang/String;" line="650"><counter type="INSTRUCTION" missed="0" covered="6"/><counter type="LINE" missed="0" covered="1"/><counter type="COMPLEXITY" missed="0" covered="1"/><counter type="METHOD" missed="0" covered="1"/></method><method name="stripAllBranchQualifiedVersions" desc="(Ljava/io/File;Ljava/lang/String;Lorg/apache/maven/api/plugin/Log;)V" line="679"><counter type="INSTRUCTION" missed="34" covered="133"/><counter type="BRANCH" missed="2" covered="16"/><counter type="LINE" missed="11" covered="34"/><counter type="COMPLEXITY" missed="2" covered="8"/><counter type="METHOD" missed="0" covered="1"/></method><method name="setAllVersions" desc="(Ljava/io/File;Ljava/lang/String;Ljava/lang/String;Lorg/apache/maven/api/plugin/Log;)V" line="743"><counter type="INSTRUCTION" missed="8" covered="56"/><counter type="BRANCH" missed="1" covered="5"/><counter type="LINE" missed="2" covered="12"/><counter type="COMPLEXITY" missed="1" covered="3"/><counter type="METHOD" missed="0" covered="1"/></method><method name="lambda$promptStaleBranchCleanup$1" desc="(Ljava/lang/String;Ljava/util/List;)Z" line="433"><counter type="INSTRUCTION" missed="4" covered="0"/><counter type="LINE" missed="1" covered="0"/><counter type="COMPLEXITY" missed="1" covered="0"/><counter type="METHOD" missed="1" covered="0"/></method><method name="lambda$promptStaleBranchCleanup$0" desc="(Ljava/lang/String;Ljava/lang/String;)Z" line="407"><counter type="INSTRUCTION" missed="2" covered="6"/><counter type="BRANCH" missed="1" covered="1"/><counter type="LINE" missed="0" covered="1"/><counter type="COMPLEXITY" missed="1" covered="1"/><counter type="METHOD" missed="0" covered="1"/></method><counter type="INSTRUCTION" missed="643" covered="840"/><counter type="BRANCH" missed="94" covered="70"/><counter type="LINE" missed="151" covered="175"/><counter type="COMPLEXITY" missed="64" covered="38"/><counter type="METHOD" missed="3" covered="17"/><counter type="CLASS" missed="0" covered="1"/></class><class name="network/ike/plugin/ws/CommitMojo$CommitOutcome" sourcefilename="CommitMojo.java"><method name="&lt;init&gt;" desc="(IIII)V" line="344"><counter type="INSTRUCTION" missed="15" covered="0"/><counter type="LINE" missed="1" covered="0"/><counter type="COMPLEXITY" missed="1" covered="0"/><counter type="METHOD" missed="1" covered="0"/></method><method name="&lt;clinit&gt;" desc="()V" line="346"><counter type="INSTRUCTION" missed="33" covered="0"/><counter type="LINE" missed="4" covered="0"/><counter type="COMPLEXITY" missed="1" covered="0"/><counter type="METHOD" missed="1" covered="0"/></method><counter type="INSTRUCTION" missed="48" covered="0"/><counter type="LINE" missed="5" covered="0"/><counter type="COMPLEXITY" missed="2" covered="0"/><counter type="METHOD" missed="2" covered="0"/><counter type="CLASS" missed="1" covered="0"/></class><class name="network/ike/plugin/ws/WsVersionsUpgradeDraftMojo" sourcefilename="WsVersionsUpgradeDraftMojo.java"><method name="&lt;init&gt;" desc="()V" line="106"><counter type="INSTRUCTION" missed="3" covered="0"/><counter type="LINE" missed="1" covered="0"/><counter type="COMPLEXITY" missed="1" covered="0"/><counter type="METHOD" missed="1" covered="0"/></method><method name="execute" desc="()V" line="110"><counter type="INSTRUCTION" missed="71" covered="0"/><counter type="BRANCH" missed="2" covered="0"/><counter type="LINE" missed="17" covered="0"/><counter type="COMPLEXITY" missed="2" covered="0"/><counter type="METHOD" missed="1" covered="0"/></method><method name="resolveRulesPath" desc="(Ljava/nio/file/Path;)Ljava/nio/file/Path;" line="146"><counter type="INSTRUCTION" missed="17" covered="0"/><counter type="BRANCH" missed="4" covered="0"/><counter type="LINE" missed="3" covered="0"/><counter type="COMPLEXITY" missed="3" covered="0"/><counter type="METHOD" missed="1" covered="0"/></method><method name="resolveOutputPath" desc="(Ljava/nio/file/Path;)Ljava/nio/file/Path;" line="157"><counter type="INSTRUCTION" missed="17" covered="0"/><counter type="BRANCH" missed="4" covered="0"/><counter type="LINE" missed="3" covered="0"/><counter type="COMPLEXITY" missed="3" covered="0"/><counter type="METHOD" missed="1" covered="0"/></method><method name="loadRules" desc="(Ljava/nio/file/Path;)Lnetwork/ike/workspace/VersionUpgradeRules;" line="164"><counter type="INSTRUCTION" missed="26" covered="0"/><counter type="BRANCH" missed="2" covered="0"/><counter type="LINE" missed="6" covered="0"/><counter type="COMPLEXITY" missed="2" covered="0"/><counter type="METHOD" missed="1" covered="0"/></method><method name="collectNodePoms" desc="(Lnetwork/ike/workspace/WorkspaceGraph;Ljava/io/File;)Ljava/util/Map;" line="193"><counter type="INSTRUCTION" missed="55" covered="0"/><counter type="BRANCH" missed="6" covered="0"/><counter type="LINE" missed="12" covered="0"/><counter type="COMPLEXITY" missed="4" covered="0"/><counter type="METHOD" missed="1" covered="0"/></method><method name="normalizeIkeToolingVersion" desc="()Ljava/lang/String;" line="210"><counter type="INSTRUCTION" missed="21" covered="0"/><counter type="BRANCH" missed="6" covered="0"/><counter type="LINE" missed="4" covered="0"/><counter type="COMPLEXITY" missed="4" covered="0"/><counter type="METHOD" missed="1" covered="0"/></method><method name="logSummary" desc="(Lnetwork/ike/workspace/VersionUpgradePlan;Ljava/nio/file/Path;Ljava/nio/file/Path;I)V" line="220"><counter type="INSTRUCTION" missed="84" covered="0"/><counter type="BRANCH" missed="4" covered="0"/><counter type="LINE" missed="18" covered="0"/><counter type="COMPLEXITY" missed="3" covered="0"/><counter type="METHOD" missed="1" covered="0"/></method><method name="logNode" desc="(Ljava/lang/String;Lnetwork/ike/workspace/NodeVersionUpgrade;)V" line="245"><counter type="INSTRUCTION" missed="103" covered="0"/><counter type="BRANCH" missed="12" covered="0"/><counter type="LINE" missed="26" covered="0"/><counter type="COMPLEXITY" missed="7" covered="0"/><counter type="METHOD" missed="1" covered="0"/></method><method name="statusLabel" desc="(Lnetwork/ike/workspace/VersionUpgradeStatus;)Ljava/lang/String;" line="275"><counter type="INSTRUCTION" missed="7" covered="0"/><counter type="LINE" missed="1" covered="0"/><counter type="COMPLEXITY" missed="1" covered="0"/><counter type="METHOD" missed="1" covered="0"/></method><method name="reasonSuffix" desc="(Ljava/lang/String;)Ljava/lang/String;" line="279"><counter type="INSTRUCTION" missed="7" covered="0"/><counter type="BRANCH" missed="2" covered="0"/><counter type="LINE" missed="1" covered="0"/><counter type="COMPLEXITY" missed="2" covered="0"/><counter type="METHOD" missed="1" covered="0"/></method><method name="countActions" desc="(Lnetwork/ike/workspace/VersionUpgradePlan;)Lnetwork/ike/plugin/ws/WsVersionsUpgradeDraftMojo$Counts;" line="283"><counter type="INSTRUCTION" missed="87" covered="0"/><counter type="BRANCH" missed="20" covered="0"/><counter type="LINE" missed="23" covered="0"/><counter type="COMPLEXITY" missed="14" covered="0"/><counter type="METHOD" missed="1" covered="0"/></method><method name="buildReport" desc="(Lnetwork/ike/workspace/VersionUpgradePlan;Ljava/nio/file/Path;Ljava/nio/file/Path;)Ljava/lang/String;" line="321"><counter type="INSTRUCTION" missed="135" covered="0"/><counter type="BRANCH" missed="4" covered="0"/><counter type="LINE" missed="22" covered="0"/><counter type="COMPLEXITY" missed="3" covered="0"/><counter type="METHOD" missed="1" covered="0"/></method><method name="appendNodeSection" desc="(Ljava/lang/StringBuilder;Ljava/lang/String;Lnetwork/ike/workspace/NodeVersionUpgrade;)V" line="352"><counter type="INSTRUCTION" missed="161" covered="0"/><counter type="BRANCH" missed="12" covered="0"/><counter type="LINE" missed="30" covered="0"/><counter type="COMPLEXITY" missed="7" covered="0"/><counter type="METHOD" missed="1" covered="0"/></method><counter type="INSTRUCTION" missed="794" covered="0"/><counter type="BRANCH" missed="78" covered="0"/><counter type="LINE" missed="167" covered="0"/><counter type="COMPLEXITY" missed="56" covered="0"/><counter type="METHOD" missed="14" covered="0"/><counter type="CLASS" missed="1" covered="0"/></class><class name="network/ike/plugin/ws/PomRewriter" sourcefilename="PomRewriter.java"><method name="updateDependencyVersion" desc="(Ljava/lang/String;Ljava/lang/String;Ljava/lang/String;Ljava/lang/String;)Ljava/lang/String;" line="45"><counter type="INSTRUCTION" missed="2" covered="20"/><counter type="BRANCH" missed="1" covered="1"/><counter type="LINE" missed="0" covered="5"/><counter type="COMPLEXITY" missed="1" covered="1"/><counter type="METHOD" missed="0" covered="1"/></method><method name="updateParentVersion" desc="(Ljava/lang/String;Ljava/lang/String;Ljava/lang/String;Ljava/lang/String;)Ljava/lang/String;" line="86"><counter type="INSTRUCTION" missed="2" covered="20"/><counter type="BRANCH" missed="1" covered="1"/><counter type="LINE" missed="0" covered="5"/><counter type="COMPLEXITY" missed="1" covered="1"/><counter type="METHOD" missed="0" covered="1"/></method><method name="updateProperty" desc="(Ljava/lang/String;Ljava/lang/String;Ljava/lang/String;)Ljava/lang/String;" line="120"><counter type="INSTRUCTION" missed="2" covered="25"/><counter type="BRANCH" missed="1" covered="1"/><counter type="LINE" missed="0" covered="6"/><counter type="COMPLEXITY" missed="1" covered="1"/><counter type="METHOD" missed="0" covered="1"/></method><method name="updatePluginVersion" desc="(Ljava/lang/String;Ljava/lang/String;Ljava/lang/String;Ljava/lang/String;)Ljava/lang/String;" line="154"><counter type="INSTRUCTION" missed="22" covered="0"/><counter type="BRANCH" missed="2" covered="0"/><counter type="LINE" missed="5" covered="0"/><counter type="COMPLEXITY" missed="2" covered="0"/><counter type="METHOD" missed="1" covered="0"/></method><method name="updateProjectCoordinates" desc="(Ljava/lang/String;Ljava/lang/String;Ljava/lang/String;Ljava/lang/String;)Ljava/lang/String;" line="200"><counter type="INSTRUCTION" missed="2" covered="38"/><counter type="BRANCH" missed="1" covered="1"/><counter type="LINE" missed="0" covered="8"/><counter type="COMPLEXITY" missed="1" covered="1"/><counter type="METHOD" missed="0" covered="1"/></method><method name="removeDependencyVersion" desc="(Ljava/lang/String;Ljava/lang/String;Ljava/lang/String;)Ljava/lang/String;" line="240"><counter type="INSTRUCTION" missed="2" covered="19"/><counter type="BRANCH" missed="1" covered="1"/><counter type="LINE" missed="0" covered="5"/><counter type="COMPLEXITY" missed="1" covered="1"/><counter type="METHOD" missed="0" covered="1"/></method><method name="parse" desc="(Ljava/lang/String;)Lorg/openrewrite/xml/tree/Xml$Document;" line="271"><counter type="INSTRUCTION" missed="0" covered="15"/><counter type="LINE" missed="0" covered="4"/><counter type="COMPLEXITY" missed="0" covered="1"/><counter type="METHOD" missed="0" covered="1"/></method><method name="print" desc="(Lorg/openrewrite/xml/tree/Xml$Document;)Ljava/lang/String;" line="281"><counter type="INSTRUCTION" missed="0" covered="3"/><counter type="LINE" missed="0" covered="1"/><counter type="COMPLEXITY" missed="0" covered="1"/><counter type="METHOD" missed="0" covered="1"/></method><method name="lambda$parse$0" desc="(Lorg/openrewrite/SourceFile;)Lorg/openrewrite/xml/tree/Xml$Document;" line="273"><counter type="INSTRUCTION" missed="0" covered="3"/><counter type="LINE" missed="0" covered="1"/><counter type="COMPLEXITY" missed="0" covered="1"/><counter type="METHOD" missed="0" covered="1"/></method><method name="&lt;clinit&gt;" desc="()V" line="28"><counter type="INSTRUCTION" missed="0" covered="5"/><counter type="LINE" missed="0" covered="1"/><counter type="COMPLEXITY" missed="0" covered="1"/><counter type="METHOD" missed="0" covered="1"/></method><counter type="INSTRUCTION" missed="32" covered="148"/><counter type="BRANCH" missed="7" covered="5"/><counter type="LINE" missed="5" covered="35"/><counter type="COMPLEXITY" missed="7" covered="9"/><counter type="METHOD" missed="1" covered="9"/><counter type="CLASS" missed="0" covered="1"/></class><class name="network/ike/plugin/ws/FeatureFinishMergeDraftMojo" sourcefilename="FeatureFinishMergeDraftMojo.java"><method name="&lt;init&gt;" desc="()V" line="50"><counter type="INSTRUCTION" missed="0" covered="6"/><counter type="LINE" missed="0" covered="2"/><counter type="COMPLEXITY" missed="0" covered="1"/><counter type="METHOD" missed="0" covered="1"/></method><method name="execute" desc="()V" line="81"><counter type="INSTRUCTION" missed="23" covered="39"/><counter type="BRANCH" missed="4" covered="6"/><counter type="LINE" missed="5" covered="10"/><counter type="COMPLEXITY" missed="4" covered="2"/><counter type="METHOD" missed="0" covered="1"/></method><method name="executeWorkspaceMode" desc="(Ljava/lang/String;)V" line="106"><counter type="INSTRUCTION" missed="116" covered="337"/><counter type="BRANCH" missed="23" covered="21"/><counter type="LINE" missed="23" covered="66"/><counter type="COMPLEXITY" missed="19" covered="4"/><counter type="METHOD" missed="0" covered="1"/></method><method name="buildMergeReport" desc="(Ljava/util/List;Ljava/lang/String;Ljava/lang/String;IZZ)Ljava/lang/String;" line="241"><counter type="INSTRUCTION" missed="5" covered="77"/><counter type="BRANCH" missed="3" covered="5"/><counter type="LINE" missed="0" covered="14"/><counter type="COMPLEXITY" missed="3" covered="2"/><counter type="METHOD" missed="0" covered="1"/></method><method name="executeBareMode" desc="(Ljava/lang/String;)V" line="260"><counter type="INSTRUCTION" missed="40" covered="91"/><counter type="BRANCH" missed="9" covered="7"/><counter type="LINE" missed="7" covered="22"/><counter type="COMPLEXITY" missed="8" covered="1"/><counter type="METHOD" missed="0" covered="1"/></method><counter type="INSTRUCTION" missed="184" covered="550"/><counter type="BRANCH" missed="39" covered="39"/><counter type="LINE" missed="35" covered="114"/><counter type="COMPLEXITY" missed="34" covered="10"/><counter type="METHOD" missed="0" covered="5"/><counter type="CLASS" missed="0" covered="1"/></class><class name="network/ike/plugin/ws/WsReleaseStatusMojo" sourcefilename="WsReleaseStatusMojo.java"><method name="&lt;init&gt;" desc="()V" line="55"><counter type="INSTRUCTION" missed="0" covered="3"/><counter type="LINE" missed="0" covered="1"/><counter type="COMPLEXITY" missed="0" covered="1"/><counter type="METHOD" missed="0" covered="1"/></method><method name="execute" desc="()V" line="59"><counter type="INSTRUCTION" missed="0" covered="83"/><counter type="BRANCH" missed="0" covered="2"/><counter type="LINE" missed="0" covered="22"/><counter type="COMPLEXITY" missed="0" covered="2"/><counter type="METHOD" missed="0" covered="1"/></method><method name="observe" desc="(Ljava/lang/String;Ljava/io/File;)Lnetwork/ike/plugin/ws/ReleaseStatusInspector$Observation;" line="100"><counter type="INSTRUCTION" missed="7" covered="63"/><counter type="BRANCH" missed="2" covered="6"/><counter type="LINE" missed="2" covered="14"/><counter type="COMPLEXITY" missed="2" covered="3"/><counter type="METHOD" missed="0" covered="1"/></method><method name="readPomVersion" desc="(Ljava/io/File;)Ljava/lang/String;" line="129"><counter type="INSTRUCTION" missed="5" covered="17"/><counter type="BRANCH" missed="1" covered="1"/><counter type="LINE" missed="3" covered="4"/><counter type="COMPLEXITY" missed="1" covered="1"/><counter type="METHOD" missed="0" covered="1"/></method><method name="safeCurrentBranch" desc="(Ljava/io/File;)Ljava/lang/String;" line="143"><counter type="INSTRUCTION" missed="3" covered="3"/><counter type="LINE" missed="2" covered="1"/><counter type="COMPLEXITY" missed="0" covered="1"/><counter type="METHOD" missed="0" covered="1"/></method><method name="listLocalTags" desc="(Ljava/io/File;)Ljava/util/Set;" line="155"><counter type="INSTRUCTION" missed="11" covered="28"/><counter type="BRANCH" missed="2" covered="2"/><counter type="LINE" missed="3" covered="2"/><counter type="COMPLEXITY" missed="2" covered="1"/><counter type="METHOD" missed="0" covered="1"/></method><method name="listRemoteTags" desc="(Ljava/io/File;)Ljava/util/Optional;" line="171"><counter type="INSTRUCTION" missed="87" covered="3"/><counter type="BRANCH" missed="10" covered="0"/><counter type="LINE" missed="12" covered="2"/><counter type="COMPLEXITY" missed="5" covered="1"/><counter type="METHOD" missed="0" covered="1"/></method><method name="renderFinding" desc="(Lnetwork/ike/plugin/ws/ReleaseStatusInspector$Finding;)V" line="196"><counter type="INSTRUCTION" missed="8" covered="74"/><counter type="BRANCH" missed="3" covered="6"/><counter type="LINE" missed="1" covered="15"/><counter type="COMPLEXITY" missed="3" covered="4"/><counter type="METHOD" missed="0" covered="1"/></method><method name="renderFooter" desc="(Ljava/util/List;)V" line="215"><counter type="INSTRUCTION" missed="14" covered="106"/><counter type="BRANCH" missed="4" covered="8"/><counter type="LINE" missed="4" covered="17"/><counter type="COMPLEXITY" missed="4" covered="3"/><counter type="METHOD" missed="0" covered="1"/></method><method name="buildMarkdownReport" desc="(Ljava/util/List;)Ljava/lang/String;" line="257"><counter type="INSTRUCTION" missed="0" covered="64"/><counter type="BRANCH" missed="0" covered="2"/><counter type="LINE" missed="0" covered="13"/><counter type="COMPLEXITY" missed="0" covered="2"/><counter type="METHOD" missed="0" covered="1"/></method><counter type="INSTRUCTION" missed="135" covered="444"/><counter type="BRANCH" missed="22" covered="27"/><counter type="LINE" missed="27" covered="91"/><counter type="COMPLEXITY" missed="17" covered="19"/><counter type="METHOD" missed="0" covered="10"/><counter type="CLASS" missed="0" covered="1"/></class><class name="network/ike/plugin/ws/ReleasePlanCompute" sourcefilename="ReleasePlanCompute.java"><method name="compute" desc="(Lnetwork/ike/plugin/ws/ReactorWalker$ReactorScan;Ljava/util/List;Ljava/util/List;)Lnetwork/ike/plugin/ws/ReleasePlan;" line="128"><counter type="INSTRUCTION" missed="38" covered="430"/><counter type="BRANCH" missed="8" covered="58"/><counter type="LINE" missed="8" covered="93"/><counter type="COMPLEXITY" missed="7" covered="27"/><counter type="METHOD" missed="0" covered="1"/></method><method name="isMavenBuiltinExpression" desc="(Ljava/lang/String;)Z" line="313"><counter type="INSTRUCTION" missed="0" covered="40"/><counter type="BRANCH" missed="8" covered="10"/><counter type="LINE" missed="0" covered="9"/><counter type="COMPLEXITY" missed="8" covered="2"/><counter type="METHOD" missed="0" covered="1"/></method><method name="attributeSubproject" desc="(Ljava/nio/file/Path;Ljava/util/List;)Ljava/lang/String;" line="331"><counter type="INSTRUCTION" missed="1" covered="46"/><counter type="BRANCH" missed="2" covered="6"/><counter type="LINE" missed="0" covered="13"/><counter type="COMPLEXITY" missed="2" covered="3"/><counter type="METHOD" missed="0" covered="1"/></method><method name="lambda$compute$0" desc="(Ljava/lang/String;)Ljava/util/Set;" line="211"><counter type="INSTRUCTION" missed="0" covered="4"/><counter type="LINE" missed="0" covered="1"/><counter type="COMPLEXITY" missed="0" covered="1"/><counter type="METHOD" missed="0" covered="1"/></method><counter type
[...]
va/lang/String;Ljava/lang/String;)Z" line="639"><counter type="INSTRUCTION" missed="0" covered="4"/><counter type="LINE" missed="0" covered="1"/><counter type="COMPLEXITY" missed="0" covered="1"/><counter type="METHOD" missed="0" covered="1"/></method><method name="lambda$localBranches$0" desc="(Ljava/lang/String;)Ljava/lang/String;" line="638"><counter type="INSTRUCTION" missed="0" covered="5"/><counter type="LINE" missed="0" covered="1"/><counter type="COMPLEXITY" missed="0" covered="1"/><counter type="METHOD" missed="0" covered="1"/></method><method name="lambda$mergedBranches$2" desc="(Ljava/lang/String;Ljava/lang/String;)Z" line="619"><counter type="INSTRUCTION" missed="1" covered="7"/><counter type="BRANCH" missed="1" covered="1"/><counter type="LINE" missed="0" covered="1"/><counter type="COMPLEXITY" missed="1" covered="1"/><counter type="METHOD" missed="0" covered="1"/></method><method name="lambda$mergedBranches$1" desc="(Ljava/lang/String;Ljava/lang/String;)Z" line="618"><counter type="INSTRUCTION" missed="0" covered="4"/><counter type="LINE" missed="0" covered="1"/><counter type="COMPLEXITY" missed="0" covered="1"/><counter type="METHOD" missed="0" covered="1"/></method><method name="lambda$mergedBranches$0" desc="(Ljava/lang/String;)Ljava/lang/String;" line="617"><counter type="INSTRUCTION" missed="0" covered="5"/><counter type="LINE" missed="0" covered="1"/><counter type="COMPLEXITY" missed="0" covered="1"/><counter type="METHOD" missed="0" covered="1"/></method><counter type="INSTRUCTION" missed="823" covered="1071"/><counter type="BRANCH" missed="49" covered="47"/><counter type="LINE" missed="139" covered="184"/><counter type="COMPLEXITY" missed="55" covered="53"/><counter type="METHOD" missed="23" covered="37"/><counter type="CLASS" missed="0" covered="1"/></class><sourcefile name="VcsState.java"><line nr="28" mi="0" ci="18" mb="0" cb="0"/><line nr="43" mi="0" ci="3" mb="0" cb="0"/><line nr="44" mi="0" ci="7" mb="0" cb="0"/><line nr="45" mi="0" ci="7" mb="0" cb="0"/><line nr="46" mi="0" ci="7" mb="0" cb="0"/><line nr="47" mi="0" ci="7" mb="0" cb="0"/><line nr="48" mi="0" ci="7" mb="0" cb="0"/><line nr="49" mi="0" ci="7" mb="0" cb="0"/><line nr="50" mi="0" ci="7" mb="0" cb="0"/><line nr="54" mi="0" ci="4" mb="0" cb="0"/><line nr="55" mi="0" ci="3" mb="0" cb="0"/><line nr="56" mi="0" ci="1" mb="0" cb="0"/><line nr="64" mi="0" ci="3" mb="0" cb="0"/><line nr="78" mi="0" ci="7" mb="0" cb="0"/><line nr="83" mi="0" ci="2" mb="0" cb="0"/><line nr="84" mi="0" ci="2" mb="0" cb="0"/><line nr="85" mi="0" ci="2" mb="0" cb="0"/><line nr="94" mi="0" ci="4" mb="0" cb="0"/><line nr="95" mi="0" ci="5" mb="0" cb="2"/><line nr="96" mi="0" ci="2" mb="0" cb="0"/><line nr="99" mi="0" ci="4" mb="0" cb="0"/><line nr="100" mi="0" ci="4" mb="0" cb="0"/><line nr="101" mi="0" ci="6" mb="0" cb="0"/><line nr="103" mi="0" ci="5" mb="0" cb="0"/><line nr="104" mi="0" ci="5" mb="0" cb="0"/><line nr="105" mi="0" ci="5" mb="0" cb="0"/><line nr="106" mi="0" ci="5" mb="0" cb="0"/><line nr="107" mi="0" ci="5" mb="0" cb="0"/><line nr="109" mi="0" ci="3" mb="0" cb="2"/><line nr="110" mi="0" ci="2" mb="0" cb="0"/><line nr="115" mi="0" ci="3" mb="0" cb="0"/><line nr="116" mi="1" ci="0" mb="0" cb="0"/><line nr="118" mi="2" ci="0" mb="0" cb="0"/><line nr="119" mi="0" ci="1" mb="0" cb="0"/><line nr="121" mi="0" ci="10" mb="0" cb="0"/><line nr="122" mi="1" ci="0" mb="0" cb="0"/><line nr="123" mi="2" ci="0" mb="0" cb="0"/><line nr="135" mi="0" ci="4" mb="0" cb="0"/><line nr="136" mi="0" ci="6" mb="0" cb="0"/><line nr="137" mi="0" ci="3" mb="0" cb="0"/><line nr="138" mi="0" ci="2" mb="0" cb="0"/><line nr="139" mi="0" ci="2" mb="0" cb="0"/><line nr="140" mi="0" ci="2" mb="0" cb="0"/><line nr="141" mi="0" ci="4" mb="0" cb="0"/><line nr="142" mi="0" ci="7" mb="0" cb="0"/><line nr="143" mi="0" ci="1" mb="0" cb="0"/><line nr="154" mi="0" ci="4" mb="0" cb="0"/><line nr="155" mi="0" ci="2" mb="0" cb="0"/><line nr="156" mi="0" ci="9" mb="0" cb="0"/><line nr="167" mi="0" ci="7" mb="0" cb="0"/><line nr="171" mi="0" ci="3" mb="0" cb="0"/><line nr="172" mi="3" ci="2" mb="3" cb="1"/><line nr="174" mi="0" ci="3" mb="0" cb="0"/><line nr="175" mi="1" ci="0" mb="0" cb="0"/><line nr="176" mi="2" ci="0" mb="0" cb="0"/><line nr="177" mi="0" ci="1" mb="0" cb="0"/><line nr="180" mi="0" ci="4" mb="0" cb="0"/><line nr="181" mi="1" ci="8" mb="1" cb="1"/><counter type="INSTRUCTION" missed="13" covered="237"/><counter type="BRANCH" missed="4" covered="6"/><counter type="LINE" missed="6" covered="52"/><counter type="COMPLEXITY" missed="3" covered="13"/><counter type="METHOD" missed="0" covered="11"/><counter type="CLASS" missed="0" covered="2"/></sourcefile><sourcefile name="VcsOperations.java"><line nr="41" mi="0" ci="21" mb="0" cb="0"/><line nr="52" mi="0" ci="17" mb="0" cb="0"/><line nr="67" mi="0" ci="21" mb="0" cb="0"/><line nr="68" mi="0" ci="3" mb="1" cb="1"/><line nr="69" mi="2" ci="0" mb="0" cb="0"/><line nr="72" mi="0" ci="6" mb="0" cb="0"/><line nr="73" mi="0" ci="6" mb="0" cb="0"/><line nr="74" mi="0" ci="1" mb="0" cb="0"/><line nr="75" mi="0" ci="2" mb="0" cb="0"/><line nr="87" mi="0" ci="17" mb="0" cb="0"/><line nr="88" mi="0" ci="3" mb="0" cb="0"/><line nr="89" mi="1" ci="0" mb="0" cb="0"/><line nr="90" mi="2" ci="0" mb="0" cb="0"/><line nr="102" mi="0" ci="21" mb="0" cb="0"/><line nr="103" mi="0" ci="7" mb="0" cb="2"/><line nr="104" mi="1" ci="0" mb="0" cb="0"/><line nr="105" mi="2" ci="0" mb="0" cb="0"/><line nr="117" mi="17" ci="0" mb="0" cb="0"/><line nr="118" mi="7" ci="0" mb="2" cb="0"/><line nr="119" mi="1" ci="0" mb="0" cb="0"/><line nr="120" mi="2" ci="0" mb="0" cb="0"/><line nr="133" mi="17" ci="0" mb="0" cb="0"/><line nr="134" mi="5" ci="0" mb="2" cb="0"/><line nr="135" mi="6" ci="0" mb="0" cb="0"/><line nr="136" mi="1" ci="0" mb="0" cb="0"/><line nr="137" mi="2" ci="0" mb="0" cb="0"/><line nr="150" mi="17" ci="0" mb="0" cb="0"/><line nr="151" mi="1" ci="0" mb="0" cb="0"/><line nr="152" mi="2" ci="0" mb="0" cb="0"/><line nr="165" mi="17" ci="0" mb="0" cb="0"/><line nr="166" mi="5" ci="0" mb="2" cb="0"/><line nr="167" mi="2" ci="0" mb="0" cb="0"/><line nr="168" mi="18" ci="0" mb="2" cb="0"/><line nr="169" mi="5" ci="0" mb="2" cb="0"/><line nr="171" mi="9" ci="0" mb="4" cb="0"/><line nr="173" mi="2" ci="0" mb="0" cb="0"/><line nr="174" mi="1" ci="0" mb="0" cb="0"/><line nr="175" mi="2" ci="0" mb="0" cb="0"/><line nr="187" mi="21" ci="0" mb="0" cb="0"/><line nr="189" mi="5" ci="0" mb="2" cb="0"/><line nr="190" mi="5" ci="0" mb="0" cb="0"/><line nr="191" mi="1" ci="0" mb="0" cb="0"/><line nr="192" mi="2" ci="0" mb="0" cb="0"/><line nr="204" mi="21" ci="0" mb="0" cb="0"/><line nr="205" mi="5" ci="0" mb="2" cb="0"/><line nr="206" mi="5" ci="0" mb="0" cb="0"/><line nr="207" mi="1" ci="0" mb="0" cb="0"/><line nr="208" mi="2" ci="0" mb="0" cb="0"/><line nr="231" mi="0" ci="30" mb="0" cb="0"/><line nr="234" mi="0" ci="2" mb="0" cb="0"/><line nr="235" mi="0" ci="2" mb="0" cb="0"/><line nr="236" mi="0" ci="3" mb="0" cb="0"/><line nr="238" mi="0" ci="3" mb="0" cb="0"/><line nr="239" mi="0" ci="6" mb="0" cb="0"/><line nr="240" mi="0" ci="3" mb="0" cb="0"/><line nr="241" mi="0" ci="6" mb="0" cb="0"/><line nr="242" mi="0" ci="3" mb="0" cb="0"/><line nr="244" mi="0" ci="2" mb="1" cb="1"/><line nr="245" mi="0" ci="2" mb="0" cb="0"/><line nr="248" mi="6" ci="0" mb="4" cb="0"/><line nr="251" mi="5" ci="0" mb="0" cb="0"/><line nr="252" mi="9" ci="0" mb="4" cb="0"/><line nr="253" mi="8" ci="0" mb="0" cb="0"/><line nr="258" mi="2" ci="0" mb="0" cb="0"/><line nr="259" mi="1" ci="0" mb="0" cb="0"/><line nr="261" mi="2" ci="0" mb="0" cb="0"/><line nr="275" mi="0" ci="27" mb="0" cb="0"/><line nr="277" mi="0" ci="5" mb="0" cb="2"/><line nr="278" mi="0" ci="5" mb="0" cb="0"/><line nr="291" mi="0" ci="22" mb="0" cb="0"/><line nr="292" mi="0" ci="1" mb="0" cb="0"/><line nr="304" mi="0" ci="22" mb="0" cb="0"/><line nr="305" mi="0" ci="1" mb="0" cb="0"/><line nr="322" mi="0" ci="26" mb="0" cb="0"/><line nr="323" mi="0" ci="1" mb="0" cb="0"/><line nr="341" mi="0" ci="26" mb="0" cb="0"/><line nr="343" mi="0" ci="2" mb="0" cb="0"/><line nr="344" mi="0" ci="1" mb="0" cb="0"/><line nr="345" mi="0" ci="2" mb="0" cb="0"/><line nr="346" mi="0" ci="8" mb="0" cb="0"/><line nr="348" mi="0" ci="3" mb="0" cb="0"/><line nr="349" mi="0" ci="4" mb="0" cb="2"/><line nr="350" mi="0" ci="5" mb="0" cb="2"/><line nr="351" mi="0" ci="9" mb="0" cb="0"/><line nr="354" mi="1" ci="0" mb="0" cb="0"/><line nr="355" mi="5" ci="0" mb="0" cb="0"/><line nr="357" mi="5" ci="0" mb="0" cb="0"/><line nr="371" mi="0" ci="18" mb="0" cb="0"/><line nr="372" mi="0" ci="1" mb="0" cb="0"/><line nr="384" mi="0" ci="22" mb="0" cb="0"/><line nr="385" mi="0" ci="1" mb="0" cb="0"/><line nr="401" mi="0" ci="22" mb="0" cb="0"/><line nr="402" mi="0" ci="1" mb="0" cb="0"/><line nr="418" mi="4" ci="0" mb="0" cb="0"/><line nr="419" mi="1" ci="0" mb="0" cb="0"/><line nr="429" mi="0" ci="18" mb="0" cb="0"/><line nr="430" mi="0" ci="1" mb="0" cb="0"/><line nr="443" mi="21" ci="0" mb="0" cb="0"/><line nr="444" mi="1" ci="0" mb="0" cb="0"/><line nr="457" mi="5" ci="0" mb="0" cb="0"/><line nr="458" mi="0" ci="1" mb="0" cb="0"/><line nr="459" mi="0" ci="5" mb="0" cb="0"/><line nr="460" mi="1" ci="0" mb="0" cb="0"/><line nr="461" mi="0" ci="1" mb="0" cb="0"/><line nr="475" mi="4" ci="0" mb="2" cb="0"/><line nr="476" mi="4" ci="0" mb="0" cb="0"/><line nr="477" mi="2" ci="0" mb="0" cb="0"/><line nr="478" mi="1" ci="0" mb="0" cb="0"/><line nr="480" mi="5" ci="0" mb="0" cb="0"/><line nr="481" mi="1" ci="0" mb="0" cb="0"/><line nr="482" mi="5" ci="0" mb="0" cb="0"/><line nr="483" mi="1" ci="0" mb="0" cb="0"/><line nr="484" mi="1" ci="0" mb="0" cb="0"/><line nr="498" mi="25" ci="0" mb="0" cb="0"/><line nr="499" mi="1" ci="0" mb="0" cb="0"/><line nr="512" mi="0" ci="22" mb="0" cb="0"/><line nr="513" mi="0" ci="1" mb="0" cb="0"/><line nr="526" mi="25" ci="0" mb="0" cb="0"/><line nr="527" mi="1" ci="0" mb="0" cb="0"/><line nr="539" mi="0" ci="22" mb="0" cb="0"/><line nr="540" mi="0" ci="1" mb="0" cb="0"/><line nr="553" mi="0" ci="29" mb="0" cb="0"/><line nr="554" mi="0" ci="1" mb="0" cb="0"/><line nr="568" mi="21" ci="0" mb="0" cb="0"/><line nr="569" mi="1" ci="0" mb="0" cb="0"/><line nr="581" mi="18" ci="0" mb="0" cb="0"/><line nr="582" mi="1" ci="0" mb="0" cb="0"/><line nr="584" mi="1" ci="0" mb="0" cb="0"/><line nr="585" mi="1" ci="0" mb="0" cb="0"/><line nr="596" mi="0" ci="21" mb="0" cb="0"/><line nr="597" mi="2" ci="6" mb="1" cb="1"/><line nr="598" mi="1" ci="0" mb="0" cb="0"/><line nr="599" mi="2" ci="0" mb="0" cb="0"/><line nr="614" mi="0" ci="21" mb="0" cb="0"/><line nr="615" mi="2" ci="3" mb="1" cb="1"/><line nr="616" mi="0" ci="4" mb="0" cb="0"/><line nr="617" mi="0" ci="8" mb="0" cb="0"/><line nr="618" mi="0" ci="7" mb="0" cb="0"/><line nr="619" mi="1" ci="8" mb="1" cb="1"/><line nr="620" mi="0" ci="1" mb="0" cb="0"/><line nr="621" mi="1" ci="0" mb="0" cb="0"/><line nr="622" mi="2" ci="0" mb="0" cb="0"/><line nr="635" mi="0" ci="13" mb="0" cb="0"/><line nr="636" mi="2" ci="3" mb="1" cb="1"/><line nr="637" mi="0" ci="4" mb="0" cb="0"/><line nr="638" mi="0" ci="8" mb="0" cb="0"/><line nr="639" mi="0" ci="5" mb="0" cb="0"/><line nr="640" mi="0" ci="1" mb="0" cb="0"/><line nr="641" mi="1" ci="0" mb="0" cb="0"/><line nr="642" mi="2" ci="0" mb="0" cb="0"/><line nr="655" mi="25" ci="0" mb="0" cb="0"/><line nr="656" mi="1" ci="0" mb="0" cb="0"/><line nr="657" mi="2" ci="0" mb="0" cb="0"/><line nr="671" mi="0" ci="18" mb="0" cb="0"/><line nr="672" mi="0" ci="3" mb="1" cb="1"/><line nr="673" mi="7" ci="0" mb="0" cb="0"/><line nr="676" mi="0" ci="2" mb="0" cb="0"/><line nr="689" mi="0" ci="5" mb="0" cb="0"/><line nr="690" mi="0" ci="3" mb="0" cb="0"/><line nr="691" mi="0" ci="1" mb="0" cb="0"/><line nr="711" mi="21" ci="0" mb="0" cb="0"/><line nr="712" mi="7" ci="0" mb="2" cb="0"/><line nr="727" mi="30" ci="0" mb="0" cb="0"/><line nr="728" mi="1" ci="0" mb="0" cb="0"/><line nr="742" mi="22" ci="0" mb="0" cb="0"/><line nr="743" mi="1" ci="0" mb="0" cb="0"/><line nr="753" mi="18" ci="0" mb="0" cb="0"/><line nr="754" mi="1" ci="0" mb="0" cb="0"/><line nr="768" mi="22" ci="0" mb="0" cb="0"/><line nr="769" mi="1" ci="0" mb="0" cb="0"/><line nr="781" mi="22" ci="0" mb="0" cb="0"/><line nr="782" mi="1" ci="0" mb="0" cb="0"/><line nr="796" mi="24" ci="0" mb="0" cb="0"/><line nr="797" mi="1" ci="0" mb="0" cb="0"/><line nr="811" mi="23" ci="0" mb="0" cb="0"/><line nr="812" mi="1" ci="0" mb="0" cb="0"/><line nr="826" mi="24" ci="0" mb="0" cb="0"/><line nr="827" mi="1" ci="0" mb="0" cb="0"/><line nr="841" mi="0" ci="3" mb="0" cb="0"/><line nr="842" mi="0" ci="3" mb="0" cb="0"/><line nr="843" mi="0" ci="5" mb="0" cb="0"/><line nr="844" mi="0" ci="4" mb="0" cb="0"/><line nr="845" mi="1" ci="0" mb="0" cb="0"/><line nr="846" mi="3" ci="0" mb="0" cb="0"/><line nr="847" mi="5" ci="0" mb="0" cb="0"/><line nr="848" mi="0" ci="1" mb="0" cb="0"/><line nr="849" mi="0" ci="1" mb="0" cb="0"/><line nr="878" mi="0" ci="4" mb="0" cb="0"/><line nr="879" mi="0" ci="3" mb="0" cb="2"/><line nr="880" mi="0" ci="2" mb="0" cb="0"/><line nr="882" mi="0" ci="4" mb="0" cb="0"/><line nr="883" mi="0" ci="3" mb="0" cb="0"/><line nr="884" mi="0" ci="5" mb="0" cb="2"/><line nr="885" mi="0" ci="2" mb="0" cb="0"/><line nr="887" mi="0" ci="3" mb="0" cb="0"/><line nr="888" mi="0" ci="5" mb="0" cb="2"/><line nr="889" mi="0" ci="2" mb="0" cb="0"/><line nr="895" mi="0" ci="6" mb="1" cb="1"/><line nr="896" mi="0" ci="2" mb="0" cb="0"/><line nr="898" mi="0" ci="1" mb="0" cb="0"/><line nr="902" mi="1" ci="0" mb="0" cb="0"/><line nr="903" mi="0" ci="2" mb="0" cb="0"/><line nr="916" mi="0" ci="4" mb="0" cb="0"/><line nr="917" mi="0" ci="3" mb="1" cb="1"/><line nr="918" mi="3" ci="0" mb="0" cb="0"/><line nr="919" mi="3" ci="0" mb="0" cb="0"/><line nr="922" mi="0" ci="4" mb="0" cb="0"/><line nr="923" mi="0" ci="8" mb="0" cb="0"/><line nr="924" mi="0" ci="2" mb="0" cb="0"/><line nr="926" mi="0" ci="3" mb="0" cb="0"/><line nr="928" mi="0" ci="3" mb="0" cb="0"/><line nr="929" mi="0" ci="5" mb="0" cb="2"/><line nr="930" mi="0" ci="5" mb="1" cb="1"/><line nr="932" mi="0" ci="6" mb="0" cb="0"/><line nr="933" mi="0" ci="3" mb="1" cb="1"/><line nr="934" mi="5" ci="0" mb="0" cb="0"/><line nr="936" mi="3" ci="0" mb="0" cb="0"/><line nr="937" mi="2" ci="0" mb="0" cb="0"/><line nr="938" mi="5" ci="0" mb="0" cb="0"/><line nr="940" mi="3" ci="0" mb="0" cb="0"/><line nr="943" mi="0" ci="5" mb="0" cb="0"/><line nr="944" mi="0" ci="21" mb="0" cb="0"/><line nr="945" mi="0" ci="8" mb="0" cb="0"/><line nr="946" mi="0" ci="1" mb="0" cb="0"/><line nr="947" mi="6" ci="0" mb="0" cb="0"/><line nr="948" mi="5" ci="0" mb="0" cb="0"/><line nr="952" mi="0" ci="6" mb="0" cb="0"/><line nr="953" mi="0" ci="3" mb="1" cb="1"/><line nr="954" mi="5" ci="0" mb="0" cb="0"/><line nr="956" mi="3" ci="0" mb="0" cb="0"/><line nr="962" mi="0" ci="3" mb="0" cb="0"/><line nr="963" mi="0" ci="4" mb="0" cb="0"/><line nr="965" mi="0" ci="4" mb="0" cb="2"/><line nr="966" mi="0" ci="6" mb="0" cb="0"/><line nr="968" mi="0" ci="5" mb="0" cb="2"/><line nr="971" mi="0" ci="6" mb="0" cb="0"/><line nr="973" mi="0" ci="5" mb="0" cb="2"/><line nr="976" mi="0" ci="5" mb="0" cb="0"/><line nr="977" mi="0" ci="7" mb="0" cb="0"/><line nr="981" mi="0" ci="3" mb="0" cb="0"/><line nr="982" mi="0" ci="3" mb="0" cb="0"/><line nr="983" mi="0" ci="3" mb="0" cb="0"/><line nr="987" mi="0" ci="4" mb="0" cb="0"/><line nr="991" mi="0" ci="3" mb="0" cb="0"/><line nr="992" mi="0" ci="5" mb="1" cb="1"/><line nr="993" mi="0" ci="4" mb="0" cb="0"/><line nr="994" mi="0" ci="2" mb="0" cb="0"/><line nr="1002" mi="6" ci="0" mb="2" cb="0"/><line nr="1003" mi="4" ci="0" mb="0" cb="0"/><line nr="1004" mi="2" ci="0" mb="0" cb="0"/><line nr="1005" mi="2" ci="0" mb="0" cb="0"/><line nr="1007" mi="1" ci="0" mb="0" cb="0"/><line nr="1009" mi="1" ci="0" mb="0" cb="0"/><line nr="1010" mi="4" ci="0" mb="0" cb="0"/><line nr="1011" mi="2" ci="0" mb="0" cb="0"/><line nr="1012" mi="5" ci="0" mb="0" cb="0"/><line nr="1013" mi="5" ci="0" mb="0" cb="0"/><line nr="1015" mi="2" ci="0" mb="0" cb="0"/><line nr="1027" mi="0" ci="4" mb="0" cb="2"/><line nr="1028" mi="0" ci="1" mb="0" cb="0"/><line nr="1030" mi="0" ci="3" mb="1" cb="1"/><line nr="1031" mi="3" ci="0" mb="0" cb="0"/><line nr="1032" mi="4" ci="0" mb="0" cb="0"/><line nr="1034" mi="0" ci="1" mb="0" cb="0"/><line nr="1044" mi="0" ci="6" mb="0" cb="0"/><line nr="1046" mi="0" ci="5" mb="0" cb="0"/><line nr="1047" mi="0" ci="2" mb="0" cb="0"/><line nr="1048" mi="0" ci="2" mb="0" cb="0"/><line nr="1049" mi="0" ci="2" mb="0" cb="2"/><line nr="1050" mi="0" ci="4" mb="0" cb="0"/><line nr="1052" mi="0" ci="3" mb="0" cb="0"/><line nr="1053" mi="0" ci="5" mb="0" cb="0"/><line nr="1054" mi="0" ci="5" mb="0" cb="0"/><line nr="1057" mi="0" ci="5" mb="0" cb="2"/><line nr="1058" mi="0" ci="5" mb="0" cb="0"/><line nr="1061" mi="0" ci="3" mb="0" cb="0"/><line nr="1062" mi="0" ci="2" mb="0" cb="2"/><line nr="1063" mi="0" ci="5" mb="0" cb="0"/><line nr="1065" mi="0" ci="4" mb="0" cb="0"/><line nr="1067" mi="1" ci="0" mb="0" cb="0"/><line nr="1068" mi="4" ci="0" mb="0" cb="0"/><line nr="1069" mi="5" ci="0" mb="0" cb="0"/><line nr="1070" mi="0" ci="1" mb="0" cb="0"/><line nr="1071" mi="0" ci="1" mb="0" cb="0"/><line nr="1078" mi="0" ci="7" mb="0" cb="0"/><line nr="1079" mi="0" ci="1" mb="0" cb="0"/><line nr="1099" mi="0" ci="6" mb="0" cb="0"/><line nr="1101" mi="0" ci="5" mb="0" cb="0"/><line nr="1102" mi="0" ci="2" mb="0" cb="0"/><line nr="1103" mi="0" ci="2" mb="0" cb="0"/><line nr="1104" mi="0" ci="6" mb="0" cb="0"/><line nr="1105" mi="0" ci="3" mb="0" cb="0"/><line nr="1108" mi="0" ci="3" mb="0" cb="0"/><line nr="1109" mi="0" ci="5" mb="0" cb="0"/><line nr="1110" mi="0" ci="2" mb="0" cb="0"/><line nr="1115" mi="0" ci="5" mb="0" cb="0"/><line nr="1116" mi="0" ci="5" mb="0" cb="0"/><line nr="1118" mi="0" ci="7" mb="0" cb="0"/><line nr="1121" mi="0" ci="3" mb="0" cb="0"/><line nr="1122" mi="0" ci="2" mb="1" cb="1"/><line nr="1123" mi="5" ci="0" mb="0" cb="0"/><line nr="1125" mi="1" ci="0" mb="0" cb="0"/><line nr="1126" mi="10" ci="0" mb="2" cb="0"/><line nr="1128" mi="1" ci="0" mb="0" cb="0"/><line nr="1129" mi="4" ci="0" mb="0" cb="0"/><line nr="1130" mi="5" ci="0" mb="0" cb="0"/><line nr="1131" mi="0" ci="1" mb="0" cb="0"/><line nr="1132" mi="0" ci="1" mb="0" cb="0"/><line nr="1140" mi="0" ci="5" mb="0" cb="0"/><line nr="1141" mi="0" ci="2" mb="0" cb="0"/><line nr="1142" mi="0" ci="1" mb="0" cb="0"/><line nr="1143" mi="0" ci="2" mb="0" cb="0"/><line nr="1145" mi="0" ci="5" mb="0" cb="0"/><line nr="1146" mi="0" ci="5" mb="0" cb="0"/><line nr="1148" mi="0" ci="8" mb="0" cb="0"/><line nr="1150" mi="0" ci="3" mb="0" cb="0"/><line nr="1151" mi="0" ci="2" mb="0" cb="2"/><line nr="1152" mi="0" ci="5" mb="0" cb="0"/><line nr="1154" mi="0" ci="4" mb="0" cb="0"/><line nr="1156" mi="0" ci="2" mb="0" cb="0"/><line nr="1157" mi="1" ci="0" mb="0" cb="0"/><line nr="1158" mi="4" ci="0" mb="0" cb="0"/><line nr="1159" mi="5" ci="0" mb="0" cb="0"/><counter type="INSTRUCTION" missed="823" covered="1071"/><counter type="BRANCH" missed="49" covered="47"/><counter type="LINE" missed="139" covered="184"/><counter type="COMPLEXITY" missed="55" covered="53"/><counter type="METHOD" missed="23" covered="37"/><counter type="CLASS" missed="0" covered="1"/></sourcefile><counter type="INSTRUCTION" missed="836" covered="1308"/><counter type="BRANCH" missed="53" covered="53"/><counter type="LINE" missed="145" covered="236"/><counter type="COMPLEXITY" missed="58" covered="66"/><counter type="METHOD" missed="23" covered="48"/><counter type="CLASS" missed="0" covered="3"/></package><counter type="INSTRUCTION" missed="22105" covered="20096"/><counter type="BRANCH" missed="2343" covered="1502"/><counter type="LINE" missed="4760" covered="4081"/><counter type="COMPLEXITY" missed="1716" covered="913"/><counter type="METHOD" missed="276" covered="416"/><counter type="CLASS" missed="47" covered="80"/></report>